[ 2016-01-14T10:33:13+08:00 ] 192.168.191.9 /meixue/index.php/home/question/selectQuestionList?page=1
INFO: [ app_init ] --START--
INFO: Run Behavior\BuildLiteBehavior [ RunTime:0.000038s ]
INFO: [ app_init ] --END-- [ RunTime:0.019241s ]
INFO: [ app_begin ] --START--
INFO: Run Behavior\ReadHtmlCacheBehavior [ RunTime:0.034755s ]
INFO: [ app_begin ] --END-- [ RunTime:0.035142s ]
SQL: SHOW COLUMNS FROM `question` [ RunTime:0.2099s ]
SQL: select * from question order by created_at desc limit 0,20 [ RunTime:0.0009s ]
INFO: [ app_end ] --START--
INFO: Run Behavior\ShowPageTraceBehavior [ RunTime:0.019044s ]
INFO: [ app_end ] --END-- [ RunTime:0.019405s ]

[ 2016-01-14T10:33:15+08:00 ] 192.168.191.9 /meixue/index.php/home/question/questionsDetails?question_id=6
INFO: [ app_init ] --START--
INFO: Run Behavior\BuildLiteBehavior [ RunTime:0.000028s ]
INFO: [ app_init ] --END-- [ RunTime:0.000438s ]
INFO: [ app_begin ] --START--
INFO: Run Behavior\ReadHtmlCacheBehavior [ RunTime:0.000536s ]
INFO: [ app_begin ] --END-- [ RunTime:0.000675s ]
SQL: SHOW COLUMNS FROM `question` [ RunTime:0.0120s ]
SQL: SHOW COLUMNS FROM `question` [ RunTime:0.0096s ]
SQL: SELECT * FROM `question` WHERE `id` = 6  [ RunTime:0.0948s ]
SQL: SHOW COLUMNS FROM `user` [ RunTime:0.1100s ]
SQL: SELECT * FROM `user` WHERE `id` = 2  [ RunTime:0.0009s ]
INFO: [ app_end ] --START--
INFO: Run Behavior\ShowPageTraceBehavior [ RunTime:0.002149s ]
INFO: [ app_end ] --END-- [ RunTime:0.002790s ]

[ 2016-01-14T10:33:15+08:00 ] 192.168.191.9 /meixue/index.php/home/answer/answerList?question_id=6&page=1
INFO: [ app_init ] --START--
INFO: Run Behavior\BuildLiteBehavior [ RunTime:0.000070s ]
INFO: [ app_init ] --END-- [ RunTime:0.001028s ]
INFO: [ app_begin ] --START--
INFO: Run Behavior\ReadHtmlCacheBehavior [ RunTime:0.001054s ]
INFO: [ app_begin ] --END-- [ RunTime:0.001396s ]
SQL: SHOW COLUMNS FROM `answer` [ RunTime:0.0995s ]
SQL: SHOW COLUMNS FROM `user` [ RunTime:0.0198s ]
SQL: select * from answer where question_id = 6 order by created_at desc limit 0,20 [ RunTime:0.1074s ]
SQL: SELECT * FROM `user` WHERE `id` = 1  [ RunTime:0.0007s ]
SQL: SELECT * FROM `user` WHERE `id` = 2  [ RunTime:0.0006s ]
INFO: [ app_end ] --START--
INFO: Run Behavior\ShowPageTraceBehavior [ RunTime:0.001429s ]
INFO: [ app_end ] --END-- [ RunTime:0.001778s ]

[ 2016-01-14T10:33:28+08:00 ] 192.168.191.9 /meixue/index.php/home/user/login
INFO: [ app_init ] --START--
INFO: Run Behavior\BuildLiteBehavior [ RunTime:0.000070s ]
INFO: [ app_init ] --END-- [ RunTime:0.001016s ]
INFO: [ app_begin ] --START--
INFO: Run Behavior\ReadHtmlCacheBehavior [ RunTime:0.001031s ]
INFO: [ app_begin ] --END-- [ RunTime:0.001381s ]
SQL: SHOW COLUMNS FROM `user` [ RunTime:0.0145s ]
SQL: select * from user where email = 'ben@chamobile.com' and password = 'MTIzNDU2' [ RunTime:0.0006s ]
INFO: [ app_end ] --START--
INFO: Run Behavior\ShowPageTraceBehavior [ RunTime:0.000738s ]
INFO: [ app_end ] --END-- [ RunTime:0.001056s ]

[ 2016-01-14T10:33:30+08:00 ] 192.168.191.9 /meixue/index.php/home/answer/answerList?question_id=6&page=1
INFO: [ app_init ] --START--
INFO: Run Behavior\BuildLiteBehavior [ RunTime:0.000072s ]
INFO: [ app_init ] --END-- [ RunTime:0.001050s ]
INFO: [ app_begin ] --START--
INFO: Run Behavior\ReadHtmlCacheBehavior [ RunTime:0.001117s ]
INFO: [ app_begin ] --END-- [ RunTime:0.001590s ]
SQL: SHOW COLUMNS FROM `answer` [ RunTime:0.0547s ]
SQL: SHOW COLUMNS FROM `user` [ RunTime:0.0136s ]
SQL: select * from answer where question_id = 6 order by created_at desc limit 0,20 [ RunTime:0.0008s ]
SQL: SELECT * FROM `user` WHERE `id` = 1  [ RunTime:0.0007s ]
SQL: SELECT * FROM `user` WHERE `id` = 2  [ RunTime:0.0006s ]
INFO: [ app_end ] --START--
INFO: Run Behavior\ShowPageTraceBehavior [ RunTime:0.001397s ]
INFO: [ app_end ] --END-- [ RunTime:0.001757s ]

[ 2016-01-14T10:33:30+08:00 ] 192.168.191.9 /meixue/index.php/home/question/questionsDetails?question_id=6
INFO: [ app_init ] --START--
INFO: Run Behavior\BuildLiteBehavior [ RunTime:0.000061s ]
INFO: [ app_init ] --END-- [ RunTime:0.000787s ]
INFO: [ app_begin ] --START--
INFO: Run Behavior\ReadHtmlCacheBehavior [ RunTime:0.000728s ]
INFO: [ app_begin ] --END-- [ RunTime:0.001011s ]
SQL: SHOW COLUMNS FROM `question` [ RunTime:0.0238s ]
SQL: SHOW COLUMNS FROM `question` [ RunTime:0.0061s ]
SQL: SELECT * FROM `question` WHERE `id` = 6  [ RunTime:0.0004s ]
SQL: SHOW COLUMNS FROM `user` [ RunTime:0.0059s ]
SQL: SELECT * FROM `user` WHERE `id` = 2  [ RunTime:0.0004s ]
INFO: [ app_end ] --START--
INFO: Run Behavior\ShowPageTraceBehavior [ RunTime:0.000791s ]
INFO: [ app_end ] --END-- [ RunTime:0.000995s ]

[ 2016-01-14T10:33:39+08:00 ] 192.168.191.9 /meixue/index.php/home/questions/answers
INFO: [ app_init ] --START--
INFO: Run Behavior\BuildLiteBehavior [ RunTime:0.000030s ]
INFO: [ app_init ] --END-- [ RunTime:0.000418s ]
INFO: [ app_begin ] --START--
INFO: Run Behavior\ReadHtmlCacheBehavior [ RunTime:0.000402s ]
INFO: [ app_begin ] --END-- [ RunTime:0.000534s ]
ERR: 无法加载控制器:Questions

[ 2016-01-14T11:03:39+08:00 ] 192.168.191.9 /meixue/index.php/home/question/selectQuestionList?page=1
INFO: [ app_init ] --START--
INFO: Run Behavior\BuildLiteBehavior [ RunTime:0.000073s ]
INFO: [ app_init ] --END-- [ RunTime:0.001282s ]
INFO: [ app_begin ] --START--
INFO: Run Behavior\ReadHtmlCacheBehavior [ RunTime:0.000692s ]
INFO: [ app_begin ] --END-- [ RunTime:0.000826s ]
SQL: SHOW COLUMNS FROM `question` [ RunTime:0.0116s ]
SQL: select * from question order by created_at desc limit 0,20 [ RunTime:0.0004s ]
INFO: [ app_end ] --START--
INFO: Run Behavior\ShowPageTraceBehavior [ RunTime:0.000836s ]
INFO: [ app_end ] --END-- [ RunTime:0.000981s ]

[ 2016-01-14T11:03:41+08:00 ] 192.168.191.9 /meixue/index.php/home/answer/answerList?question_id=5&page=1
INFO: [ app_init ] --START--
INFO: Run Behavior\BuildLiteBehavior [ RunTime:0.000073s ]
INFO: [ app_init ] --END-- [ RunTime:0.001124s ]
INFO: [ app_begin ] --START--
INFO: Run Behavior\ReadHtmlCacheBehavior [ RunTime:0.000850s ]
INFO: [ app_begin ] --END-- [ RunTime:0.001097s ]
SQL: SHOW COLUMNS FROM `answer` [ RunTime:0.0083s ]
SQL: SHOW COLUMNS FROM `user` [ RunTime:0.0060s ]
SQL: select * from answer where question_id = 5 order by created_at desc limit 0,20 [ RunTime:0.0004s ]
NOTIC: [8] Undefined variable: allRet F:\wamp\www\meixue\Application\Home\Model\AnswerModel.class.php 第 32 行.
INFO: [ app_end ] --START--
INFO: Run Behavior\ShowPageTraceBehavior [ RunTime:0.000808s ]
INFO: [ app_end ] --END-- [ RunTime:0.000951s ]

[ 2016-01-14T11:03:41+08:00 ] 192.168.191.9 /meixue/index.php/home/question/questionsDetails?question_id=5
INFO: [ app_init ] --START--
INFO: Run Behavior\BuildLiteBehavior [ RunTime:0.000031s ]
INFO: [ app_init ] --END-- [ RunTime:0.000541s ]
INFO: [ app_begin ] --START--
INFO: Run Behavior\ReadHtmlCacheBehavior [ RunTime:0.000809s ]
INFO: [ app_begin ] --END-- [ RunTime:0.000958s ]
SQL: SHOW COLUMNS FROM `question` [ RunTime:0.0062s ]
SQL: SHOW COLUMNS FROM `question` [ RunTime:0.0042s ]
SQL: SELECT * FROM `question` WHERE `id` = 5  [ RunTime:0.0004s ]
SQL: SHOW COLUMNS FROM `user` [ RunTime:0.0045s ]
SQL: SELECT * FROM `user` WHERE `id` = 1  [ RunTime:0.0003s ]
INFO: [ app_end ] --START--
INFO: Run Behavior\ShowPageTraceBehavior [ RunTime:0.000820s ]
INFO: [ app_end ] --END-- [ RunTime:0.000971s ]

[ 2016-01-14T11:03:44+08:00 ] 192.168.191.9 /meixue/index.php/home/answer/answerList?question_id=6&page=1
INFO: [ app_init ] --START--
INFO: Run Behavior\BuildLiteBehavior [ RunTime:0.000097s ]
INFO: [ app_init ] --END-- [ RunTime:0.001215s ]
INFO: [ app_begin ] --START--
INFO: Run Behavior\ReadHtmlCacheBehavior [ RunTime:0.001874s ]
INFO: [ app_begin ] --END-- [ RunTime:0.002306s ]
SQL: SHOW COLUMNS FROM `answer` [ RunTime:0.0084s ]
SQL: SHOW COLUMNS FROM `user` [ RunTime:0.0063s ]
SQL: select * from answer where question_id = 6 order by created_at desc limit 0,20 [ RunTime:0.0004s ]
SQL: SELECT * FROM `user` WHERE `id` = 1  [ RunTime:0.0003s ]
SQL: SELECT * FROM `user` WHERE `id` = 2  [ RunTime:0.0002s ]
INFO: [ app_end ] --START--
INFO: Run Behavior\ShowPageTraceBehavior [ RunTime:0.000913s ]
INFO: [ app_end ] --END-- [ RunTime:0.001065s ]

[ 2016-01-14T11:03:44+08:00 ] 192.168.191.9 /meixue/index.php/home/question/questionsDetails?question_id=6
INFO: [ app_init ] --START--
INFO: Run Behavior\BuildLiteBehavior [ RunTime:0.000096s ]
INFO: [ app_init ] --END-- [ RunTime:0.001129s ]
INFO: [ app_begin ] --START--
INFO: Run Behavior\ReadHtmlCacheBehavior [ RunTime:0.001232s ]
INFO: [ app_begin ] --END-- [ RunTime:0.001467s ]
SQL: SHOW COLUMNS FROM `question` [ RunTime:0.0063s ]
SQL: SHOW COLUMNS FROM `question` [ RunTime:0.0041s ]
SQL: SELECT * FROM `question` WHERE `id` = 6  [ RunTime:0.0004s ]
SQL: SHOW COLUMNS FROM `user` [ RunTime:0.0041s ]
SQL: SELECT * FROM `user` WHERE `id` = 2  [ RunTime:0.0004s ]
INFO: [ app_end ] --START--
INFO: Run Behavior\ShowPageTraceBehavior [ RunTime:0.000827s ]
INFO: [ app_end ] --END-- [ RunTime:0.001018s ]

[ 2016-01-14T11:03:49+08:00 ] 192.168.191.9 /meixue/index.php/home/answer/answerList?question_id=1&page=1
INFO: [ app_init ] --START--
INFO: Run Behavior\BuildLiteBehavior [ RunTime:0.000071s ]
INFO: [ app_init ] --END-- [ RunTime:0.001151s ]
INFO: [ app_begin ] --START--
INFO: Run Behavior\ReadHtmlCacheBehavior [ RunTime:0.000738s ]
INFO: [ app_begin ] --END-- [ RunTime:0.000889s ]
SQL: SHOW COLUMNS FROM `answer` [ RunTime:0.0084s ]
SQL: SHOW COLUMNS FROM `user` [ RunTime:0.0065s ]
SQL: select * from answer where question_id = 1 order by created_at desc limit 0,20 [ RunTime:0.0004s ]
NOTIC: [8] Undefined variable: allRet F:\wamp\www\meixue\Application\Home\Model\AnswerModel.class.php 第 32 行.
INFO: [ app_end ] --START--
INFO: Run Behavior\ShowPageTraceBehavior [ RunTime:0.000802s ]
INFO: [ app_end ] --END-- [ RunTime:0.000944s ]

[ 2016-01-14T11:03:49+08:00 ] 192.168.191.9 /meixue/index.php/home/question/questionsDetails?question_id=1
INFO: [ app_init ] --START--
INFO: Run Behavior\BuildLiteBehavior [ RunTime:0.000031s ]
INFO: [ app_init ] --END-- [ RunTime:0.000487s ]
INFO: [ app_begin ] --START--
INFO: Run Behavior\ReadHtmlCacheBehavior [ RunTime:0.000687s ]
INFO: [ app_begin ] --END-- [ RunTime:0.000834s ]
SQL: SHOW COLUMNS FROM `question` [ RunTime:0.0062s ]
SQL: SHOW COLUMNS FROM `question` [ RunTime:0.0040s ]
SQL: SELECT * FROM `question` WHERE `id` = 1  [ RunTime:0.0003s ]
SQL: SHOW COLUMNS FROM `user` [ RunTime:0.0041s ]
SQL: SELECT * FROM `user` WHERE `id` = 1  [ RunTime:0.0004s ]
INFO: [ app_end ] --START--
INFO: Run Behavior\ShowPageTraceBehavior [ RunTime:0.000804s ]
INFO: [ app_end ] --END-- [ RunTime:0.000947s ]

[ 2016-01-14T11:04:34+08:00 ] ::1 /meixue/index.php/home/answer/answers
INFO: [ app_init ] --START--
INFO: Run Behavior\BuildLiteBehavior [ RunTime:0.000030s ]
INFO: [ app_init ] --END-- [ RunTime:0.000488s ]
INFO: [ app_begin ] --START--
INFO: Run Behavior\ReadHtmlCacheBehavior [ RunTime:0.000670s ]
INFO: [ app_begin ] --END-- [ RunTime:0.000814s ]
SQL: SHOW COLUMNS FROM `answer` [ RunTime:0.0476s ]
ERR: Think\Model:answers方法不存在！

[ 2016-01-14T11:05:20+08:00 ] ::1 /meixue/index.php/home/answer/answerList?question_id=6&page=1
INFO: [ app_init ] --START--
INFO: Run Behavior\BuildLiteBehavior [ RunTime:0.000103s ]
INFO: [ app_init ] --END-- [ RunTime:0.001472s ]
INFO: [ app_begin ] --START--
INFO: Run Behavior\ReadHtmlCacheBehavior [ RunTime:0.001421s ]
INFO: [ app_begin ] --END-- [ RunTime:0.001745s ]
SQL: SHOW COLUMNS FROM `answer` [ RunTime:0.0734s ]
SQL: SHOW COLUMNS FROM `user` [ RunTime:0.0067s ]
SQL: select * from answer where question_id = 6 order by created_at desc limit 0,20 [ RunTime:0.0005s ]
SQL: SELECT * FROM `user` WHERE `id` = 1  [ RunTime:0.0003s ]
SQL: SELECT * FROM `user` WHERE `id` = 2  [ RunTime:0.0003s ]
INFO: [ app_end ] --START--
INFO: Run Behavior\ShowPageTraceBehavior [ RunTime:0.000868s ]
INFO: [ app_end ] --END-- [ RunTime:0.001014s ]

[ 2016-01-14T11:05:34+08:00 ] ::1 /meixue/index.php/home/answer/answers
INFO: [ app_init ] --START--
INFO: Run Behavior\BuildLiteBehavior [ RunTime:0.000059s ]
INFO: [ app_init ] --END-- [ RunTime:0.001030s ]
INFO: [ app_begin ] --START--
INFO: Run Behavior\ReadHtmlCacheBehavior [ RunTime:0.002318s ]
INFO: [ app_begin ] --END-- [ RunTime:0.002667s ]
SQL: SHOW COLUMNS FROM `answer` [ RunTime:0.0094s ]
ERR: Think\Model:answers方法不存在！

[ 2016-01-14T11:05:42+08:00 ] ::1 /meixue/index.php/home/answer/answers
INFO: [ app_init ] --START--
INFO: Run Behavior\BuildLiteBehavior [ RunTime:0.000077s ]
INFO: [ app_init ] --END-- [ RunTime:0.001373s ]
INFO: [ app_begin ] --START--
INFO: Run Behavior\ReadHtmlCacheBehavior [ RunTime:0.001400s ]
INFO: [ app_begin ] --END-- [ RunTime:0.001595s ]
SQL: SHOW COLUMNS FROM `answer` [ RunTime:0.0090s ]
ERR: Think\Model:answers方法不存在！

[ 2016-01-14T11:19:13+08:00 ] ::1 /meixue/index.php/home/answer/answers
INFO: [ app_init ] --START--
INFO: Run Behavior\BuildLiteBehavior [ RunTime:0.000034s ]
INFO: [ app_init ] --END-- [ RunTime:0.000561s ]
INFO: [ app_begin ] --START--
INFO: Run Behavior\ReadHtmlCacheBehavior [ RunTime:0.000542s ]
INFO: [ app_begin ] --END-- [ RunTime:0.000697s ]
SQL: SHOW COLUMNS FROM `answer` [ RunTime:0.0083s ]
SQL: select * from answer where question_id = 6 order by created_at desc limit 0,1 [ RunTime:0.0004s ]
SQL: SHOW COLUMNS FROM `answer` [ RunTime:0.0058s ]
SQL: INSERT INTO `answer` (`user_id`,`question_id`,`content`,`is_true`,`to_user_id`,`floor`,`created_at`,`updated_at`) VALUES ('1','6','啦啦啦','0','1','2','2016-01-14 11:19:13','2016-01-14 11:19:13') [ RunTime:0.1541s ]
INFO: [ app_end ] --START--
INFO: Run Behavior\ShowPageTraceBehavior [ RunTime:0.001559s ]
INFO: [ app_end ] --END-- [ RunTime:0.001893s ]

[ 2016-01-14T11:20:22+08:00 ] ::1 /meixue/index.php/home/answer/answers
INFO: [ app_init ] --START--
INFO: Run Behavior\BuildLiteBehavior [ RunTime:0.000046s ]
INFO: [ app_init ] --END-- [ RunTime:0.000763s ]
INFO: [ app_begin ] --START--
INFO: Run Behavior\ReadHtmlCacheBehavior [ RunTime:0.001121s ]
INFO: [ app_begin ] --END-- [ RunTime:0.001298s ]
SQL: SHOW COLUMNS FROM `answer` [ RunTime:0.0081s ]
SQL: select * from answer where question_id = 6 order by created_at desc limit 0,1 [ RunTime:0.0003s ]
SQL: SHOW COLUMNS FROM `answer` [ RunTime:0.0040s ]
SQL: INSERT INTO `answer` (`user_id`,`question_id`,`content`,`is_true`,`to_user_id`,`floor`,`created_at`,`updated_at`) VALUES ('1','6','啦啦啦','0','1','3','2016-01-14 11:20:22','2016-01-14 11:20:22') [ RunTime:0.0983s ]
INFO: [ app_end ] --START--
INFO: Run Behavior\ShowPageTraceBehavior [ RunTime:0.001363s ]
INFO: [ app_end ] --END-- [ RunTime:0.001581s ]

[ 2016-01-14T11:20:53+08:00 ] ::1 /meixue/index.php/home/answer/answers
INFO: [ app_init ] --START--
INFO: Run Behavior\BuildLiteBehavior [ RunTime:0.000052s ]
INFO: [ app_init ] --END-- [ RunTime:0.000731s ]
INFO: [ app_begin ] --START--
INFO: Run Behavior\ReadHtmlCacheBehavior [ RunTime:0.001671s ]
INFO: [ app_begin ] --END-- [ RunTime:0.001939s ]
SQL: SHOW COLUMNS FROM `answer` [ RunTime:0.0126s ]
SQL: select * from answer where question_id = 1 order by created_at desc limit 0,1 [ RunTime:0.0004s ]
SQL: SHOW COLUMNS FROM `answer` [ RunTime:0.0041s ]
SQL: INSERT INTO `answer` (`user_id`,`question_id`,`content`,`is_true`,`to_user_id`,`floor`,`created_at`,`updated_at`) VALUES ('1','1','啦啦啦','0','1','1','2016-01-14 11:20:53','2016-01-14 11:20:53') [ RunTime:0.1253s ]
INFO: [ app_end ] --START--
INFO: Run Behavior\ShowPageTraceBehavior [ RunTime:0.003061s ]
INFO: [ app_end ] --END-- [ RunTime:0.003434s ]

[ 2016-01-14T11:21:11+08:00 ] ::1 /meixue/index.php/home/answer/answers
INFO: [ app_init ] --START--
INFO: Run Behavior\BuildLiteBehavior [ RunTime:0.000031s ]
INFO: [ app_init ] --END-- [ RunTime:0.000613s ]
INFO: [ app_begin ] --START--
INFO: Run Behavior\ReadHtmlCacheBehavior [ RunTime:0.001064s ]
INFO: [ app_begin ] --END-- [ RunTime:0.001331s ]
SQL: SHOW COLUMNS FROM `answer` [ RunTime:0.0097s ]
SQL: select * from answer where question_id = 1 order by created_at desc limit 0,1 [ RunTime:0.0004s ]
SQL: SHOW COLUMNS FROM `answer` [ RunTime:0.0041s ]
SQL: INSERT INTO `answer` (`user_id`,`question_id`,`content`,`is_true`,`to_user_id`,`floor`,`created_at`,`updated_at`) VALUES ('1','1','啦啦啦','0','1','2','2016-01-14 11:21:11','2016-01-14 11:21:11') [ RunTime:0.0566s ]
INFO: [ app_end ] --START--
INFO: Run Behavior\ShowPageTraceBehavior [ RunTime:0.001276s ]
INFO: [ app_end ] --END-- [ RunTime:0.001417s ]

[ 2016-01-14T11:21:34+08:00 ] 192.168.191.9 /meixue/index.php/home/answer/answerList?question_id=6&page=1
INFO: [ app_init ] --START--
INFO: Run Behavior\BuildLiteBehavior [ RunTime:0.000036s ]
INFO: [ app_init ] --END-- [ RunTime:0.000830s ]
INFO: [ app_begin ] --START--
INFO: Run Behavior\ReadHtmlCacheBehavior [ RunTime:0.001333s ]
INFO: [ app_begin ] --END-- [ RunTime:0.001548s ]
SQL: SHOW COLUMNS FROM `answer` [ RunTime:0.0093s ]
SQL: SHOW COLUMNS FROM `user` [ RunTime:0.0086s ]
SQL: select * from answer where question_id = 6 order by created_at desc limit 0,20 [ RunTime:0.0004s ]
SQL: SELECT * FROM `user` WHERE `id` = 1  [ RunTime:0.0003s ]
SQL: SELECT * FROM `user` WHERE `id` = 1  [ RunTime:0.0003s ]
SQL: SELECT * FROM `user` WHERE `id` = 1  [ RunTime:0.0003s ]
INFO: [ app_end ] --START--
INFO: Run Behavior\ShowPageTraceBehavior [ RunTime:0.001442s ]
INFO: [ app_end ] --END-- [ RunTime:0.001585s ]

[ 2016-01-14T11:21:37+08:00 ] 192.168.191.9 /meixue/index.php/home/question/questionsDetails?question_id=6
INFO: [ app_init ] --START--
INFO: Run Behavior\BuildLiteBehavior [ RunTime:0.000082s ]
INFO: [ app_init ] --END-- [ RunTime:0.000613s ]
INFO: [ app_begin ] --START--
INFO: Run Behavior\ReadHtmlCacheBehavior [ RunTime:0.000795s ]
INFO: [ app_begin ] --END-- [ RunTime:0.000946s ]
SQL: SHOW COLUMNS FROM `question` [ RunTime:0.0083s ]
SQL: SHOW COLUMNS FROM `question` [ RunTime:0.0043s ]
SQL: SELECT * FROM `question` WHERE `id` = 6  [ RunTime:0.0004s ]
SQL: SHOW COLUMNS FROM `user` [ RunTime:0.0060s ]
SQL: SELECT * FROM `user` WHERE `id` = 2  [ RunTime:0.0004s ]
INFO: [ app_end ] --START--
INFO: Run Behavior\ShowPageTraceBehavior [ RunTime:0.000760s ]
INFO: [ app_end ] --END-- [ RunTime:0.000892s ]

[ 2016-01-14T11:21:43+08:00 ] 192.168.191.9 /meixue/index.php/home/answer/answerList?question_id=6&page=1
INFO: [ app_init ] --START--
INFO: Run Behavior\BuildLiteBehavior [ RunTime:0.000073s ]
INFO: [ app_init ] --END-- [ RunTime:0.001165s ]
INFO: [ app_begin ] --START--
INFO: Run Behavior\ReadHtmlCacheBehavior [ RunTime:0.001517s ]
INFO: [ app_begin ] --END-- [ RunTime:0.001866s ]
SQL: SHOW COLUMNS FROM `answer` [ RunTime:0.0089s ]
SQL: SHOW COLUMNS FROM `user` [ RunTime:0.0065s ]
SQL: select * from answer where question_id = 6 order by created_at desc limit 0,20 [ RunTime:0.0004s ]
SQL: SELECT * FROM `user` WHERE `id` = 1  [ RunTime:0.0003s ]
SQL: SELECT * FROM `user` WHERE `id` = 1  [ RunTime:0.0003s ]
SQL: SELECT * FROM `user` WHERE `id` = 1  [ RunTime:0.0003s ]
INFO: [ app_end ] --START--
INFO: Run Behavior\ShowPageTraceBehavior [ RunTime:0.000790s ]
INFO: [ app_end ] --END-- [ RunTime:0.000949s ]

[ 2016-01-14T11:21:43+08:00 ] 192.168.191.9 /meixue/index.php/home/question/questionsDetails?question_id=6
INFO: [ app_init ] --START--
INFO: Run Behavior\BuildLiteBehavior [ RunTime:0.000043s ]
INFO: [ app_init ] --END-- [ RunTime:0.000771s ]
INFO: [ app_begin ] --START--
INFO: Run Behavior\ReadHtmlCacheBehavior [ RunTime:0.001497s ]
INFO: [ app_begin ] --END-- [ RunTime:0.001729s ]
SQL: SHOW COLUMNS FROM `question` [ RunTime:0.0061s ]
SQL: SHOW COLUMNS FROM `question` [ RunTime:0.0041s ]
SQL: SELECT * FROM `question` WHERE `id` = 6  [ RunTime:0.0004s ]
SQL: SHOW COLUMNS FROM `user` [ RunTime:0.0043s ]
SQL: SELECT * FROM `user` WHERE `id` = 2  [ RunTime:0.0004s ]
INFO: [ app_end ] --START--
INFO: Run Behavior\ShowPageTraceBehavior [ RunTime:0.001235s ]
INFO: [ app_end ] --END-- [ RunTime:0.001389s ]

[ 2016-01-14T11:21:57+08:00 ] 192.168.191.9 /meixue/index.php/home/question/questionsDetails?question_id=5
INFO: [ app_init ] --START--
INFO: Run Behavior\BuildLiteBehavior [ RunTime:0.000038s ]
INFO: [ app_init ] --END-- [ RunTime:0.000599s ]
INFO: [ app_begin ] --START--
INFO: Run Behavior\ReadHtmlCacheBehavior [ RunTime:0.000812s ]
INFO: [ app_begin ] --END-- [ RunTime:0.001001s ]
SQL: SHOW COLUMNS FROM `question` [ RunTime:0.0107s ]
SQL: SHOW COLUMNS FROM `question` [ RunTime:0.0048s ]
SQL: SELECT * FROM `question` WHERE `id` = 5  [ RunTime:0.0003s ]
SQL: SHOW COLUMNS FROM `user` [ RunTime:0.0061s ]
SQL: SELECT * FROM `user` WHERE `id` = 1  [ RunTime:0.0003s ]
INFO: [ app_end ] --START--
INFO: Run Behavior\ShowPageTraceBehavior [ RunTime:0.000739s ]
INFO: [ app_end ] --END-- [ RunTime:0.000900s ]

[ 2016-01-14T11:21:58+08:00 ] 192.168.191.9 /meixue/index.php/home/answer/answerList?question_id=5&page=1
INFO: [ app_init ] --START--
INFO: Run Behavior\BuildLiteBehavior [ RunTime:0.000038s ]
INFO: [ app_init ] --END-- [ RunTime:0.000780s ]
INFO: [ app_begin ] --START--
INFO: Run Behavior\ReadHtmlCacheBehavior [ RunTime:0.001350s ]
INFO: [ app_begin ] --END-- [ RunTime:0.001545s ]
SQL: SHOW COLUMNS FROM `answer` [ RunTime:0.0083s ]
SQL: SHOW COLUMNS FROM `user` [ RunTime:0.0062s ]
SQL: select * from answer where question_id = 5 order by created_at desc limit 0,20 [ RunTime:0.0004s ]
NOTIC: [8] Undefined variable: allRet F:\wamp\www\meixue\Application\Home\Model\AnswerModel.class.php 第 32 行.
INFO: [ app_end ] --START--
INFO: Run Behavior\ShowPageTraceBehavior [ RunTime:0.001457s ]
INFO: [ app_end ] --END-- [ RunTime:0.001627s ]

[ 2016-01-14T11:22:02+08:00 ] 192.168.191.9 /meixue/index.php/home/answer/answerList?question_id=2&page=1
INFO: [ app_init ] --START--
INFO: Run Behavior\BuildLiteBehavior [ RunTime:0.000072s ]
INFO: [ app_init ] --END-- [ RunTime:0.001218s ]
INFO: [ app_begin ] --START--
INFO: Run Behavior\ReadHtmlCacheBehavior [ RunTime:0.001427s ]
INFO: [ app_begin ] --END-- [ RunTime:0.001916s ]
SQL: SHOW COLUMNS FROM `answer` [ RunTime:0.0099s ]
SQL: SHOW COLUMNS FROM `user` [ RunTime:0.0068s ]
SQL: select * from answer where question_id = 2 order by created_at desc limit 0,20 [ RunTime:0.0004s ]
NOTIC: [8] Undefined variable: allRet F:\wamp\www\meixue\Application\Home\Model\AnswerModel.class.php 第 32 行.
INFO: [ app_end ] --START--
INFO: Run Behavior\ShowPageTraceBehavior [ RunTime:0.000755s ]
INFO: [ app_end ] --END-- [ RunTime:0.000889s ]

[ 2016-01-14T11:22:02+08:00 ] 192.168.191.9 /meixue/index.php/home/question/questionsDetails?question_id=2
INFO: [ app_init ] --START--
INFO: Run Behavior\BuildLiteBehavior [ RunTime:0.000034s ]
INFO: [ app_init ] --END-- [ RunTime:0.000674s ]
INFO: [ app_begin ] --START--
INFO: Run Behavior\ReadHtmlCacheBehavior [ RunTime:0.001214s ]
INFO: [ app_begin ] --END-- [ RunTime:0.001462s ]
SQL: SHOW COLUMNS FROM `question` [ RunTime:0.0064s ]
SQL: SHOW COLUMNS FROM `question` [ RunTime:0.0043s ]
SQL: SELECT * FROM `question` WHERE `id` = 2  [ RunTime:0.0005s ]
SQL: SHOW COLUMNS FROM `user` [ RunTime:0.0043s ]
SQL: SELECT * FROM `user` WHERE `id` = 1  [ RunTime:0.0004s ]
INFO: [ app_end ] --START--
INFO: Run Behavior\ShowPageTraceBehavior [ RunTime:0.001237s ]
INFO: [ app_end ] --END-- [ RunTime:0.001395s ]

[ 2016-01-14T11:22:05+08:00 ] 192.168.191.9 /meixue/index.php/home/answer/answerList?question_id=1&page=1
INFO: [ app_init ] --START--
INFO: Run Behavior\BuildLiteBehavior [ RunTime:0.000121s ]
INFO: [ app_init ] --END-- [ RunTime:0.001755s ]
INFO: [ app_begin ] --START--
INFO: Run Behavior\ReadHtmlCacheBehavior [ RunTime:0.001535s ]
INFO: [ app_begin ] --END-- [ RunTime:0.001894s ]
SQL: SHOW COLUMNS FROM `answer` [ RunTime:0.0084s ]
SQL: SHOW COLUMNS FROM `user` [ RunTime:0.0058s ]
SQL: select * from answer where question_id = 1 order by created_at desc limit 0,20 [ RunTime:0.0004s ]
SQL: SELECT * FROM `user` WHERE `id` = 1  [ RunTime:0.0002s ]
SQL: SELECT * FROM `user` WHERE `id` = 1  [ RunTime:0.0002s ]
INFO: [ app_end ] --START--
INFO: Run Behavior\ShowPageTraceBehavior [ RunTime:0.000760s ]
INFO: [ app_end ] --END-- [ RunTime:0.000897s ]

[ 2016-01-14T11:22:05+08:00 ] 192.168.191.9 /meixue/index.php/home/question/questionsDetails?question_id=1
INFO: [ app_init ] --START--
INFO: Run Behavior\BuildLiteBehavior [ RunTime:0.000032s ]
INFO: [ app_init ] --END-- [ RunTime:0.000632s ]
INFO: [ app_begin ] --START--
INFO: Run Behavior\ReadHtmlCacheBehavior [ RunTime:0.001144s ]
INFO: [ app_begin ] --END-- [ RunTime:0.001327s ]
SQL: SHOW COLUMNS FROM `question` [ RunTime:0.0063s ]
SQL: SHOW COLUMNS FROM `question` [ RunTime:0.0040s ]
SQL: SELECT * FROM `question` WHERE `id` = 1  [ RunTime:0.0004s ]
SQL: SHOW COLUMNS FROM `user` [ RunTime:0.0046s ]
SQL: SELECT * FROM `user` WHERE `id` = 1  [ RunTime:0.0004s ]
INFO: [ app_end ] --START--
INFO: Run Behavior\ShowPageTraceBehavior [ RunTime:0.001295s ]
INFO: [ app_end ] --END-- [ RunTime:0.001457s ]

[ 2016-01-14T11:25:09+08:00 ] 192.168.191.9 /meixue/index.php/home/question/myQuestionsList?user_id=1&page=1
INFO: [ app_init ] --START--
INFO: Run Behavior\BuildLiteBehavior [ RunTime:0.000072s ]
INFO: [ app_init ] --END-- [ RunTime:0.001306s ]
INFO: [ app_begin ] --START--
INFO: Run Behavior\ReadHtmlCacheBehavior [ RunTime:0.000768s ]
INFO: [ app_begin ] --END-- [ RunTime:0.000977s ]

[ 2016-01-14T11:25:11+08:00 ] 192.168.191.9 /meixue/index.php/home/question/myQuestionsList?user_id=1&page=1
INFO: [ app_init ] --START--
INFO: Run Behavior\BuildLiteBehavior [ RunTime:0.000032s ]
INFO: [ app_init ] --END-- [ RunTime:0.000792s ]
INFO: [ app_begin ] --START--
INFO: Run Behavior\ReadHtmlCacheBehavior [ RunTime:0.000809s ]
INFO: [ app_begin ] --END-- [ RunTime:0.000968s ]

[ 2016-01-14T11:25:12+08:00 ] 192.168.191.9 /meixue/index.php/home/question/myQuestionsList?user_id=1&page=1
INFO: [ app_init ] --START--
INFO: Run Behavior\BuildLiteBehavior [ RunTime:0.000079s ]
INFO: [ app_init ] --END-- [ RunTime:0.001500s ]
INFO: [ app_begin ] --START--
INFO: Run Behavior\ReadHtmlCacheBehavior [ RunTime:0.001310s ]
INFO: [ app_begin ] --END-- [ RunTime:0.001623s ]

[ 2016-01-14T11:25:12+08:00 ] 192.168.191.9 /meixue/index.php/home/question/myQuestionsList?user_id=1&page=1
INFO: [ app_init ] --START--
INFO: Run Behavior\BuildLiteBehavior [ RunTime:0.000072s ]
INFO: [ app_init ] --END-- [ RunTime:0.001246s ]
INFO: [ app_begin ] --START--
INFO: Run Behavior\ReadHtmlCacheBehavior [ RunTime:0.000744s ]
INFO: [ app_begin ] --END-- [ RunTime:0.000909s ]

[ 2016-01-14T11:25:13+08:00 ] 192.168.191.9 /meixue/index.php/home/question/myQuestionsList?user_id=1&page=1
INFO: [ app_init ] --START--
INFO: Run Behavior\BuildLiteBehavior [ RunTime:0.000029s ]
INFO: [ app_init ] --END-- [ RunTime:0.000527s ]
INFO: [ app_begin ] --START--
INFO: Run Behavior\ReadHtmlCacheBehavior [ RunTime:0.000795s ]
INFO: [ app_begin ] --END-- [ RunTime:0.000940s ]

[ 2016-01-14T11:25:14+08:00 ] 192.168.191.9 /meixue/index.php/home/question/myQuestionsList?user_id=1&page=1
INFO: [ app_init ] --START--
INFO: Run Behavior\BuildLiteBehavior [ RunTime:0.000040s ]
INFO: [ app_init ] --END-- [ RunTime:0.000669s ]
INFO: [ app_begin ] --START--
INFO: Run Behavior\ReadHtmlCacheBehavior [ RunTime:0.000992s ]
INFO: [ app_begin ] --END-- [ RunTime:0.001186s ]

[ 2016-01-14T11:25:14+08:00 ] 192.168.191.9 /meixue/index.php/home/question/myQuestionsList?user_id=1&page=1
INFO: [ app_init ] --START--
INFO: Run Behavior\BuildLiteBehavior [ RunTime:0.000103s ]
INFO: [ app_init ] --END-- [ RunTime:0.001532s ]
INFO: [ app_begin ] --START--
INFO: Run Behavior\ReadHtmlCacheBehavior [ RunTime:0.001948s ]
INFO: [ app_begin ] --END-- [ RunTime:0.002475s ]

[ 2016-01-14T11:25:15+08:00 ] 192.168.191.9 /meixue/index.php/home/question/myQuestionsList?user_id=1&page=1
INFO: [ app_init ] --START--
INFO: Run Behavior\BuildLiteBehavior [ RunTime:0.000030s ]
INFO: [ app_init ] --END-- [ RunTime:0.000531s ]
INFO: [ app_begin ] --START--
INFO: Run Behavior\ReadHtmlCacheBehavior [ RunTime:0.000793s ]
INFO: [ app_begin ] --END-- [ RunTime:0.000935s ]

[ 2016-01-14T11:25:16+08:00 ] 192.168.191.9 /meixue/index.php/home/question/myQuestionsList?user_id=1&page=1
INFO: [ app_init ] --START--
INFO: Run Behavior\BuildLiteBehavior [ RunTime:0.000072s ]
INFO: [ app_init ] --END-- [ RunTime:0.001407s ]
INFO: [ app_begin ] --START--
INFO: Run Behavior\ReadHtmlCacheBehavior [ RunTime:0.000758s ]
INFO: [ app_begin ] --END-- [ RunTime:0.000948s ]

[ 2016-01-14T11:25:51+08:00 ] 192.168.191.9 /meixue/index.php/home/answer/answerList?question_id=4&page=1
INFO: [ app_init ] --START--
INFO: Run Behavior\BuildLiteBehavior [ RunTime:0.000048s ]
INFO: [ app_init ] --END-- [ RunTime:0.000753s ]
INFO: [ app_begin ] --START--
INFO: Run Behavior\ReadHtmlCacheBehavior [ RunTime:0.001211s ]
INFO: [ app_begin ] --END-- [ RunTime:0.001509s ]
SQL: SHOW COLUMNS FROM `answer` [ RunTime:0.0089s ]
SQL: SHOW COLUMNS FROM `user` [ RunTime:0.0063s ]
SQL: select * from answer where question_id = 4 order by created_at desc limit 0,20 [ RunTime:0.0005s ]
NOTIC: [8] Undefined variable: allRet F:\wamp\www\meixue\Application\Home\Model\AnswerModel.class.php 第 32 行.
INFO: [ app_end ] --START--
INFO: Run Behavior\ShowPageTraceBehavior [ RunTime:0.000943s ]
INFO: [ app_end ] --END-- [ RunTime:0.001093s ]

[ 2016-01-14T11:25:51+08:00 ] 192.168.191.9 /meixue/index.php/home/question/questionsDetails?question_id=4
INFO: [ app_init ] --START--
INFO: Run Behavior\BuildLiteBehavior [ RunTime:0.000031s ]
INFO: [ app_init ] --END-- [ RunTime:0.000478s ]
INFO: [ app_begin ] --START--
INFO: Run Behavior\ReadHtmlCacheBehavior [ RunTime:0.000602s ]
INFO: [ app_begin ] --END-- [ RunTime:0.000749s ]

[ 2016-01-14T11:25:55+08:00 ] 192.168.191.9 /meixue/index.php/home/question/myQuestionsList?user_id=1&page=1
INFO: [ app_init ] --START--
INFO: Run Behavior\BuildLiteBehavior [ RunTime:0.000042s ]
INFO: [ app_init ] --END-- [ RunTime:0.000686s ]
INFO: [ app_begin ] --START--
INFO: Run Behavior\ReadHtmlCacheBehavior [ RunTime:0.001124s ]
INFO: [ app_begin ] --END-- [ RunTime:0.001402s ]

[ 2016-01-14T11:50:35+08:00 ] ::1 /meixue/index.php/home/question/questionsDelete
INFO: [ app_init ] --START--
INFO: Run Behavior\BuildLiteBehavior [ RunTime:0.000039s ]
INFO: [ app_init ] --END-- [ RunTime:0.000619s ]
INFO: [ app_begin ] --START--
INFO: Run Behavior\ReadHtmlCacheBehavior [ RunTime:0.000733s ]
INFO: [ app_begin ] --END-- [ RunTime:0.000956s ]
SQL: SHOW COLUMNS FROM `question` [ RunTime:0.0122s ]
SQL: SHOW COLUMNS FROM `question` [ RunTime:0.0041s ]
SQL: DELETE FROM `question` WHERE `id` = 2 [ RunTime:0.2151s ]
INFO: [ app_end ] --START--
INFO: Run Behavior\ShowPageTraceBehavior [ RunTime:0.002210s ]
INFO: [ app_end ] --END-- [ RunTime:0.002747s ]

[ 2016-01-14T11:51:20+08:00 ] 192.168.191.9 /meixue/index.php/home/answer/answerList?question_id=4&page=1
INFO: [ app_init ] --START--
INFO: Run Behavior\BuildLiteBehavior [ RunTime:0.000048s ]
INFO: [ app_init ] --END-- [ RunTime:0.000795s ]
INFO: [ app_begin ] --START--
INFO: Run Behavior\ReadHtmlCacheBehavior [ RunTime:0.000955s ]
INFO: [ app_begin ] --END-- [ RunTime:0.001187s ]
SQL: SHOW COLUMNS FROM `answer` [ RunTime:0.0224s ]
SQL: SHOW COLUMNS FROM `user` [ RunTime:0.0299s ]
SQL: select * from answer where question_id = 4 order by created_at desc limit 0,20 [ RunTime:0.0007s ]
NOTIC: [8] Undefined variable: allRet F:\wamp\www\meixue\Application\Home\Model\AnswerModel.class.php 第 32 行.
INFO: [ app_end ] --START--
INFO: Run Behavior\ShowPageTraceBehavior [ RunTime:0.002560s ]
INFO: [ app_end ] --END-- [ RunTime:0.003255s ]

[ 2016-01-14T11:51:20+08:00 ] 192.168.191.9 /meixue/index.php/home/question/questionsDetails?question_id=4
INFO: [ app_init ] --START--
INFO: Run Behavior\BuildLiteBehavior [ RunTime:0.000074s ]
INFO: [ app_init ] --END-- [ RunTime:0.001383s ]
INFO: [ app_begin ] --START--
INFO: Run Behavior\ReadHtmlCacheBehavior [ RunTime:0.000938s ]
INFO: [ app_begin ] --END-- [ RunTime:0.001166s ]
SQL: SHOW COLUMNS FROM `question` [ RunTime:0.0083s ]
SQL: SHOW COLUMNS FROM `question` [ RunTime:0.0050s ]
SQL: SELECT * FROM `question` WHERE `id` = 4  [ RunTime:0.0004s ]
SQL: SHOW COLUMNS FROM `user` [ RunTime:0.0050s ]
SQL: SELECT * FROM `user` WHERE `id` = 1  [ RunTime:0.0004s ]
INFO: [ app_end ] --START--
INFO: Run Behavior\ShowPageTraceBehavior [ RunTime:0.001472s ]
INFO: [ app_end ] --END-- [ RunTime:0.001690s ]

[ 2016-01-14T11:51:21+08:00 ] 192.168.191.9 /meixue/index.php/home/question/myQuestionsList?user_id=1&page=1
INFO: [ app_init ] --START--
INFO: Run Behavior\BuildLiteBehavior [ RunTime:0.000038s ]
INFO: [ app_init ] --END-- [ RunTime:0.000706s ]
INFO: [ app_begin ] --START--
INFO: Run Behavior\ReadHtmlCacheBehavior [ RunTime:0.000932s ]
INFO: [ app_begin ] --END-- [ RunTime:0.001117s ]
SQL: SHOW COLUMNS FROM `question` [ RunTime:0.0086s ]
SQL: select * from question where user_id = 1 order by created_at desc limit 0,20 [ RunTime:0.0004s ]
INFO: [ app_end ] --START--
INFO: Run Behavior\ShowPageTraceBehavior [ RunTime:0.000816s ]
INFO: [ app_end ] --END-- [ RunTime:0.000965s ]

[ 2016-01-14T11:51:22+08:00 ] 192.168.191.9 /meixue/index.php/home/question/myQuestionsList?user_id=1&page=1
INFO: [ app_init ] --START--
INFO: Run Behavior\BuildLiteBehavior [ RunTime:0.000071s ]
INFO: [ app_init ] --END-- [ RunTime:0.001202s ]
INFO: [ app_begin ] --START--
INFO: Run Behavior\ReadHtmlCacheBehavior [ RunTime:0.001453s ]
INFO: [ app_begin ] --END-- [ RunTime:0.001886s ]
SQL: SHOW COLUMNS FROM `question` [ RunTime:0.0084s ]
SQL: select * from question where user_id = 1 order by created_at desc limit 0,20 [ RunTime:0.0005s ]
INFO: [ app_end ] --START--
INFO: Run Behavior\ShowPageTraceBehavior [ RunTime:0.000762s ]
INFO: [ app_end ] --END-- [ RunTime:0.000945s ]

[ 2016-01-14T11:51:24+08:00 ] 192.168.191.9 /meixue/index.php/home/question/selectQuestionList?page=1
INFO: [ app_init ] --START--
INFO: Run Behavior\BuildLiteBehavior [ RunTime:0.000072s ]
INFO: [ app_init ] --END-- [ RunTime:0.001266s ]
INFO: [ app_begin ] --START--
INFO: Run Behavior\ReadHtmlCacheBehavior [ RunTime:0.001684s ]
INFO: [ app_begin ] --END-- [ RunTime:0.002030s ]
SQL: SHOW COLUMNS FROM `question` [ RunTime:0.0109s ]
SQL: select * from question order by created_at desc limit 0,20 [ RunTime:0.0004s ]
INFO: [ app_end ] --START--
INFO: Run Behavior\ShowPageTraceBehavior [ RunTime:0.000844s ]
INFO: [ app_end ] --END-- [ RunTime:0.000999s ]

[ 2016-01-14T11:51:29+08:00 ] 192.168.191.9 /meixue/index.php/home/question/myQuestionsList?user_id=1&page=1
INFO: [ app_init ] --START--
INFO: Run Behavior\BuildLiteBehavior [ RunTime:0.000041s ]
INFO: [ app_init ] --END-- [ RunTime:0.000715s ]
INFO: [ app_begin ] --START--
INFO: Run Behavior\ReadHtmlCacheBehavior [ RunTime:0.000920s ]
INFO: [ app_begin ] --END-- [ RunTime:0.001149s ]
SQL: SHOW COLUMNS FROM `question` [ RunTime:0.0085s ]
SQL: select * from question where user_id = 1 order by created_at desc limit 0,20 [ RunTime:0.0005s ]
INFO: [ app_end ] --START--
INFO: Run Behavior\ShowPageTraceBehavior [ RunTime:0.000947s ]
INFO: [ app_end ] --END-- [ RunTime:0.001145s ]

[ 2016-01-14T11:51:34+08:00 ] 192.168.191.9 /meixue/index.php/home/questions/destroy
INFO: [ app_init ] --START--
INFO: Run Behavior\BuildLiteBehavior [ RunTime:0.000071s ]
INFO: [ app_init ] --END-- [ RunTime:0.001254s ]
INFO: [ app_begin ] --START--
INFO: Run Behavior\ReadHtmlCacheBehavior [ RunTime:0.001654s ]
INFO: [ app_begin ] --END-- [ RunTime:0.002015s ]
ERR: 无法加载控制器:Questions

[ 2016-01-14T11:51:38+08:00 ] 192.168.191.9 /meixue/index.php/home/questions/destroy
INFO: [ app_init ] --START--
INFO: Run Behavior\BuildLiteBehavior [ RunTime:0.000031s ]
INFO: [ app_init ] --END-- [ RunTime:0.000509s ]
INFO: [ app_begin ] --START--
INFO: Run Behavior\ReadHtmlCacheBehavior [ RunTime:0.000652s ]
INFO: [ app_begin ] --END-- [ RunTime:0.000793s ]
ERR: 无法加载控制器:Questions

[ 2016-01-14T11:52:05+08:00 ] 192.168.191.9 /meixue/index.php/home/answer/answerList?question_id=6&page=1
INFO: [ app_init ] --START--
INFO: Run Behavior\BuildLiteBehavior [ RunTime:0.000047s ]
INFO: [ app_init ] --END-- [ RunTime:0.000757s ]
INFO: [ app_begin ] --START--
INFO: Run Behavior\ReadHtmlCacheBehavior [ RunTime:0.000729s ]
INFO: [ app_begin ] --END-- [ RunTime:0.000912s ]
SQL: SHOW COLUMNS FROM `answer` [ RunTime:0.0330s ]
SQL: SHOW COLUMNS FROM `user` [ RunTime:0.0063s ]
SQL: select * from answer where question_id = 6 order by created_at desc limit 0,20 [ RunTime:0.0004s ]
SQL: SELECT * FROM `user` WHERE `id` = 1  [ RunTime:0.0003s ]
SQL: SELECT * FROM `user` WHERE `id` = 1  [ RunTime:0.0003s ]
SQL: SELECT * FROM `user` WHERE `id` = 1  [ RunTime:0.0002s ]
INFO: [ app_end ] --START--
INFO: Run Behavior\ShowPageTraceBehavior [ RunTime:0.000866s ]
INFO: [ app_end ] --END-- [ RunTime:0.001007s ]

[ 2016-01-14T11:52:05+08:00 ] 192.168.191.9 /meixue/index.php/home/question/questionsDetails?question_id=6
INFO: [ app_init ] --START--
INFO: Run Behavior\BuildLiteBehavior [ RunTime:0.000034s ]
INFO: [ app_init ] --END-- [ RunTime:0.000611s ]
INFO: [ app_begin ] --START--
INFO: Run Behavior\ReadHtmlCacheBehavior [ RunTime:0.000651s ]
INFO: [ app_begin ] --END-- [ RunTime:0.000794s ]
SQL: SHOW COLUMNS FROM `question` [ RunTime:0.0065s ]
SQL: SHOW COLUMNS FROM `question` [ RunTime:0.0045s ]
SQL: SELECT * FROM `question` WHERE `id` = 6  [ RunTime:0.0004s ]
SQL: SHOW COLUMNS FROM `user` [ RunTime:0.0043s ]
SQL: SELECT * FROM `user` WHERE `id` = 2  [ RunTime:0.0004s ]
INFO: [ app_end ] --START--
INFO: Run Behavior\ShowPageTraceBehavior [ RunTime:0.000997s ]
INFO: [ app_end ] --END-- [ RunTime:0.001213s ]

[ 2016-01-14T13:05:57+08:00 ] ::1 /meixue/index.php/home/answer/myAnswers?user_id=1&page=1
INFO: [ app_init ] --START--
INFO: Run Behavior\BuildLiteBehavior [ RunTime:0.000033s ]
INFO: [ app_init ] --END-- [ RunTime:0.000561s ]
INFO: [ app_begin ] --START--
INFO: Run Behavior\ReadHtmlCacheBehavior [ RunTime:0.000623s ]
INFO: [ app_begin ] --END-- [ RunTime:0.000770s ]
SQL: SHOW COLUMNS FROM `answer` [ RunTime:0.0104s ]
SQL: select * from answer where user_id = 1 order by created_at desc limit 0,20 [ RunTime:0.0006s ]
SQL: select * from question where id = 1 [ RunTime:0.0003s ]
SQL: select * from question where id = 1 [ RunTime:0.0002s ]
SQL: select * from question where id = 6 [ RunTime:0.0002s ]
SQL: select * from question where id = 6 [ RunTime:0.0002s ]
SQL: select * from question where id = 6 [ RunTime:0.0003s ]
INFO: [ app_end ] --START--
INFO: Run Behavior\ShowPageTraceBehavior [ RunTime:0.000849s ]
INFO: [ app_end ] --END-- [ RunTime:0.001010s ]

[ 2016-01-14T13:06:23+08:00 ] ::1 /meixue/index.php/home/answer/myAnswers?user_id=1&page=2
INFO: [ app_init ] --START--
INFO: Run Behavior\BuildLiteBehavior [ RunTime:0.000077s ]
INFO: [ app_init ] --END-- [ RunTime:0.001623s ]
INFO: [ app_begin ] --START--
INFO: Run Behavior\ReadHtmlCacheBehavior [ RunTime:0.000752s ]
INFO: [ app_begin ] --END-- [ RunTime:0.000925s ]
SQL: SHOW COLUMNS FROM `answer` [ RunTime:0.0105s ]
SQL: select * from answer where user_id = 1 order by created_at desc limit 20,20 [ RunTime:0.0006s ]
INFO: [ app_end ] --START--
INFO: Run Behavior\ShowPageTraceBehavior [ RunTime:0.001194s ]
INFO: [ app_end ] --END-- [ RunTime:0.001374s ]

[ 2016-01-14T13:06:29+08:00 ] ::1 /meixue/index.php/home/answer/myAnswers?user_id=2&page=1
INFO: [ app_init ] --START--
INFO: Run Behavior\BuildLiteBehavior [ RunTime:0.000035s ]
INFO: [ app_init ] --END-- [ RunTime:0.000615s ]
INFO: [ app_begin ] --START--
INFO: Run Behavior\ReadHtmlCacheBehavior [ RunTime:0.000687s ]
INFO: [ app_begin ] --END-- [ RunTime:0.000866s ]
SQL: SHOW COLUMNS FROM `answer` [ RunTime:0.0089s ]
SQL: select * from answer where user_id = 2 order by created_at desc limit 0,20 [ RunTime:0.0006s ]
INFO: [ app_end ] --START--
INFO: Run Behavior\ShowPageTraceBehavior [ RunTime:0.001122s ]
INFO: [ app_end ] --END-- [ RunTime:0.001298s ]

[ 2016-01-14T13:06:32+08:00 ] ::1 /meixue/index.php/home/answer/myAnswers?user_id=3&page=1
INFO: [ app_init ] --START--
INFO: Run Behavior\BuildLiteBehavior [ RunTime:0.000141s ]
INFO: [ app_init ] --END-- [ RunTime:0.001392s ]
INFO: [ app_begin ] --START--
INFO: Run Behavior\ReadHtmlCacheBehavior [ RunTime:0.001114s ]
INFO: [ app_begin ] --END-- [ RunTime:0.001422s ]
SQL: SHOW COLUMNS FROM `answer` [ RunTime:0.0098s ]
SQL: select * from answer where user_id = 3 order by created_at desc limit 0,20 [ RunTime:0.0005s ]
INFO: [ app_end ] --START--
INFO: Run Behavior\ShowPageTraceBehavior [ RunTime:0.000824s ]
INFO: [ app_end ] --END-- [ RunTime:0.001005s ]

[ 2016-01-14T13:06:35+08:00 ] ::1 /meixue/index.php/home/answer/myAnswers?user_id=4&page=1
INFO: [ app_init ] --START--
INFO: Run Behavior\BuildLiteBehavior [ RunTime:0.000036s ]
INFO: [ app_init ] --END-- [ RunTime:0.000545s ]
INFO: [ app_begin ] --START--
INFO: Run Behavior\ReadHtmlCacheBehavior [ RunTime:0.000710s ]
INFO: [ app_begin ] --END-- [ RunTime:0.000884s ]
SQL: SHOW COLUMNS FROM `answer` [ RunTime:0.0101s ]
SQL: select * from answer where user_id = 4 order by created_at desc limit 0,20 [ RunTime:0.0006s ]
INFO: [ app_end ] --START--
INFO: Run Behavior\ShowPageTraceBehavior [ RunTime:0.000920s ]
INFO: [ app_end ] --END-- [ RunTime:0.001085s ]

[ 2016-01-14T13:06:36+08:00 ] ::1 /meixue/index.php/home/answer/myAnswers?user_id=5&page=1
INFO: [ app_init ] --START--
INFO: Run Behavior\BuildLiteBehavior [ RunTime:0.000037s ]
INFO: [ app_init ] --END-- [ RunTime:0.000868s ]
INFO: [ app_begin ] --START--
INFO: Run Behavior\ReadHtmlCacheBehavior [ RunTime:0.001358s ]
INFO: [ app_begin ] --END-- [ RunTime:0.001619s ]
SQL: SHOW COLUMNS FROM `answer` [ RunTime:0.0097s ]
SQL: select * from answer where user_id = 5 order by created_at desc limit 0,20 [ RunTime:0.0003s ]
INFO: [ app_end ] --START--
INFO: Run Behavior\ShowPageTraceBehavior [ RunTime:0.000852s ]
INFO: [ app_end ] --END-- [ RunTime:0.000996s ]

[ 2016-01-14T13:16:52+08:00 ] 192.168.191.9 /meixue/index.php/home/user/login
INFO: [ app_init ] --START--
INFO: Run Behavior\BuildLiteBehavior [ RunTime:0.000060s ]
INFO: [ app_init ] --END-- [ RunTime:0.001003s ]
INFO: [ app_begin ] --START--
INFO: Run Behavior\ReadHtmlCacheBehavior [ RunTime:0.000577s ]
INFO: [ app_begin ] --END-- [ RunTime:0.000745s ]
SQL: SHOW COLUMNS FROM `user` [ RunTime:0.0156s ]
SQL: select * from user where email = 'ben@chamobile.com' and password = 'MTIzNDU2' [ RunTime:0.0404s ]
INFO: [ app_end ] --START--
INFO: Run Behavior\ShowPageTraceBehavior [ RunTime:0.001755s ]
INFO: [ app_end ] --END-- [ RunTime:0.002148s ]

[ 2016-01-14T13:16:54+08:00 ] 192.168.191.9 /meixue/index.php/home/question/selectQuestionList?page=1
INFO: [ app_init ] --START--
INFO: Run Behavior\BuildLiteBehavior [ RunTime:0.000038s ]
INFO: [ app_init ] --END-- [ RunTime:0.000640s ]
INFO: [ app_begin ] --START--
INFO: Run Behavior\ReadHtmlCacheBehavior [ RunTime:0.000920s ]
INFO: [ app_begin ] --END-- [ RunTime:0.001182s ]
SQL: SHOW COLUMNS FROM `question` [ RunTime:0.0482s ]
SQL: select * from question order by created_at desc limit 0,20 [ RunTime:0.0005s ]
INFO: [ app_end ] --START--
INFO: Run Behavior\ShowPageTraceBehavior [ RunTime:0.000780s ]
INFO: [ app_end ] --END-- [ RunTime:0.000931s ]

[ 2016-01-14T13:17:02+08:00 ] 192.168.191.9 /meixue/index.php/home/answer/myAnswers?user_id=1&page=1
INFO: [ app_init ] --START--
INFO: Run Behavior\BuildLiteBehavior [ RunTime:0.000072s ]
INFO: [ app_init ] --END-- [ RunTime:0.001175s ]
INFO: [ app_begin ] --START--
INFO: Run Behavior\ReadHtmlCacheBehavior [ RunTime:0.001669s ]
INFO: [ app_begin ] --END-- [ RunTime:0.002126s ]
SQL: SHOW COLUMNS FROM `answer` [ RunTime:0.0096s ]
SQL: select * from answer where user_id = 1 order by created_at desc limit 0,20 [ RunTime:0.0005s ]
SQL: select * from question where id = 1 [ RunTime:0.0003s ]
SQL: select * from question where id = 1 [ RunTime:0.0002s ]
SQL: select * from question where id = 6 [ RunTime:0.0002s ]
SQL: select * from question where id = 6 [ RunTime:0.0002s ]
SQL: select * from question where id = 6 [ RunTime:0.0002s ]
INFO: [ app_end ] --START--
INFO: Run Behavior\ShowPageTraceBehavior [ RunTime:0.000781s ]
INFO: [ app_end ] --END-- [ RunTime:0.000931s ]

[ 2016-01-14T13:17:10+08:00 ] 192.168.191.9 /meixue/index.php/home/question/questionsDetails?question_id=1
INFO: [ app_init ] --START--
INFO: Run Behavior\BuildLiteBehavior [ RunTime:0.000127s ]
INFO: [ app_init ] --END-- [ RunTime:0.001750s ]
INFO: [ app_begin ] --START--
INFO: Run Behavior\ReadHtmlCacheBehavior [ RunTime:0.000739s ]
INFO: [ app_begin ] --END-- [ RunTime:0.000963s ]
SQL: SHOW COLUMNS FROM `question` [ RunTime:0.0206s ]
SQL: SHOW COLUMNS FROM `question` [ RunTime:0.0086s ]
SQL: SELECT * FROM `question` WHERE `id` = 1  [ RunTime:0.0005s ]
SQL: SHOW COLUMNS FROM `user` [ RunTime:0.0083s ]
SQL: SELECT * FROM `user` WHERE `id` = 1  [ RunTime:0.0005s ]
INFO: [ app_end ] --START--
INFO: Run Behavior\ShowPageTraceBehavior [ RunTime:0.001018s ]
INFO: [ app_end ] --END-- [ RunTime:0.001219s ]

[ 2016-01-14T13:17:11+08:00 ] 192.168.191.9 /meixue/index.php/home/answer/answerList?question_id=1&page=1
INFO: [ app_init ] --START--
INFO: Run Behavior\BuildLiteBehavior [ RunTime:0.000032s ]
INFO: [ app_init ] --END-- [ RunTime:0.000510s ]
INFO: [ app_begin ] --START--
INFO: Run Behavior\ReadHtmlCacheBehavior [ RunTime:0.000770s ]
INFO: [ app_begin ] --END-- [ RunTime:0.000989s ]
SQL: SHOW COLUMNS FROM `answer` [ RunTime:0.0240s ]
SQL: SHOW COLUMNS FROM `user` [ RunTime:0.0140s ]
SQL: select * from answer where question_id = 1 order by created_at desc limit 0,20 [ RunTime:0.0006s ]
SQL: SELECT * FROM `user` WHERE `id` = 1  [ RunTime:0.0004s ]
SQL: SELECT * FROM `user` WHERE `id` = 1  [ RunTime:0.0003s ]
INFO: [ app_end ] --START--
INFO: Run Behavior\ShowPageTraceBehavior [ RunTime:0.001080s ]
INFO: [ app_end ] --END-- [ RunTime:0.001260s ]

[ 2016-01-14T13:17:21+08:00 ] 192.168.191.9 /meixue/index.php/home/question/questionsDetails?question_id=6
INFO: [ app_init ] --START--
INFO: Run Behavior\BuildLiteBehavior [ RunTime:0.000106s ]
INFO: [ app_init ] --END-- [ RunTime:0.001071s ]
INFO: [ app_begin ] --START--
INFO: Run Behavior\ReadHtmlCacheBehavior [ RunTime:0.000969s ]
INFO: [ app_begin ] --END-- [ RunTime:0.001237s ]
SQL: SHOW COLUMNS FROM `question` [ RunTime:0.0117s ]
SQL: SHOW COLUMNS FROM `question` [ RunTime:0.0042s ]
SQL: SELECT * FROM `question` WHERE `id` = 6  [ RunTime:0.0004s ]
SQL: SHOW COLUMNS FROM `user` [ RunTime:0.0076s ]
SQL: SELECT * FROM `user` WHERE `id` = 2  [ RunTime:0.0004s ]
INFO: [ app_end ] --START--
INFO: Run Behavior\ShowPageTraceBehavior [ RunTime:0.001072s ]
INFO: [ app_end ] --END-- [ RunTime:0.001321s ]

[ 2016-01-14T13:17:21+08:00 ] 192.168.191.9 /meixue/index.php/home/answer/answerList?question_id=6&page=1
INFO: [ app_init ] --START--
INFO: Run Behavior\BuildLiteBehavior [ RunTime:0.000073s ]
INFO: [ app_init ] --END-- [ RunTime:0.001015s ]
INFO: [ app_begin ] --START--
INFO: Run Behavior\ReadHtmlCacheBehavior [ RunTime:0.001166s ]
INFO: [ app_begin ] --END-- [ RunTime:0.001460s ]
SQL: SHOW COLUMNS FROM `answer` [ RunTime:0.0068s ]
SQL: SHOW COLUMNS FROM `user` [ RunTime:0.0052s ]
SQL: select * from answer where question_id = 6 order by created_at desc limit 0,20 [ RunTime:0.0004s ]
SQL: SELECT * FROM `user` WHERE `id` = 1  [ RunTime:0.0004s ]
SQL: SELECT * FROM `user` WHERE `id` = 1  [ RunTime:0.0003s ]
SQL: SELECT * FROM `user` WHERE `id` = 1  [ RunTime:0.0003s ]
INFO: [ app_end ] --START--
INFO: Run Behavior\ShowPageTraceBehavior [ RunTime:0.000851s ]
INFO: [ app_end ] --END-- [ RunTime:0.001005s ]

[ 2016-01-14T13:17:29+08:00 ] 192.168.191.9 /meixue/index.php/home/question/questionsDetails?question_id=6
INFO: [ app_init ] --START--
INFO: Run Behavior\BuildLiteBehavior [ RunTime:0.000083s ]
INFO: [ app_init ] --END-- [ RunTime:0.001319s ]
INFO: [ app_begin ] --START--
INFO: Run Behavior\ReadHtmlCacheBehavior [ RunTime:0.001231s ]
INFO: [ app_begin ] --END-- [ RunTime:0.001527s ]
SQL: SHOW COLUMNS FROM `question` [ RunTime:0.0091s ]
SQL: SHOW COLUMNS FROM `question` [ RunTime:0.0045s ]
SQL: SELECT * FROM `question` WHERE `id` = 6  [ RunTime:0.0004s ]
SQL: SHOW COLUMNS FROM `user` [ RunTime:0.0071s ]
SQL: SELECT * FROM `user` WHERE `id` = 2  [ RunTime:0.0004s ]
INFO: [ app_end ] --START--
INFO: Run Behavior\ShowPageTraceBehavior [ RunTime:0.000752s ]
INFO: [ app_end ] --END-- [ RunTime:0.000898s ]

[ 2016-01-14T13:17:29+08:00 ] 192.168.191.9 /meixue/index.php/home/answer/answerList?question_id=6&page=1
INFO: [ app_init ] --START--
INFO: Run Behavior\BuildLiteBehavior [ RunTime:0.000086s ]
INFO: [ app_init ] --END-- [ RunTime:0.001575s ]
INFO: [ app_begin ] --START--
INFO: Run Behavior\ReadHtmlCacheBehavior [ RunTime:0.001512s ]
INFO: [ app_begin ] --END-- [ RunTime:0.001812s ]
SQL: SHOW COLUMNS FROM `answer` [ RunTime:0.0075s ]
SQL: SHOW COLUMNS FROM `user` [ RunTime:0.0047s ]
SQL: select * from answer where question_id = 6 order by created_at desc limit 0,20 [ RunTime:0.0005s ]
SQL: SELECT * FROM `user` WHERE `id` = 1  [ RunTime:0.0003s ]
SQL: SELECT * FROM `user` WHERE `id` = 1  [ RunTime:0.0003s ]
SQL: SELECT * FROM `user` WHERE `id` = 1  [ RunTime:0.0003s ]
INFO: [ app_end ] --START--
INFO: Run Behavior\ShowPageTraceBehavior [ RunTime:0.000904s ]
INFO: [ app_end ] --END-- [ RunTime:0.001049s ]

[ 2016-01-14T13:17:45+08:00 ] 192.168.191.9 /meixue/index.php/home/question/myQuestionsList?user_id=1&page=1
INFO: [ app_init ] --START--
INFO: Run Behavior\BuildLiteBehavior [ RunTime:0.000036s ]
INFO: [ app_init ] --END-- [ RunTime:0.000647s ]
INFO: [ app_begin ] --START--
INFO: Run Behavior\ReadHtmlCacheBehavior [ RunTime:0.000829s ]
INFO: [ app_begin ] --END-- [ RunTime:0.001035s ]
SQL: SHOW COLUMNS FROM `question` [ RunTime:0.1563s ]
SQL: select * from question where user_id = 1 order by created_at desc limit 0,20 [ RunTime:0.0013s ]
INFO: [ app_end ] --START--
INFO: Run Behavior\ShowPageTraceBehavior [ RunTime:0.002732s ]
INFO: [ app_end ] --END-- [ RunTime:0.003418s ]

[ 2016-01-14T13:17:51+08:00 ] 192.168.191.9 /meixue/index.php/home/question/questionsDetails?question_id=1
INFO: [ app_init ] --START--
INFO: Run Behavior\BuildLiteBehavior [ RunTime:0.000094s ]
INFO: [ app_init ] --END-- [ RunTime:0.001264s ]
INFO: [ app_begin ] --START--
INFO: Run Behavior\ReadHtmlCacheBehavior [ RunTime:0.001031s ]
INFO: [ app_begin ] --END-- [ RunTime:0.001287s ]
SQL: SHOW COLUMNS FROM `question` [ RunTime:0.0193s ]
SQL: SHOW COLUMNS FROM `question` [ RunTime:0.0299s ]
SQL: SELECT * FROM `question` WHERE `id` = 1  [ RunTime:0.0004s ]
SQL: SHOW COLUMNS FROM `user` [ RunTime:0.0068s ]
SQL: SELECT * FROM `user` WHERE `id` = 1  [ RunTime:0.0004s ]
INFO: [ app_end ] --START--
INFO: Run Behavior\ShowPageTraceBehavior [ RunTime:0.000774s ]
INFO: [ app_end ] --END-- [ RunTime:0.000930s ]

[ 2016-01-14T13:17:51+08:00 ] 192.168.191.9 /meixue/index.php/home/answer/answerList?question_id=1&page=1
INFO: [ app_init ] --START--
INFO: Run Behavior\BuildLiteBehavior [ RunTime:0.000123s ]
INFO: [ app_init ] --END-- [ RunTime:0.001144s ]
INFO: [ app_begin ] --START--
INFO: Run Behavior\ReadHtmlCacheBehavior [ RunTime:0.001189s ]
INFO: [ app_begin ] --END-- [ RunTime:0.001501s ]
SQL: SHOW COLUMNS FROM `answer` [ RunTime:0.3305s ]
SQL: SHOW COLUMNS FROM `user` [ RunTime:0.0095s ]
SQL: select * from answer where question_id = 1 order by created_at desc limit 0,20 [ RunTime:0.0008s ]
SQL: SELECT * FROM `user` WHERE `id` = 1  [ RunTime:0.0006s ]
SQL: SELECT * FROM `user` WHERE `id` = 1  [ RunTime:0.0005s ]
INFO: [ app_end ] --START--
INFO: Run Behavior\ShowPageTraceBehavior [ RunTime:0.002006s ]
INFO: [ app_end ] --END-- [ RunTime:0.002479s ]

[ 2016-01-14T13:18:00+08:00 ] 192.168.191.9 /meixue/index.php/home/question/questionsDelete
INFO: [ app_init ] --START--
INFO: Run Behavior\BuildLiteBehavior [ RunTime:0.000052s ]
INFO: [ app_init ] --END-- [ RunTime:0.000768s ]
INFO: [ app_begin ] --START--
INFO: Run Behavior\ReadHtmlCacheBehavior [ RunTime:0.001113s ]
INFO: [ app_begin ] --END-- [ RunTime:0.001339s ]
SQL: SHOW COLUMNS FROM `question` [ RunTime:0.0088s ]
SQL: SHOW COLUMNS FROM `question` [ RunTime:0.0044s ]
ERR: 1451:Cannot delete or update a parent row: a foreign key constraint fails (`meixue`.`collection`, CONSTRAINT `collection_ibfk_2` FOREIGN KEY (`question_id`) REFERENCES `question` (`id`))
 [ SQL语句 ] : DELETE FROM `question` WHERE `id` = 4
ERR: 1451:Cannot delete or update a parent row: a foreign key constraint fails (`meixue`.`collection`, CONSTRAINT `collection_ibfk_2` FOREIGN KEY (`question_id`) REFERENCES `question` (`id`))
 [ SQL语句 ] : DELETE FROM `question` WHERE `id` = 4

[ 2016-01-14T13:20:07+08:00 ] 192.168.191.9 /meixue/index.php/home/question/myQuestionsList?user_id=1&page=1
INFO: [ app_init ] --START--
INFO: Run Behavior\BuildLiteBehavior [ RunTime:0.000072s ]
INFO: [ app_init ] --END-- [ RunTime:0.001241s ]
INFO: [ app_begin ] --START--
INFO: Run Behavior\ReadHtmlCacheBehavior [ RunTime:0.000732s ]
INFO: [ app_begin ] --END-- [ RunTime:0.000925s ]
SQL: SHOW COLUMNS FROM `question` [ RunTime:0.0853s ]
SQL: select * from question where user_id = 1 order by created_at desc limit 0,20 [ RunTime:0.0009s ]
INFO: [ app_end ] --START--
INFO: Run Behavior\ShowPageTraceBehavior [ RunTime:0.002099s ]
INFO: [ app_end ] --END-- [ RunTime:0.002471s ]

[ 2016-01-14T13:20:30+08:00 ] ::1 /meixue/index.php/home/question/questionsDelete
INFO: [ app_init ] --START--
INFO: Run Behavior\BuildLiteBehavior [ RunTime:0.000031s ]
INFO: [ app_init ] --END-- [ RunTime:0.000499s ]
INFO: [ app_begin ] --START--
INFO: Run Behavior\ReadHtmlCacheBehavior [ RunTime:0.000757s ]
INFO: [ app_begin ] --END-- [ RunTime:0.000929s ]
SQL: SHOW COLUMNS FROM `question` [ RunTime:0.0098s ]
SQL: SHOW COLUMNS FROM `question` [ RunTime:0.0152s ]
SQL: DELETE FROM `question` WHERE `id` = 2 [ RunTime:0.0004s ]
INFO: [ app_end ] --START--
INFO: Run Behavior\ShowPageTraceBehavior [ RunTime:0.000863s ]
INFO: [ app_end ] --END-- [ RunTime:0.001015s ]

[ 2016-01-14T13:20:34+08:00 ] ::1 /meixue/index.php/home/question/questionsDelete
INFO: [ app_init ] --START--
INFO: Run Behavior\BuildLiteBehavior [ RunTime:0.000045s ]
INFO: [ app_init ] --END-- [ RunTime:0.000700s ]
INFO: [ app_begin ] --START--
INFO: Run Behavior\ReadHtmlCacheBehavior [ RunTime:0.000884s ]
INFO: [ app_begin ] --END-- [ RunTime:0.001119s ]
SQL: SHOW COLUMNS FROM `question` [ RunTime:0.0137s ]
SQL: SHOW COLUMNS FROM `question` [ RunTime:0.0048s ]
SQL: DELETE FROM `question` WHERE `id` = 3 [ RunTime:0.1521s ]
INFO: [ app_end ] --START--
INFO: Run Behavior\ShowPageTraceBehavior [ RunTime:0.000955s ]
INFO: [ app_end ] --END-- [ RunTime:0.001183s ]

[ 2016-01-14T13:20:38+08:00 ] 192.168.191.9 /meixue/index.php/home/question/myQuestionsList?user_id=1&page=1
INFO: [ app_init ] --START--
INFO: Run Behavior\BuildLiteBehavior [ RunTime:0.000031s ]
INFO: [ app_init ] --END-- [ RunTime:0.000473s ]
INFO: [ app_begin ] --START--
INFO: Run Behavior\ReadHtmlCacheBehavior [ RunTime:0.000660s ]
INFO: [ app_begin ] --END-- [ RunTime:0.000816s ]
SQL: SHOW COLUMNS FROM `question` [ RunTime:0.0098s ]
SQL: select * from question where user_id = 1 order by created_at desc limit 0,20 [ RunTime:0.0005s ]
INFO: [ app_end ] --START--
INFO: Run Behavior\ShowPageTraceBehavior [ RunTime:0.000843s ]
INFO: [ app_end ] --END-- [ RunTime:0.001005s ]

[ 2016-01-14T13:21:03+08:00 ] 192.168.191.9 /meixue/index.php/home/question/questionsDelete
INFO: [ app_init ] --START--
INFO: Run Behavior\BuildLiteBehavior [ RunTime:0.000038s ]
INFO: [ app_init ] --END-- [ RunTime:0.000597s ]
INFO: [ app_begin ] --START--
INFO: Run Behavior\ReadHtmlCacheBehavior [ RunTime:0.000740s ]
INFO: [ app_begin ] --END-- [ RunTime:0.000974s ]
SQL: SHOW COLUMNS FROM `question` [ RunTime:0.0226s ]
SQL: SHOW COLUMNS FROM `question` [ RunTime:0.0049s ]
ERR: 1451:Cannot delete or update a parent row: a foreign key constraint fails (`meixue`.`collection`, CONSTRAINT `collection_ibfk_2` FOREIGN KEY (`question_id`) REFERENCES `question` (`id`))
 [ SQL语句 ] : DELETE FROM `question` WHERE `id` = 4
ERR: 1451:Cannot delete or update a parent row: a foreign key constraint fails (`meixue`.`collection`, CONSTRAINT `collection_ibfk_2` FOREIGN KEY (`question_id`) REFERENCES `question` (`id`))
 [ SQL语句 ] : DELETE FROM `question` WHERE `id` = 4

[ 2016-01-14T13:21:23+08:00 ] 192.168.191.9 /meixue/index.php/home/question/questionsDelete
INFO: [ app_init ] --START--
INFO: Run Behavior\BuildLiteBehavior [ RunTime:0.000092s ]
INFO: [ app_init ] --END-- [ RunTime:0.001131s ]
INFO: [ app_begin ] --START--
INFO: Run Behavior\ReadHtmlCacheBehavior [ RunTime:0.001467s ]
INFO: [ app_begin ] --END-- [ RunTime:0.001827s ]
SQL: SHOW COLUMNS FROM `question` [ RunTime:0.0270s ]
SQL: SHOW COLUMNS FROM `question` [ RunTime:0.0090s ]
ERR: 1451:Cannot delete or update a parent row: a foreign key constraint fails (`meixue`.`collection`, CONSTRAINT `collection_ibfk_2` FOREIGN KEY (`question_id`) REFERENCES `question` (`id`))
 [ SQL语句 ] : DELETE FROM `question` WHERE `id` = 4
ERR: 1451:Cannot delete or update a parent row: a foreign key constraint fails (`meixue`.`collection`, CONSTRAINT `collection_ibfk_2` FOREIGN KEY (`question_id`) REFERENCES `question` (`id`))
 [ SQL语句 ] : DELETE FROM `question` WHERE `id` = 4

[ 2016-01-14T13:21:54+08:00 ] 192.168.191.9 /meixue/index.php/home/user/login
INFO: [ app_init ] --START--
INFO: Run Behavior\BuildLiteBehavior [ RunTime:0.000032s ]
INFO: [ app_init ] --END-- [ RunTime:0.000519s ]
INFO: [ app_begin ] --START--
INFO: Run Behavior\ReadHtmlCacheBehavior [ RunTime:0.000960s ]
INFO: [ app_begin ] --END-- [ RunTime:0.001248s ]
SQL: SHOW COLUMNS FROM `user` [ RunTime:0.0247s ]
SQL: select * from user where email = 'ben@chamobile.com' and password = 'MTIzNDU2' [ RunTime:0.0005s ]
INFO: [ app_end ] --START--
INFO: Run Behavior\ShowPageTraceBehavior [ RunTime:0.001151s ]
INFO: [ app_end ] --END-- [ RunTime:0.001359s ]

[ 2016-01-14T13:21:57+08:00 ] 192.168.191.9 /meixue/index.php/home/question/selectQuestionList?page=1
INFO: [ app_init ] --START--
INFO: Run Behavior\BuildLiteBehavior [ RunTime:0.000038s ]
INFO: [ app_init ] --END-- [ RunTime:0.000657s ]
INFO: [ app_begin ] --START--
INFO: Run Behavior\ReadHtmlCacheBehavior [ RunTime:0.000813s ]
INFO: [ app_begin ] --END-- [ RunTime:0.000994s ]
SQL: SHOW COLUMNS FROM `question` [ RunTime:0.0237s ]
SQL: select * from question order by created_at desc limit 0,20 [ RunTime:0.0005s ]
INFO: [ app_end ] --START--
INFO: Run Behavior\ShowPageTraceBehavior [ RunTime:0.000788s ]
INFO: [ app_end ] --END-- [ RunTime:0.000926s ]

[ 2016-01-14T13:22:18+08:00 ] 192.168.191.9 /meixue/index.php/home/question/myQuestionsList?user_id=1&page=1
INFO: [ app_init ] --START--
INFO: Run Behavior\BuildLiteBehavior [ RunTime:0.000072s ]
INFO: [ app_init ] --END-- [ RunTime:0.001146s ]
INFO: [ app_begin ] --START--
INFO: Run Behavior\ReadHtmlCacheBehavior [ RunTime:0.000719s ]
INFO: [ app_begin ] --END-- [ RunTime:0.000857s ]
SQL: SHOW COLUMNS FROM `question` [ RunTime:0.0156s ]
SQL: select * from question where user_id = 1 order by created_at desc limit 0,20 [ RunTime:0.0010s ]
INFO: [ app_end ] --START--
INFO: Run Behavior\ShowPageTraceBehavior [ RunTime:0.001597s ]
INFO: [ app_end ] --END-- [ RunTime:0.001923s ]

[ 2016-01-14T13:22:22+08:00 ] 192.168.191.9 /meixue/index.php/home/question/questionsDelete
INFO: [ app_init ] --START--
INFO: Run Behavior\BuildLiteBehavior [ RunTime:0.000071s ]
INFO: [ app_init ] --END-- [ RunTime:0.001142s ]
INFO: [ app_begin ] --START--
INFO: Run Behavior\ReadHtmlCacheBehavior [ RunTime:0.001485s ]
INFO: [ app_begin ] --END-- [ RunTime:0.001725s ]
SQL: SHOW COLUMNS FROM `question` [ RunTime:0.0137s ]
SQL: SHOW COLUMNS FROM `question` [ RunTime:0.0070s ]
ERR: 1451:Cannot delete or update a parent row: a foreign key constraint fails (`meixue`.`collection`, CONSTRAINT `collection_ibfk_2` FOREIGN KEY (`question_id`) REFERENCES `question` (`id`))
 [ SQL语句 ] : DELETE FROM `question` WHERE `id` = 4
ERR: 1451:Cannot delete or update a parent row: a foreign key constraint fails (`meixue`.`collection`, CONSTRAINT `collection_ibfk_2` FOREIGN KEY (`question_id`) REFERENCES `question` (`id`))
 [ SQL语句 ] : DELETE FROM `question` WHERE `id` = 4

[ 2016-01-14T13:23:00+08:00 ] 192.168.191.9 /meixue/index.php/home/question/questionsDelete
INFO: [ app_init ] --START--
INFO: Run Behavior\BuildLiteBehavior [ RunTime:0.000089s ]
INFO: [ app_init ] --END-- [ RunTime:0.001347s ]
INFO: [ app_begin ] --START--
INFO: Run Behavior\ReadHtmlCacheBehavior [ RunTime:0.001477s ]
INFO: [ app_begin ] --END-- [ RunTime:0.001830s ]
SQL: SHOW COLUMNS FROM `question` [ RunTime:0.0448s ]
SQL: SHOW COLUMNS FROM `question` [ RunTime:0.0043s ]
ERR: 1451:Cannot delete or update a parent row: a foreign key constraint fails (`meixue`.`answer`, CONSTRAINT `answer_ibfk_1` FOREIGN KEY (`question_id`) REFERENCES `question` (`id`))
 [ SQL语句 ] : DELETE FROM `question` WHERE `id` = 1
ERR: 1451:Cannot delete or update a parent row: a foreign key constraint fails (`meixue`.`answer`, CONSTRAINT `answer_ibfk_1` FOREIGN KEY (`question_id`) REFERENCES `question` (`id`))
 [ SQL语句 ] : DELETE FROM `question` WHERE `id` = 1

[ 2016-01-14T13:24:56+08:00 ] ::1 /meixue/index.php/home/question/questionsDelete
INFO: [ app_init ] --START--
INFO: Run Behavior\BuildLiteBehavior [ RunTime:0.002575s ]
INFO: [ app_init ] --END-- [ RunTime:0.007873s ]
INFO: [ app_begin ] --START--
INFO: Run Behavior\ReadHtmlCacheBehavior [ RunTime:0.001000s ]
INFO: [ app_begin ] --END-- [ RunTime:0.001506s ]
SQL: SHOW COLUMNS FROM `question` [ RunTime:0.0206s ]
SQL: SHOW COLUMNS FROM `question` [ RunTime:0.0049s ]
SQL: DELETE FROM `question` WHERE `id` = 3 [ RunTime:0.0107s ]
INFO: [ app_end ] --START--
INFO: Run Behavior\ShowPageTraceBehavior [ RunTime:0.001196s ]
INFO: [ app_end ] --END-- [ RunTime:0.001487s ]

[ 2016-01-14T13:26:20+08:00 ] 192.168.191.9 /meixue/index.php/home/user/login
INFO: [ app_init ] --START--
INFO: Run Behavior\BuildLiteBehavior [ RunTime:0.000031s ]
INFO: [ app_init ] --END-- [ RunTime:0.000485s ]
INFO: [ app_begin ] --START--
INFO: Run Behavior\ReadHtmlCacheBehavior [ RunTime:0.000589s ]
INFO: [ app_begin ] --END-- [ RunTime:0.000729s ]
SQL: SHOW COLUMNS FROM `user` [ RunTime:0.0200s ]
SQL: select * from user where email = 'ben@chamobile.com' and password = 'MTIzNDU2' [ RunTime:0.0005s ]
INFO: [ app_end ] --START--
INFO: Run Behavior\ShowPageTraceBehavior [ RunTime:0.000788s ]
INFO: [ app_end ] --END-- [ RunTime:0.000950s ]

[ 2016-01-14T13:26:22+08:00 ] 192.168.191.9 /meixue/index.php/home/question/selectQuestionList?page=1
INFO: [ app_init ] --START--
INFO: Run Behavior\BuildLiteBehavior [ RunTime:0.000039s ]
INFO: [ app_init ] --END-- [ RunTime:0.000606s ]
INFO: [ app_begin ] --START--
INFO: Run Behavior\ReadHtmlCacheBehavior [ RunTime:0.000898s ]
INFO: [ app_begin ] --END-- [ RunTime:0.001083s ]
SQL: SHOW COLUMNS FROM `question` [ RunTime:0.0341s ]
SQL: select * from question order by created_at desc limit 0,20 [ RunTime:0.0006s ]
INFO: [ app_end ] --START--
INFO: Run Behavior\ShowPageTraceBehavior [ RunTime:0.000929s ]
INFO: [ app_end ] --END-- [ RunTime:0.001123s ]

[ 2016-01-14T13:26:35+08:00 ] 192.168.191.9 /meixue/index.php/home/answer/answerList?question_id=4&page=1
INFO: [ app_init ] --START--
INFO: Run Behavior\BuildLiteBehavior [ RunTime:0.000035s ]
INFO: [ app_init ] --END-- [ RunTime:0.000951s ]
INFO: [ app_begin ] --START--
INFO: Run Behavior\ReadHtmlCacheBehavior [ RunTime:0.000855s ]
INFO: [ app_begin ] --END-- [ RunTime:0.001010s ]
SQL: SHOW COLUMNS FROM `answer` [ RunTime:0.0089s ]
SQL: SHOW COLUMNS FROM `user` [ RunTime:0.0068s ]
SQL: select * from answer where question_id = 4 order by created_at desc limit 0,20 [ RunTime:0.0005s ]
NOTIC: [8] Undefined variable: allRet F:\wamp\www\meixue\Application\Home\Model\AnswerModel.class.php 第 33 行.
INFO: [ app_end ] --START--
INFO: Run Behavior\ShowPageTraceBehavior [ RunTime:0.000765s ]
INFO: [ app_end ] --END-- [ RunTime:0.000906s ]

[ 2016-01-14T13:26:35+08:00 ] 192.168.191.9 /meixue/index.php/home/question/questionsDetails?question_id=4
INFO: [ app_init ] --START--
INFO: Run Behavior\BuildLiteBehavior [ RunTime:0.000032s ]
INFO: [ app_init ] --END-- [ RunTime:0.000540s ]
INFO: [ app_begin ] --START--
INFO: Run Behavior\ReadHtmlCacheBehavior [ RunTime:0.000842s ]
INFO: [ app_begin ] --END-- [ RunTime:0.001102s ]
SQL: SHOW COLUMNS FROM `question` [ RunTime:0.0066s ]
SQL: SHOW COLUMNS FROM `question` [ RunTime:0.0045s ]
SQL: SELECT * FROM `question` WHERE `id` = 4  [ RunTime:0.0004s ]
SQL: SHOW COLUMNS FROM `user` [ RunTime:0.0059s ]
SQL: SELECT * FROM `user` WHERE `id` = 1  [ RunTime:0.0004s ]
INFO: [ app_end ] --START--
INFO: Run Behavior\ShowPageTraceBehavior [ RunTime:0.000854s ]
INFO: [ app_end ] --END-- [ RunTime:0.001002s ]

[ 2016-01-14T13:26:41+08:00 ] 192.168.191.9 /meixue/index.php/home/question/myQuestionsList?user_id=1&page=1
INFO: [ app_init ] --START--
INFO: Run Behavior\BuildLiteBehavior [ RunTime:0.000073s ]
INFO: [ app_init ] --END-- [ RunTime:0.001280s ]
INFO: [ app_begin ] --START--
INFO: Run Behavior\ReadHtmlCacheBehavior [ RunTime:0.001570s ]
INFO: [ app_begin ] --END-- [ RunTime:0.001913s ]
SQL: SHOW COLUMNS FROM `question` [ RunTime:0.0196s ]
SQL: select * from question where user_id = 1 order by created_at desc limit 0,20 [ RunTime:0.0005s ]
INFO: [ app_end ] --START--
INFO: Run Behavior\ShowPageTraceBehavior [ RunTime:0.000875s ]
INFO: [ app_end ] --END-- [ RunTime:0.001017s ]

[ 2016-01-14T13:27:00+08:00 ] 192.168.191.9 /meixue/index.php/home/question/questionsDelete
INFO: [ app_init ] --START--
INFO: Run Behavior\BuildLiteBehavior [ RunTime:0.000070s ]
INFO: [ app_init ] --END-- [ RunTime:0.001217s ]
INFO: [ app_begin ] --START--
INFO: Run Behavior\ReadHtmlCacheBehavior [ RunTime:0.000634s ]
INFO: [ app_begin ] --END-- [ RunTime:0.000850s ]
SQL: SHOW COLUMNS FROM `question` [ RunTime:0.0231s ]
SQL: SHOW COLUMNS FROM `question` [ RunTime:0.0123s ]
ERR: 1451:Cannot delete or update a parent row: a foreign key constraint fails (`meixue`.`collection`, CONSTRAINT `collection_ibfk_2` FOREIGN KEY (`question_id`) REFERENCES `question` (`id`))
 [ SQL语句 ] : DELETE FROM `question` WHERE `id` = 4
ERR: 1451:Cannot delete or update a parent row: a foreign key constraint fails (`meixue`.`collection`, CONSTRAINT `collection_ibfk_2` FOREIGN KEY (`question_id`) REFERENCES `question` (`id`))
 [ SQL语句 ] : DELETE FROM `question` WHERE `id` = 4

[ 2016-01-14T13:27:54+08:00 ] 192.168.191.9 /meixue/index.php/home/question/questionsDelete
INFO: [ app_init ] --START--
INFO: Run Behavior\BuildLiteBehavior [ RunTime:0.000042s ]
INFO: [ app_init ] --END-- [ RunTime:0.000696s ]
INFO: [ app_begin ] --START--
INFO: Run Behavior\ReadHtmlCacheBehavior [ RunTime:0.001075s ]
INFO: [ app_begin ] --END-- [ RunTime:0.001291s ]
SQL: SHOW COLUMNS FROM `question` [ RunTime:0.0144s ]
SQL: SHOW COLUMNS FROM `question` [ RunTime:0.0087s ]
ERR: 1451:Cannot delete or update a parent row: a foreign key constraint fails (`meixue`.`answer`, CONSTRAINT `answer_ibfk_1` FOREIGN KEY (`question_id`) REFERENCES `question` (`id`))
 [ SQL语句 ] : DELETE FROM `question` WHERE `id` = 1
ERR: 1451:Cannot delete or update a parent row: a foreign key constraint fails (`meixue`.`answer`, CONSTRAINT `answer_ibfk_1` FOREIGN KEY (`question_id`) REFERENCES `question` (`id`))
 [ SQL语句 ] : DELETE FROM `question` WHERE `id` = 1

[ 2016-01-14T13:28:21+08:00 ] 192.168.191.9 /meixue/index.php/home/answer/myAnswers?user_id=1&page=1
INFO: [ app_init ] --START--
INFO: Run Behavior\BuildLiteBehavior [ RunTime:0.000034s ]
INFO: [ app_init ] --END-- [ RunTime:0.000530s ]
INFO: [ app_begin ] --START--
INFO: Run Behavior\ReadHtmlCacheBehavior [ RunTime:0.000670s ]
INFO: [ app_begin ] --END-- [ RunTime:0.000824s ]
SQL: SHOW COLUMNS FROM `answer` [ RunTime:0.0181s ]
SQL: select * from answer where user_id = 1 order by created_at desc limit 0,20 [ RunTime:0.0008s ]
SQL: select * from question where id = 1 [ RunTime:0.0006s ]
SQL: select * from question where id = 1 [ RunTime:0.0004s ]
SQL: select * from question where id = 6 [ RunTime:0.0006s ]
SQL: select * from question where id = 6 [ RunTime:0.0005s ]
SQL: select * from question where id = 6 [ RunTime:0.0005s ]
INFO: [ app_end ] --START--
INFO: Run Behavior\ShowPageTraceBehavior [ RunTime:0.001818s ]
INFO: [ app_end ] --END-- [ RunTime:0.002182s ]

[ 2016-01-14T13:28:40+08:00 ] 192.168.191.9 /meixue/index.php/home/user/login
INFO: [ app_init ] --START--
INFO: Run Behavior\BuildLiteBehavior [ RunTime:0.000032s ]
INFO: [ app_init ] --END-- [ RunTime:0.000533s ]
INFO: [ app_begin ] --START--
INFO: Run Behavior\ReadHtmlCacheBehavior [ RunTime:0.000661s ]
INFO: [ app_begin ] --END-- [ RunTime:0.000815s ]
SQL: SHOW COLUMNS FROM `user` [ RunTime:0.0203s ]
SQL: select * from user where email = 'ben@chamobile.com' and password = 'MTIzNDU2' [ RunTime:0.0009s ]
INFO: [ app_end ] --START--
INFO: Run Behavior\ShowPageTraceBehavior [ RunTime:0.001931s ]
INFO: [ app_end ] --END-- [ RunTime:0.002280s ]

[ 2016-01-14T13:28:43+08:00 ] 192.168.191.9 /meixue/index.php/home/question/myQuestionsList?user_id=1&page=1
INFO: [ app_init ] --START--
INFO: Run Behavior\BuildLiteBehavior [ RunTime:0.000073s ]
INFO: [ app_init ] --END-- [ RunTime:0.001194s ]
INFO: [ app_begin ] --START--
INFO: Run Behavior\ReadHtmlCacheBehavior [ RunTime:0.000942s ]
INFO: [ app_begin ] --END-- [ RunTime:0.001146s ]
SQL: SHOW COLUMNS FROM `question` [ RunTime:0.0221s ]
SQL: select * from question where user_id = 1 order by created_at desc limit 0,20 [ RunTime:0.0006s ]
INFO: [ app_end ] --START--
INFO: Run Behavior\ShowPageTraceBehavior [ RunTime:0.001100s ]
INFO: [ app_end ] --END-- [ RunTime:0.001339s ]

[ 2016-01-14T13:28:55+08:00 ] 192.168.191.9 /meixue/index.php/home/question/questionsDelete
INFO: [ app_init ] --START--
INFO: Run Behavior\BuildLiteBehavior [ RunTime:0.000046s ]
INFO: [ app_init ] --END-- [ RunTime:0.000724s ]
INFO: [ app_begin ] --START--
INFO: Run Behavior\ReadHtmlCacheBehavior [ RunTime:0.000978s ]
INFO: [ app_begin ] --END-- [ RunTime:0.001218s ]
SQL: SHOW COLUMNS FROM `question` [ RunTime:0.0087s ]
SQL: SHOW COLUMNS FROM `question` [ RunTime:0.0041s ]
ERR: 1451:Cannot delete or update a parent row: a foreign key constraint fails (`meixue`.`answer`, CONSTRAINT `answer_ibfk_1` FOREIGN KEY (`question_id`) REFERENCES `question` (`id`))
 [ SQL语句 ] : DELETE FROM `question` WHERE `id` = 1
ERR: 1451:Cannot delete or update a parent row: a foreign key constraint fails (`meixue`.`answer`, CONSTRAINT `answer_ibfk_1` FOREIGN KEY (`question_id`) REFERENCES `question` (`id`))
 [ SQL语句 ] : DELETE FROM `question` WHERE `id` = 1

[ 2016-01-14T13:33:55+08:00 ] 192.168.191.9 /meixue/index.php/home/user/login
INFO: [ app_init ] --START--
INFO: Run Behavior\BuildLiteBehavior [ RunTime:0.000030s ]
INFO: [ app_init ] --END-- [ RunTime:0.000481s ]
INFO: [ app_begin ] --START--
INFO: Run Behavior\ReadHtmlCacheBehavior [ RunTime:0.000626s ]
INFO: [ app_begin ] --END-- [ RunTime:0.000796s ]
SQL: SHOW COLUMNS FROM `user` [ RunTime:0.0200s ]
SQL: select * from user where email = 'ben@chamobile.com' and password = 'MTIzNDU2' [ RunTime:0.0007s ]
INFO: [ app_end ] --START--
INFO: Run Behavior\ShowPageTraceBehavior [ RunTime:0.001097s ]
INFO: [ app_end ] --END-- [ RunTime:0.001273s ]

[ 2016-01-14T13:33:57+08:00 ] 192.168.191.9 /meixue/index.php/home/question/selectQuestionList?page=1
INFO: [ app_init ] --START--
INFO: Run Behavior\BuildLiteBehavior [ RunTime:0.000137s ]
INFO: [ app_init ] --END-- [ RunTime:0.001607s ]
INFO: [ app_begin ] --START--
INFO: Run Behavior\ReadHtmlCacheBehavior [ RunTime:0.000845s ]
INFO: [ app_begin ] --END-- [ RunTime:0.001025s ]
SQL: SHOW COLUMNS FROM `question` [ RunTime:0.0245s ]
SQL: select * from question order by created_at desc limit 0,20 [ RunTime:0.0004s ]
INFO: [ app_end ] --START--
INFO: Run Behavior\ShowPageTraceBehavior [ RunTime:0.000932s ]
INFO: [ app_end ] --END-- [ RunTime:0.001078s ]

[ 2016-01-14T13:34:02+08:00 ] 192.168.191.9 /meixue/index.php/home/question/myQuestionsList?user_id=1&page=1
INFO: [ app_init ] --START--
INFO: Run Behavior\BuildLiteBehavior [ RunTime:0.000079s ]
INFO: [ app_init ] --END-- [ RunTime:0.001336s ]
INFO: [ app_begin ] --START--
INFO: Run Behavior\ReadHtmlCacheBehavior [ RunTime:0.001002s ]
INFO: [ app_begin ] --END-- [ RunTime:0.001207s ]
SQL: SHOW COLUMNS FROM `question` [ RunTime:0.0137s ]
SQL: select * from question where user_id = 1 order by created_at desc limit 0,20 [ RunTime:0.0009s ]
INFO: [ app_end ] --START--
INFO: Run Behavior\ShowPageTraceBehavior [ RunTime:0.001945s ]
INFO: [ app_end ] --END-- [ RunTime:0.002407s ]

[ 2016-01-14T13:34:14+08:00 ] 192.168.191.9 /meixue/index.php/home/question/questionsDelete
INFO: [ app_init ] --START--
INFO: Run Behavior\BuildLiteBehavior [ RunTime:0.000049s ]
INFO: [ app_init ] --END-- [ RunTime:0.000857s ]
INFO: [ app_begin ] --START--
INFO: Run Behavior\ReadHtmlCacheBehavior [ RunTime:0.001112s ]
INFO: [ app_begin ] --END-- [ RunTime:0.001361s ]
SQL: SHOW COLUMNS FROM `question` [ RunTime:0.0185s ]
SQL: SHOW COLUMNS FROM `question` [ RunTime:0.0091s ]
ERR: 1451:Cannot delete or update a parent row: a foreign key constraint fails (`meixue`.`collection`, CONSTRAINT `collection_ibfk_2` FOREIGN KEY (`question_id`) REFERENCES `question` (`id`))
 [ SQL语句 ] : DELETE FROM `question` WHERE `id` = 4
ERR: 1451:Cannot delete or update a parent row: a foreign key constraint fails (`meixue`.`collection`, CONSTRAINT `collection_ibfk_2` FOREIGN KEY (`question_id`) REFERENCES `question` (`id`))
 [ SQL语句 ] : DELETE FROM `question` WHERE `id` = 4

[ 2016-01-14T13:38:03+08:00 ] 192.168.191.9 /meixue/index.php/home/user/login
INFO: [ app_init ] --START--
INFO: Run Behavior\BuildLiteBehavior [ RunTime:0.000052s ]
INFO: [ app_init ] --END-- [ RunTime:0.000780s ]
INFO: [ app_begin ] --START--
INFO: Run Behavior\ReadHtmlCacheBehavior [ RunTime:0.001024s ]
INFO: [ app_begin ] --END-- [ RunTime:0.001291s ]
SQL: SHOW COLUMNS FROM `user` [ RunTime:0.0202s ]
SQL: select * from user where email = 'ben@chamobile.com' and password = 'MTIzNDU2' [ RunTime:0.0007s ]
INFO: [ app_end ] --START--
INFO: Run Behavior\ShowPageTraceBehavior [ RunTime:0.001111s ]
INFO: [ app_end ] --END-- [ RunTime:0.001277s ]

[ 2016-01-14T13:38:05+08:00 ] 192.168.191.9 /meixue/index.php/home/question/selectQuestionList?page=1
INFO: [ app_init ] --START--
INFO: Run Behavior\BuildLiteBehavior [ RunTime:0.000033s ]
INFO: [ app_init ] --END-- [ RunTime:0.000578s ]
INFO: [ app_begin ] --START--
INFO: Run Behavior\ReadHtmlCacheBehavior [ RunTime:0.000740s ]
INFO: [ app_begin ] --END-- [ RunTime:0.000901s ]
SQL: SHOW COLUMNS FROM `question` [ RunTime:0.0187s ]
SQL: select * from question order by created_at desc limit 0,20 [ RunTime:0.0006s ]
INFO: [ app_end ] --START--
INFO: Run Behavior\ShowPageTraceBehavior [ RunTime:0.001297s ]
INFO: [ app_end ] --END-- [ RunTime:0.001573s ]

[ 2016-01-14T13:38:16+08:00 ] 192.168.191.9 /meixue/index.php/home/question/myQuestionsList?user_id=1&page=1
INFO: [ app_init ] --START--
INFO: Run Behavior\BuildLiteBehavior [ RunTime:0.000086s ]
INFO: [ app_init ] --END-- [ RunTime:0.001147s ]
INFO: [ app_begin ] --START--
INFO: Run Behavior\ReadHtmlCacheBehavior [ RunTime:0.000836s ]
INFO: [ app_begin ] --END-- [ RunTime:0.001017s ]
SQL: SHOW COLUMNS FROM `question` [ RunTime:0.3221s ]
SQL: select * from question where user_id = 1 order by created_at desc limit 0,20 [ RunTime:0.0011s ]
INFO: [ app_end ] --START--
INFO: Run Behavior\ShowPageTraceBehavior [ RunTime:0.016595s ]
INFO: [ app_end ] --END-- [ RunTime:0.017139s ]

[ 2016-01-14T13:38:25+08:00 ] 192.168.191.9 /meixue/index.php/home/question/questionsDelete
INFO: [ app_init ] --START--
INFO: Run Behavior\BuildLiteBehavior [ RunTime:0.000031s ]
INFO: [ app_init ] --END-- [ RunTime:0.000495s ]
INFO: [ app_begin ] --START--
INFO: Run Behavior\ReadHtmlCacheBehavior [ RunTime:0.000633s ]
INFO: [ app_begin ] --END-- [ RunTime:0.000773s ]
SQL: SHOW COLUMNS FROM `question` [ RunTime:0.0093s ]
SQL: SHOW COLUMNS FROM `question` [ RunTime:0.0041s ]
ERR: 1451:Cannot delete or update a parent row: a foreign key constraint fails (`meixue`.`collection`, CONSTRAINT `collection_ibfk_2` FOREIGN KEY (`question_id`) REFERENCES `question` (`id`))
 [ SQL语句 ] : DELETE FROM `question` WHERE `id` = 4
ERR: 1451:Cannot delete or update a parent row: a foreign key constraint fails (`meixue`.`collection`, CONSTRAINT `collection_ibfk_2` FOREIGN KEY (`question_id`) REFERENCES `question` (`id`))
 [ SQL语句 ] : DELETE FROM `question` WHERE `id` = 4

[ 2016-01-14T13:38:38+08:00 ] 192.168.191.9 /meixue/index.php/home/answer/myAnswers?user_id=1&page=1
INFO: [ app_init ] --START--
INFO: Run Behavior\BuildLiteBehavior [ RunTime:0.000048s ]
INFO: [ app_init ] --END-- [ RunTime:0.000780s ]
INFO: [ app_begin ] --START--
INFO: Run Behavior\ReadHtmlCacheBehavior [ RunTime:0.001024s ]
INFO: [ app_begin ] --END-- [ RunTime:0.001247s ]
SQL: SHOW COLUMNS FROM `answer` [ RunTime:0.0086s ]
SQL: select * from answer where user_id = 1 order by created_at desc limit 0,20 [ RunTime:0.0004s ]
SQL: select * from question where id = 1 [ RunTime:0.0002s ]
SQL: select * from question where id = 1 [ RunTime:0.0002s ]
SQL: select * from question where id = 6 [ RunTime:0.0002s ]
SQL: select * from question where id = 6 [ RunTime:0.0002s ]
SQL: select * from question where id = 6 [ RunTime:0.0002s ]
INFO: [ app_end ] --START--
INFO: Run Behavior\ShowPageTraceBehavior [ RunTime:0.000923s ]
INFO: [ app_end ] --END-- [ RunTime:0.001073s ]

[ 2016-01-14T13:38:41+08:00 ] 192.168.191.9 /meixue/index.php/home/answer/myAnswers?user_id=1&page=1
INFO: [ app_init ] --START--
INFO: Run Behavior\BuildLiteBehavior [ RunTime:0.000071s ]
INFO: [ app_init ] --END-- [ RunTime:0.001154s ]
INFO: [ app_begin ] --START--
INFO: Run Behavior\ReadHtmlCacheBehavior [ RunTime:0.001569s ]
INFO: [ app_begin ] --END-- [ RunTime:0.001916s ]
SQL: SHOW COLUMNS FROM `answer` [ RunTime:0.0083s ]
SQL: select * from answer where user_id = 1 order by created_at desc limit 0,20 [ RunTime:0.0004s ]
SQL: select * from question where id = 1 [ RunTime:0.0003s ]
SQL: select * from question where id = 1 [ RunTime:0.0002s ]
SQL: select * from question where id = 6 [ RunTime:0.0002s ]
SQL: select * from question where id = 6 [ RunTime:0.0002s ]
SQL: select * from question where id = 6 [ RunTime:0.0002s ]
INFO: [ app_end ] --START--
INFO: Run Behavior\ShowPageTraceBehavior [ RunTime:0.000906s ]
INFO: [ app_end ] --END-- [ RunTime:0.001048s ]

[ 2016-01-14T13:39:17+08:00 ] 192.168.191.9 /meixue/index.php/home/question/questionsDelete
INFO: [ app_init ] --START--
INFO: Run Behavior\BuildLiteBehavior [ RunTime:0.000030s ]
INFO: [ app_init ] --END-- [ RunTime:0.000479s ]
INFO: [ app_begin ] --START--
INFO: Run Behavior\ReadHtmlCacheBehavior [ RunTime:0.000638s ]
INFO: [ app_begin ] --END-- [ RunTime:0.000790s ]
SQL: SHOW COLUMNS FROM `question` [ RunTime:0.0176s ]
SQL: SHOW COLUMNS FROM `question` [ RunTime:0.0086s ]
ERR: 1451:Cannot delete or update a parent row: a foreign key constraint fails (`meixue`.`collection`, CONSTRAINT `collection_ibfk_2` FOREIGN KEY (`question_id`) REFERENCES `question` (`id`))
 [ SQL语句 ] : DELETE FROM `question` WHERE `id` = 4
ERR: 1451:Cannot delete or update a parent row: a foreign key constraint fails (`meixue`.`collection`, CONSTRAINT `collection_ibfk_2` FOREIGN KEY (`question_id`) REFERENCES `question` (`id`))
 [ SQL语句 ] : DELETE FROM `question` WHERE `id` = 4

[ 2016-01-14T13:41:48+08:00 ] 192.168.191.9 /meixue/index.php/home/answer/answerList?question_id=5&page=1
INFO: [ app_init ] --START--
INFO: Run Behavior\BuildLiteBehavior [ RunTime:0.000077s ]
INFO: [ app_init ] --END-- [ RunTime:0.001319s ]
INFO: [ app_begin ] --START--
INFO: Run Behavior\ReadHtmlCacheBehavior [ RunTime:0.001026s ]
INFO: [ app_begin ] --END-- [ RunTime:0.001277s ]
SQL: SHOW COLUMNS FROM `answer` [ RunTime:0.0087s ]
SQL: SHOW COLUMNS FROM `user` [ RunTime:0.0066s ]
SQL: select * from answer where question_id = 5 order by created_at desc limit 0,20 [ RunTime:0.0005s ]
NOTIC: [8] Undefined variable: allRet F:\wamp\www\meixue\Application\Home\Model\AnswerModel.class.php 第 33 行.
INFO: [ app_end ] --START--
INFO: Run Behavior\ShowPageTraceBehavior [ RunTime:0.000790s ]
INFO: [ app_end ] --END-- [ RunTime:0.000921s ]

[ 2016-01-14T13:41:48+08:00 ] 192.168.191.9 /meixue/index.php/home/question/questionsDetails?question_id=5
INFO: [ app_init ] --START--
INFO: Run Behavior\BuildLiteBehavior [ RunTime:0.000032s ]
INFO: [ app_init ] --END-- [ RunTime:0.000497s ]
INFO: [ app_begin ] --START--
INFO: Run Behavior\ReadHtmlCacheBehavior [ RunTime:0.000626s ]
INFO: [ app_begin ] --END-- [ RunTime:0.000785s ]
SQL: SHOW COLUMNS FROM `question` [ RunTime:0.0071s ]
SQL: SHOW COLUMNS FROM `question` [ RunTime:0.0050s ]
SQL: SELECT * FROM `question` WHERE `id` = 5  [ RunTime:0.0003s ]
SQL: SHOW COLUMNS FROM `user` [ RunTime:0.0050s ]
SQL: SELECT * FROM `user` WHERE `id` = 1  [ RunTime:0.0004s ]
INFO: [ app_end ] --START--
INFO: Run Behavior\ShowPageTraceBehavior [ RunTime:0.000750s ]
INFO: [ app_end ] --END-- [ RunTime:0.000895s ]

[ 2016-01-14T13:41:55+08:00 ] 192.168.191.9 /meixue/index.php/home/answer/answers
INFO: [ app_init ] --START--
INFO: Run Behavior\BuildLiteBehavior [ RunTime:0.000032s ]
INFO: [ app_init ] --END-- [ RunTime:0.000491s ]
INFO: [ app_begin ] --START--
INFO: Run Behavior\ReadHtmlCacheBehavior [ RunTime:0.000542s ]
INFO: [ app_begin ] --END-- [ RunTime:0.000687s ]
SQL: SHOW COLUMNS FROM `answer` [ RunTime:0.0089s ]
SQL: select * from answer where question_id = 5 order by created_at desc limit 0,1 [ RunTime:0.0004s ]
SQL: SHOW COLUMNS FROM `answer` [ RunTime:0.0041s ]
SQL: INSERT INTO `answer` (`user_id`,`question_id`,`content`,`is_true`,`to_user_id`,`floor`,`created_at`,`updated_at`) VALUES ('1','5','干活哈哈','0','1','1','2016-01-14 13:41:54','2016-01-14 13:41:54') [ RunTime:0.2971s ]
SQL: SHOW COLUMNS FROM `question` [ RunTime:0.0138s ]
SQL: UPDATE `question` SET `answer_count`=answer_count+1 WHERE ( id='5' ) [ RunTime:0.3965s ]
INFO: [ app_end ] --START--
INFO: Run Behavior\ShowPageTraceBehavior [ RunTime:0.001793s ]
INFO: [ app_end ] --END-- [ RunTime:0.002167s ]

[ 2016-01-14T13:41:55+08:00 ] 192.168.191.9 /meixue/index.php/home/answer/answerList?question_id=5&page=1
INFO: [ app_init ] --START--
INFO: Run Behavior\BuildLiteBehavior [ RunTime:0.000048s ]
INFO: [ app_init ] --END-- [ RunTime:0.000802s ]
INFO: [ app_begin ] --START--
INFO: Run Behavior\ReadHtmlCacheBehavior [ RunTime:0.000928s ]
INFO: [ app_begin ] --END-- [ RunTime:0.001166s ]
SQL: SHOW COLUMNS FROM `answer` [ RunTime:0.0197s ]
SQL: SHOW COLUMNS FROM `user` [ RunTime:0.0107s ]
SQL: select * from answer where question_id = 5 order by created_at desc limit 0,20 [ RunTime:0.0005s ]
SQL: SELECT * FROM `user` WHERE `id` = 1  [ RunTime:0.0004s ]
INFO: [ app_end ] --START--
INFO: Run Behavior\ShowPageTraceBehavior [ RunTime:0.001069s ]
INFO: [ app_end ] --END-- [ RunTime:0.001281s ]

[ 2016-01-14T13:41:56+08:00 ] 192.168.191.9 /meixue/index.php/home/question/questionsDetails?question_id=5
INFO: [ app_init ] --START--
INFO: Run Behavior\BuildLiteBehavior [ RunTime:0.000030s ]
INFO: [ app_init ] --END-- [ RunTime:0.000469s ]
INFO: [ app_begin ] --START--
INFO: Run Behavior\ReadHtmlCacheBehavior [ RunTime:0.000711s ]
INFO: [ app_begin ] --END-- [ RunTime:0.000855s ]
SQL: SHOW COLUMNS FROM `question` [ RunTime:0.0068s ]
SQL: SHOW COLUMNS FROM `question` [ RunTime:0.0044s ]
SQL: SELECT * FROM `question` WHERE `id` = 5  [ RunTime:0.0004s ]
SQL: SHOW COLUMNS FROM `user` [ RunTime:0.0092s ]
SQL: SELECT * FROM `user` WHERE `id` = 1  [ RunTime:0.0004s ]
INFO: [ app_end ] --START--
INFO: Run Behavior\ShowPageTraceBehavior [ RunTime:0.000847s ]
INFO: [ app_end ] --END-- [ RunTime:0.000996s ]

[ 2016-01-14T13:42:06+08:00 ] 192.168.191.9 /meixue/index.php/home/answer/answers
INFO: [ app_init ] --START--
INFO: Run Behavior\BuildLiteBehavior [ RunTime:0.000044s ]
INFO: [ app_init ] --END-- [ RunTime:0.000709s ]
INFO: [ app_begin ] --START--
INFO: Run Behavior\ReadHtmlCacheBehavior [ RunTime:0.000988s ]
INFO: [ app_begin ] --END-- [ RunTime:0.001222s ]
SQL: SHOW COLUMNS FROM `answer` [ RunTime:0.0111s ]
SQL: select * from answer where question_id = 5 order by created_at desc limit 0,1 [ RunTime:0.0006s ]
SQL: SHOW COLUMNS FROM `answer` [ RunTime:0.0060s ]
SQL: INSERT INTO `answer` (`user_id`,`question_id`,`content`,`is_true`,`to_user_id`,`floor`,`created_at`,`updated_at`) VALUES ('1','5','城建局好好干','0','1','2','2016-01-14 13:42:06','2016-01-14 13:42:06') [ RunTime:0.1507s ]
SQL: SHOW COLUMNS FROM `question` [ RunTime:0.0138s ]
SQL: UPDATE `question` SET `answer_count`=answer_count+1 WHERE ( id='5' ) [ RunTime:0.0891s ]
INFO: [ app_end ] --START--
INFO: Run Behavior\ShowPageTraceBehavior [ RunTime:0.002031s ]
INFO: [ app_end ] --END-- [ RunTime:0.002430s ]

[ 2016-01-14T13:42:06+08:00 ] 192.168.191.9 /meixue/index.php/home/answer/answerList?question_id=5&page=1
INFO: [ app_init ] --START--
INFO: Run Behavior\BuildLiteBehavior [ RunTime:0.000088s ]
INFO: [ app_init ] --END-- [ RunTime:0.001542s ]
INFO: [ app_begin ] --START--
INFO: Run Behavior\ReadHtmlCacheBehavior [ RunTime:0.000911s ]
INFO: [ app_begin ] --END-- [ RunTime:0.001344s ]
SQL: SHOW COLUMNS FROM `answer` [ RunTime:0.0052s ]
SQL: SHOW COLUMNS FROM `user` [ RunTime:0.0082s ]
SQL: select * from answer where question_id = 5 order by created_at desc limit 0,20 [ RunTime:0.0006s ]
SQL: SELECT * FROM `user` WHERE `id` = 1  [ RunTime:0.0005s ]
SQL: SELECT * FROM `user` WHERE `id` = 1  [ RunTime:0.0004s ]
INFO: [ app_end ] --START--
INFO: Run Behavior\ShowPageTraceBehavior [ RunTime:0.000804s ]
INFO: [ app_end ] --END-- [ RunTime:0.000956s ]

[ 2016-01-14T13:42:06+08:00 ] 192.168.191.9 /meixue/index.php/home/question/questionsDetails?question_id=5
INFO: [ app_init ] --START--
INFO: Run Behavior\BuildLiteBehavior [ RunTime:0.000038s ]
INFO: [ app_init ] --END-- [ RunTime:0.000692s ]
INFO: [ app_begin ] --START--
INFO: Run Behavior\ReadHtmlCacheBehavior [ RunTime:0.000629s ]
INFO: [ app_begin ] --END-- [ RunTime:0.000789s ]
SQL: SHOW COLUMNS FROM `question` [ RunTime:0.0045s ]
SQL: SHOW COLUMNS FROM `question` [ RunTime:0.0047s ]
SQL: SELECT * FROM `question` WHERE `id` = 5  [ RunTime:0.0004s ]
SQL: SHOW COLUMNS FROM `user` [ RunTime:0.0047s ]
SQL: SELECT * FROM `user` WHERE `id` = 1  [ RunTime:0.0003s ]
INFO: [ app_end ] --START--
INFO: Run Behavior\ShowPageTraceBehavior [ RunTime:0.000742s ]
INFO: [ app_end ] --END-- [ RunTime:0.000920s ]

[ 2016-01-14T13:42:16+08:00 ] 192.168.191.9 /meixue/index.php/home/answer/answers
INFO: [ app_init ] --START--
INFO: Run Behavior\BuildLiteBehavior [ RunTime:0.000074s ]
INFO: [ app_init ] --END-- [ RunTime:0.001224s ]
INFO: [ app_begin ] --START--
INFO: Run Behavior\ReadHtmlCacheBehavior [ RunTime:0.001519s ]
INFO: [ app_begin ] --END-- [ RunTime:0.002031s ]
SQL: SHOW COLUMNS FROM `answer` [ RunTime:0.0188s ]
SQL: select * from answer where question_id = 5 order by created_at desc limit 0,1 [ RunTime:0.0009s ]
SQL: SHOW COLUMNS FROM `answer` [ RunTime:0.0097s ]
SQL: INSERT INTO `answer` (`user_id`,`question_id`,`content`,`is_true`,`to_user_id`,`floor`,`created_at`,`updated_at`) VALUES ('1','5','好看句vv','0','1','3','2016-01-14 13:42:16','2016-01-14 13:42:16') [ RunTime:0.0972s ]
SQL: SHOW COLUMNS FROM `question` [ RunTime:0.0137s ]
SQL: UPDATE `question` SET `answer_count`=answer_count+1 WHERE ( id='5' ) [ RunTime:0.1499s ]
INFO: [ app_end ] --START--
INFO: Run Behavior\ShowPageTraceBehavior [ RunTime:0.001750s ]
INFO: [ app_end ] --END-- [ RunTime:0.002113s ]

[ 2016-01-14T13:42:17+08:00 ] 192.168.191.9 /meixue/index.php/home/answer/answerList?question_id=5&page=1
INFO: [ app_init ] --START--
INFO: Run Behavior\BuildLiteBehavior [ RunTime:0.000073s ]
INFO: [ app_init ] --END-- [ RunTime:0.001164s ]
INFO: [ app_begin ] --START--
INFO: Run Behavior\ReadHtmlCacheBehavior [ RunTime:0.001088s ]
INFO: [ app_begin ] --END-- [ RunTime:0.001370s ]
SQL: SHOW COLUMNS FROM `answer` [ RunTime:0.0097s ]
SQL: SHOW COLUMNS FROM `user` [ RunTime:0.0066s ]
SQL: select * from answer where question_id = 5 order by created_at desc limit 0,20 [ RunTime:0.0005s ]
SQL: SELECT * FROM `user` WHERE `id` = 1  [ RunTime:0.0003s ]
SQL: SELECT * FROM `user` WHERE `id` = 1  [ RunTime:0.0003s ]
SQL: SELECT * FROM `user` WHERE `id` = 1  [ RunTime:0.0003s ]
INFO: [ app_end ] --START--
INFO: Run Behavior\ShowPageTraceBehavior [ RunTime:0.000777s ]
INFO: [ app_end ] --END-- [ RunTime:0.000928s ]

[ 2016-01-14T13:42:17+08:00 ] 192.168.191.9 /meixue/index.php/home/question/questionsDetails?question_id=5
INFO: [ app_init ] --START--
INFO: Run Behavior\BuildLiteBehavior [ RunTime:0.000030s ]
INFO: [ app_init ] --END-- [ RunTime:0.000468s ]
INFO: [ app_begin ] --START--
INFO: Run Behavior\ReadHtmlCacheBehavior [ RunTime:0.000637s ]
INFO: [ app_begin ] --END-- [ RunTime:0.000777s ]
SQL: SHOW COLUMNS FROM `question` [ RunTime:0.0082s ]
SQL: SHOW COLUMNS FROM `question` [ RunTime:0.0048s ]
SQL: SELECT * FROM `question` WHERE `id` = 5  [ RunTime:0.0004s ]
SQL: SHOW COLUMNS FROM `user` [ RunTime:0.0046s ]
SQL: SELECT * FROM `user` WHERE `id` = 1  [ RunTime:0.0004s ]
INFO: [ app_end ] --START--
INFO: Run Behavior\ShowPageTraceBehavior [ RunTime:0.000862s ]
INFO: [ app_end ] --END-- [ RunTime:0.001008s ]

