[ 2016-01-08T15:27:11+08:00 ] ::1 /meixue/index.php/home/answer/answerList?question_id=6&page=1
INFO: [ app_init ] --START--
INFO: Run Behavior\BuildLiteBehavior [ RunTime:0.000075s ]
INFO: [ app_init ] --END-- [ RunTime:0.001110s ]
INFO: [ app_begin ] --START--
INFO: Run Behavior\ReadHtmlCacheBehavior [ RunTime:0.001608s ]
INFO: [ app_begin ] --END-- [ RunTime:0.001966s ]
SQL: SHOW COLUMNS FROM `answer` [ RunTime:0.0277s ]
NOTIC: [8] Undefined variable: mAnswerModel F:\wamp\www\meixue\Application\Home\Controller\AnswerController.class.php 第 13 行.

[ 2016-01-08T15:27:20+08:00 ] ::1 /meixue/index.php/home/question/questionsDetails?question_id=1
INFO: [ app_init ] --START--
INFO: Run Behavior\BuildLiteBehavior [ RunTime:0.000071s ]
INFO: [ app_init ] --END-- [ RunTime:0.001376s ]
INFO: [ app_begin ] --START--
INFO: Run Behavior\ReadHtmlCacheBehavior [ RunTime:0.000493s ]
INFO: [ app_begin ] --END-- [ RunTime:0.000641s ]
SQL: SHOW COLUMNS FROM `question` [ RunTime:0.0087s ]
SQL: SHOW COLUMNS FROM `question` [ RunTime:0.0047s ]
SQL: SELECT * FROM `question` WHERE `id` = 1  [ RunTime:0.0499s ]
SQL: SHOW COLUMNS FROM `user` [ RunTime:0.0063s ]
SQL: SELECT * FROM `user` WHERE `id` = 1  [ RunTime:0.0291s ]
INFO: [ app_end ] --START--
INFO: Run Behavior\ShowPageTraceBehavior [ RunTime:0.000609s ]
INFO: [ app_end ] --END-- [ RunTime:0.000754s ]

[ 2016-01-08T15:27:28+08:00 ] ::1 /meixue/index.php/home/answer/answerList
INFO: [ app_init ] --START--
INFO: Run Behavior\BuildLiteBehavior [ RunTime:0.000030s ]
INFO: [ app_init ] --END-- [ RunTime:0.000452s ]
INFO: [ app_begin ] --START--
INFO: Run Behavior\ReadHtmlCacheBehavior [ RunTime:0.000512s ]
INFO: [ app_begin ] --END-- [ RunTime:0.000666s ]
SQL: SHOW COLUMNS FROM `answer` [ RunTime:0.0166s ]
NOTIC: [8] Undefined variable: mAnswerModel F:\wamp\www\meixue\Application\Home\Controller\AnswerController.class.php 第 13 行.

[ 2016-01-08T15:30:21+08:00 ] ::1 /meixue/index.php/home/answer/answerList
INFO: [ app_init ] --START--
INFO: Run Behavior\BuildLiteBehavior [ RunTime:0.000041s ]
INFO: [ app_init ] --END-- [ RunTime:0.000666s ]
INFO: [ app_begin ] --START--
INFO: Run Behavior\ReadHtmlCacheBehavior [ RunTime:0.000880s ]
INFO: [ app_begin ] --END-- [ RunTime:0.001145s ]
SQL: SHOW COLUMNS FROM `answer` [ RunTime:0.0097s ]
NOTIC: [8] Undefined variable: mAnswerModel F:\wamp\www\meixue\Application\Home\Controller\AnswerController.class.php 第 13 行.

[ 2016-01-08T15:31:31+08:00 ] ::1 /meixue/index.php/home/index/index
INFO: [ app_init ] --START--
INFO: Run Behavior\BuildLiteBehavior [ RunTime:0.000042s ]
INFO: [ app_init ] --END-- [ RunTime:0.000542s ]
INFO: [ app_begin ] --START--
INFO: Run Behavior\ReadHtmlCacheBehavior [ RunTime:0.000738s ]
INFO: [ app_begin ] --END-- [ RunTime:0.000984s ]
INFO: [ view_parse ] --START--
INFO: [ template_filter ] --START--
INFO: Run Behavior\ContentReplaceBehavior [ RunTime:0.000096s ]
INFO: [ template_filter ] --END-- [ RunTime:0.000280s ]
INFO: Run Behavior\ParseTemplateBehavior [ RunTime:0.321608s ]
INFO: [ view_parse ] --END-- [ RunTime:0.321797s ]
INFO: [ view_filter ] --START--
INFO: Run Behavior\WriteHtmlCacheBehavior [ RunTime:0.052670s ]
INFO: [ view_filter ] --END-- [ RunTime:0.052843s ]
INFO: [ app_end ] --START--
INFO: Run Behavior\ShowPageTraceBehavior [ RunTime:0.000756s ]
INFO: [ app_end ] --END-- [ RunTime:0.000937s ]

[ 2016-01-08T15:32:07+08:00 ] ::1 /meixue/index.php/home/index/index
INFO: [ app_init ] --START--
INFO: Run Behavior\BuildLiteBehavior [ RunTime:0.000031s ]
INFO: [ app_init ] --END-- [ RunTime:0.000493s ]
INFO: [ app_begin ] --START--
INFO: Run Behavior\ReadHtmlCacheBehavior [ RunTime:0.000508s ]
INFO: [ app_begin ] --END-- [ RunTime:0.000649s ]
SQL: SHOW COLUMNS FROM `answer` [ RunTime:0.0206s ]
NOTIC: [8] Undefined variable: mAnswerModel F:\wamp\www\meixue\Application\Home\Controller\IndexController.class.php 第 12 行.

[ 2016-01-08T15:33:55+08:00 ] ::1 /meixue/index.php/home/index/index
INFO: [ app_init ] --START--
INFO: Run Behavior\BuildLiteBehavior [ RunTime:0.000183s ]
INFO: [ app_init ] --END-- [ RunTime:0.002604s ]
INFO: [ app_begin ] --START--
INFO: Run Behavior\ReadHtmlCacheBehavior [ RunTime:0.000780s ]
INFO: [ app_begin ] --END-- [ RunTime:0.000969s ]
INFO: [ view_parse ] --START--
INFO: Run Behavior\ParseTemplateBehavior [ RunTime:0.000544s ]
INFO: [ view_parse ] --END-- [ RunTime:0.000719s ]
INFO: [ view_filter ] --START--
INFO: Run Behavior\WriteHtmlCacheBehavior [ RunTime:0.000464s ]
INFO: [ view_filter ] --END-- [ RunTime:0.000635s ]
INFO: [ app_end ] --START--
INFO: Run Behavior\ShowPageTraceBehavior [ RunTime:0.000917s ]
INFO: [ app_end ] --END-- [ RunTime:0.001081s ]

[ 2016-01-08T15:34:30+08:00 ] ::1 /meixue/index.php/home/index/index
INFO: [ app_init ] --START--
INFO: Run Behavior\BuildLiteBehavior [ RunTime:0.000032s ]
INFO: [ app_init ] --END-- [ RunTime:0.000455s ]
INFO: [ app_begin ] --START--
INFO: Run Behavior\ReadHtmlCacheBehavior [ RunTime:0.000451s ]
INFO: [ app_begin ] --END-- [ RunTime:0.000597s ]
SQL: SHOW COLUMNS FROM `question` [ RunTime:0.0119s ]

[ 2016-01-08T15:34:59+08:00 ] ::1 /meixue/index.php/home/index/selectQuestionList
INFO: [ app_init ] --START--
INFO: Run Behavior\BuildLiteBehavior [ RunTime:0.000065s ]
INFO: [ app_init ] --END-- [ RunTime:0.000874s ]
INFO: [ app_begin ] --START--
INFO: Run Behavior\ReadHtmlCacheBehavior [ RunTime:0.000550s ]
INFO: [ app_begin ] --END-- [ RunTime:0.000725s ]
SQL: SHOW COLUMNS FROM `question` [ RunTime:0.0106s ]
SQL: select * from question order by created_at desc limit 0,20 [ RunTime:0.0005s ]
INFO: [ app_end ] --START--
INFO: Run Behavior\ShowPageTraceBehavior [ RunTime:0.000639s ]
INFO: [ app_end ] --END-- [ RunTime:0.000824s ]

[ 2016-01-08T15:35:20+08:00 ] ::1 /meixue/index.php/home/index/index
INFO: [ app_init ] --START--
INFO: Run Behavior\BuildLiteBehavior [ RunTime:0.000039s ]
INFO: [ app_init ] --END-- [ RunTime:0.001226s ]
INFO: [ app_begin ] --START--
INFO: Run Behavior\ReadHtmlCacheBehavior [ RunTime:0.000538s ]
INFO: [ app_begin ] --END-- [ RunTime:0.000705s ]
SQL: SHOW COLUMNS FROM `question` [ RunTime:0.0453s ]

[ 2016-01-08T15:36:21+08:00 ] ::1 /meixue/index.php/home/answer/answerList
INFO: [ app_init ] --START--
INFO: Run Behavior\BuildLiteBehavior [ RunTime:0.000036s ]
INFO: [ app_init ] --END-- [ RunTime:0.000553s ]
INFO: [ app_begin ] --START--
INFO: Run Behavior\ReadHtmlCacheBehavior [ RunTime:0.000902s ]
INFO: [ app_begin ] --END-- [ RunTime:0.001139s ]
ERR: 无法加载控制器:Answer

[ 2016-01-08T15:36:25+08:00 ] ::1 /meixue/index.php/home/answers/answerList
INFO: [ app_init ] --START--
INFO: Run Behavior\BuildLiteBehavior [ RunTime:0.000038s ]
INFO: [ app_init ] --END-- [ RunTime:0.000604s ]
INFO: [ app_begin ] --START--
INFO: Run Behavior\ReadHtmlCacheBehavior [ RunTime:0.000536s ]
INFO: [ app_begin ] --END-- [ RunTime:0.000704s ]
ERR: 无法加载控制器:Answers

[ 2016-01-08T15:36:50+08:00 ] ::1 /meixue/index.php/home/answers/answerList
INFO: [ app_init ] --START--
INFO: Run Behavior\BuildLiteBehavior [ RunTime:0.000036s ]
INFO: [ app_init ] --END-- [ RunTime:0.000541s ]
INFO: [ app_begin ] --START--
INFO: Run Behavior\ReadHtmlCacheBehavior [ RunTime:0.000538s ]
INFO: [ app_begin ] --END-- [ RunTime:0.000725s ]
SQL: SHOW COLUMNS FROM `answer` [ RunTime:0.0333s ]
NOTIC: [8] Undefined variable: mAnswerModel F:\wamp\www\meixue\Application\Home\Controller\AnswersController.class.php 第 13 行.

[ 2016-01-08T15:37:29+08:00 ] ::1 /meixue/index.php/home/answers/selectQuestionList
INFO: [ app_init ] --START--
INFO: Run Behavior\BuildLiteBehavior [ RunTime:0.000040s ]
INFO: [ app_init ] --END-- [ RunTime:0.000848s ]
INFO: [ app_begin ] --START--
INFO: Run Behavior\ReadHtmlCacheBehavior [ RunTime:0.000547s ]
INFO: [ app_begin ] --END-- [ RunTime:0.000721s ]
SQL: SHOW COLUMNS FROM `question` [ RunTime:0.0136s ]
SQL: select * from question order by created_at desc limit 0,20 [ RunTime:0.1097s ]
INFO: [ app_end ] --START--
INFO: Run Behavior\ShowPageTraceBehavior [ RunTime:0.000907s ]
INFO: [ app_end ] --END-- [ RunTime:0.001074s ]

[ 2016-01-08T15:38:14+08:00 ] ::1 /meixue/index.php/home/answers/selectQuestionList
INFO: [ app_init ] --START--
INFO: Run Behavior\BuildLiteBehavior [ RunTime:0.000035s ]
INFO: [ app_init ] --END-- [ RunTime:0.000512s ]
INFO: [ app_begin ] --START--
INFO: Run Behavior\ReadHtmlCacheBehavior [ RunTime:0.000755s ]
INFO: [ app_begin ] --END-- [ RunTime:0.000982s ]
SQL: SHOW COLUMNS FROM `user` [ RunTime:0.0203s ]
ERR: Think\Model:selectQuestionList方法不存在！

[ 2016-01-08T15:38:26+08:00 ] ::1 /meixue/index.php/home/answers/selectQuestionList
INFO: [ app_init ] --START--
INFO: Run Behavior\BuildLiteBehavior [ RunTime:0.000042s ]
INFO: [ app_init ] --END-- [ RunTime:0.001019s ]
INFO: [ app_begin ] --START--
INFO: Run Behavior\ReadHtmlCacheBehavior [ RunTime:0.002115s ]
INFO: [ app_begin ] --END-- [ RunTime:0.002791s ]
SQL: SHOW COLUMNS FROM `answer` [ RunTime:0.0382s ]
ERR: Think\Model:selectQuestionList方法不存在！

[ 2016-01-08T15:39:57+08:00 ] ::1 /meixue/index.php/home/answers/selectQuestionList
INFO: [ app_init ] --START--
INFO: Run Behavior\BuildLiteBehavior [ RunTime:0.000037s ]
INFO: [ app_init ] --END-- [ RunTime:0.000563s ]
INFO: [ app_begin ] --START--
INFO: Run Behavior\ReadHtmlCacheBehavior [ RunTime:0.000542s ]
INFO: [ app_begin ] --END-- [ RunTime:0.000702s ]
SQL: SHOW COLUMNS FROM `answer` [ RunTime:0.0201s ]
NOTIC: [8] Undefined variable: mAnswerModel F:\wamp\www\meixue\Application\Home\Controller\AnswersController.class.php 第 40 行.

[ 2016-01-08T15:40:19+08:00 ] ::1 /meixue/index.php/home/answers/selectQuestionList
INFO: [ app_init ] --START--
INFO: Run Behavior\BuildLiteBehavior [ RunTime:0.000059s ]
INFO: [ app_init ] --END-- [ RunTime:0.000916s ]
INFO: [ app_begin ] --START--
INFO: Run Behavior\ReadHtmlCacheBehavior [ RunTime:0.000857s ]
INFO: [ app_begin ] --END-- [ RunTime:0.001049s ]
SQL: SHOW COLUMNS FROM `answer` [ RunTime:0.0099s ]
SQL: SHOW COLUMNS FROM `user` [ RunTime:0.0091s ]
ERR: 1064:You have an error in your SQL syntax; check the manual that corresponds to your MySQL server version for the right syntax to use near 'order by created_at desc limit 0,20' at line 1
 [ SQL语句 ] : select * from answer where question_id =  order by created_at desc limit 0,20
ERR: 1064:You have an error in your SQL syntax; check the manual that corresponds to your MySQL server version for the right syntax to use near 'order by created_at desc limit 0,20' at line 1
 [ SQL语句 ] : select * from answer where question_id =  order by created_at desc limit 0,20

[ 2016-01-08T15:41:13+08:00 ] ::1 /meixue/index.php/home/answer/selectQuestionList
INFO: [ app_init ] --START--
INFO: Run Behavior\BuildLiteBehavior [ RunTime:0.000038s ]
INFO: [ app_init ] --END-- [ RunTime:0.000655s ]
INFO: [ app_begin ] --START--
INFO: Run Behavior\ReadHtmlCacheBehavior [ RunTime:0.000630s ]
INFO: [ app_begin ] --END-- [ RunTime:0.000792s ]
SQL: SHOW COLUMNS FROM `answer` [ RunTime:0.0099s ]
SQL: SHOW COLUMNS FROM `user` [ RunTime:0.0067s ]
ERR: 1064:You have an error in your SQL syntax; check the manual that corresponds to your MySQL server version for the right syntax to use near 'order by created_at desc limit 0,20' at line 1
 [ SQL语句 ] : select * from answer where question_id =  order by created_at desc limit 0,20
ERR: 1064:You have an error in your SQL syntax; check the manual that corresponds to your MySQL server version for the right syntax to use near 'order by created_at desc limit 0,20' at line 1
 [ SQL语句 ] : select * from answer where question_id =  order by created_at desc limit 0,20

[ 2016-01-08T15:41:49+08:00 ] ::1 /meixue/index.php/home/answer/selectQuestionList
INFO: [ app_init ] --START--
INFO: Run Behavior\BuildLiteBehavior [ RunTime:0.000038s ]
INFO: [ app_init ] --END-- [ RunTime:0.000684s ]
INFO: [ app_begin ] --START--
INFO: Run Behavior\ReadHtmlCacheBehavior [ RunTime:0.000990s ]
INFO: [ app_begin ] --END-- [ RunTime:0.001478s ]
SQL: SHOW COLUMNS FROM `answer` [ RunTime:0.0114s ]
NOTIC: [8] Undefined variable: mAnswerModel F:\wamp\www\meixue\Application\Home\Controller\AnswerController.class.php 第 12 行.

[ 2016-01-08T15:42:02+08:00 ] ::1 /meixue/index.php/home/answer/selectQuestionList
INFO: [ app_init ] --START--
INFO: Run Behavior\BuildLiteBehavior [ RunTime:0.000035s ]
INFO: [ app_init ] --END-- [ RunTime:0.000679s ]
INFO: [ app_begin ] --START--
INFO: Run Behavior\ReadHtmlCacheBehavior [ RunTime:0.000636s ]
INFO: [ app_begin ] --END-- [ RunTime:0.000917s ]
SQL: SHOW COLUMNS FROM `answer` [ RunTime:0.0095s ]
SQL: SHOW COLUMNS FROM `user` [ RunTime:0.0059s ]
ERR: 1064:You have an error in your SQL syntax; check the manual that corresponds to your MySQL server version for the right syntax to use near 'order by created_at desc limit 0,20' at line 1
 [ SQL语句 ] : select * from answer where question_id =  order by created_at desc limit 0,20
ERR: 1064:You have an error in your SQL syntax; check the manual that corresponds to your MySQL server version for the right syntax to use near 'order by created_at desc limit 0,20' at line 1
 [ SQL语句 ] : select * from answer where question_id =  order by created_at desc limit 0,20

[ 2016-01-08T15:43:22+08:00 ] ::1 /meixue/index.php/home/answer/selectQuestionList
INFO: [ app_init ] --START--
INFO: Run Behavior\BuildLiteBehavior [ RunTime:0.000076s ]
INFO: [ app_init ] --END-- [ RunTime:0.002925s ]
INFO: [ app_begin ] --START--
INFO: Run Behavior\ReadHtmlCacheBehavior [ RunTime:0.000579s ]
INFO: [ app_begin ] --END-- [ RunTime:0.000734s ]
SQL: SHOW COLUMNS FROM `answer` [ RunTime:0.0232s ]
SQL: SHOW COLUMNS FROM `user` [ RunTime:0.0105s ]
ERR: 1064:You have an error in your SQL syntax; check the manual that corresponds to your MySQL server version for the right syntax to use near 'order by created_at desc limit 0,20' at line 1
 [ SQL语句 ] : select * from answer where question_id =  order by created_at desc limit 0,20
ERR: 1064:You have an error in your SQL syntax; check the manual that corresponds to your MySQL server version for the right syntax to use near 'order by created_at desc limit 0,20' at line 1
 [ SQL语句 ] : select * from answer where question_id =  order by created_at desc limit 0,20

[ 2016-01-08T15:43:33+08:00 ] ::1 /meixue/index.php/home/answer/answerList
INFO: [ app_init ] --START--
INFO: Run Behavior\BuildLiteBehavior [ RunTime:0.000032s ]
INFO: [ app_init ] --END-- [ RunTime:0.000445s ]
INFO: [ app_begin ] --START--
INFO: Run Behavior\ReadHtmlCacheBehavior [ RunTime:0.000476s ]
INFO: [ app_begin ] --END-- [ RunTime:0.000671s ]
SQL: SHOW COLUMNS FROM `answer` [ RunTime:0.0085s ]
SQL: SHOW COLUMNS FROM `user` [ RunTime:0.0068s ]
ERR: 1064:You have an error in your SQL syntax; check the manual that corresponds to your MySQL server version for the right syntax to use near 'order by created_at desc limit 0,20' at line 1
 [ SQL语句 ] : select * from answer where question_id =  order by created_at desc limit 0,20
ERR: 1064:You have an error in your SQL syntax; check the manual that corresponds to your MySQL server version for the right syntax to use near 'order by created_at desc limit 0,20' at line 1
 [ SQL语句 ] : select * from answer where question_id =  order by created_at desc limit 0,20

[ 2016-01-08T15:44:31+08:00 ] ::1 /meixue/index.php/home/answer/answerList?question_id=6&page=1
INFO: [ app_init ] --START--
INFO: Run Behavior\BuildLiteBehavior [ RunTime:0.000067s ]
INFO: [ app_init ] --END-- [ RunTime:0.000950s ]
INFO: [ app_begin ] --START--
INFO: Run Behavior\ReadHtmlCacheBehavior [ RunTime:0.000878s ]
INFO: [ app_begin ] --END-- [ RunTime:0.001064s ]
SQL: SHOW COLUMNS FROM `answer` [ RunTime:0.0114s ]
SQL: SHOW COLUMNS FROM `user` [ RunTime:0.0063s ]
SQL: select * from answer where question_id = 6 order by created_at desc limit 0,20 [ RunTime:0.0284s ]
SQL: SELECT * FROM `user` WHERE `id` = 1  [ RunTime:0.0004s ]
SQL: SELECT * FROM `user` WHERE `id` = 2  [ RunTime:0.0003s ]
INFO: [ app_end ] --START--
INFO: Run Behavior\ShowPageTraceBehavior [ RunTime:0.001237s ]
INFO: [ app_end ] --END-- [ RunTime:0.001383s ]

[ 2016-01-08T15:44:37+08:00 ] ::1 /meixue/index.php/home/answer/answerList
INFO: [ app_init ] --START--
INFO: Run Behavior\BuildLiteBehavior [ RunTime:0.000119s ]
INFO: [ app_init ] --END-- [ RunTime:0.002010s ]
INFO: [ app_begin ] --START--
INFO: Run Behavior\ReadHtmlCacheBehavior [ RunTime:0.001727s ]
INFO: [ app_begin ] --END-- [ RunTime:0.001983s ]
SQL: SHOW COLUMNS FROM `answer` [ RunTime:0.0096s ]
SQL: SHOW COLUMNS FROM `user` [ RunTime:0.0065s ]
ERR: 1064:You have an error in your SQL syntax; check the manual that corresponds to your MySQL server version for the right syntax to use near 'order by created_at desc limit 0,20' at line 1
 [ SQL语句 ] : select * from answer where question_id =  order by created_at desc limit 0,20
ERR: 1064:You have an error in your SQL syntax; check the manual that corresponds to your MySQL server version for the right syntax to use near 'order by created_at desc limit 0,20' at line 1
 [ SQL语句 ] : select * from answer where question_id =  order by created_at desc limit 0,20

[ 2016-01-08T15:44:51+08:00 ] ::1 /meixue/index.php/home/answer/answerList?question_id=6&page=1
INFO: [ app_init ] --START--
INFO: Run Behavior\BuildLiteBehavior [ RunTime:0.000039s ]
INFO: [ app_init ] --END-- [ RunTime:0.000648s ]
INFO: [ app_begin ] --START--
INFO: Run Behavior\ReadHtmlCacheBehavior [ RunTime:0.000534s ]
INFO: [ app_begin ] --END-- [ RunTime:0.000701s ]
SQL: SHOW COLUMNS FROM `answer` [ RunTime:0.0087s ]
SQL: SHOW COLUMNS FROM `user` [ RunTime:0.0070s ]
SQL: select * from answer where question_id = 6 order by created_at desc limit 0,20 [ RunTime:0.0004s ]
SQL: SELECT * FROM `user` WHERE `id` = 1  [ RunTime:0.0003s ]
SQL: SELECT * FROM `user` WHERE `id` = 2  [ RunTime:0.0003s ]
INFO: [ app_end ] --START--
INFO: Run Behavior\ShowPageTraceBehavior [ RunTime:0.000664s ]
INFO: [ app_end ] --END-- [ RunTime:0.000800s ]

[ 2016-01-08T15:49:09+08:00 ] ::1 /meixue/index.php/home/answer/answerList?question_id=6&page=1
INFO: [ app_init ] --START--
INFO: Run Behavior\BuildLiteBehavior [ RunTime:0.000033s ]
INFO: [ app_init ] --END-- [ RunTime:0.000584s ]
INFO: [ app_begin ] --START--
INFO: Run Behavior\ReadHtmlCacheBehavior [ RunTime:0.000592s ]
INFO: [ app_begin ] --END-- [ RunTime:0.000742s ]
SQL: SHOW COLUMNS FROM `answer` [ RunTime:0.0198s ]
SQL: SHOW COLUMNS FROM `user` [ RunTime:0.0151s ]
SQL: select * from answer where question_id = 6 order by created_at desc limit 0,20 [ RunTime:0.0010s ]
SQL: SELECT * FROM `user` WHERE `id` = 1  [ RunTime:0.0007s ]
SQL: SELECT * FROM `user` WHERE `id` = 2  [ RunTime:0.0006s ]
INFO: [ app_end ] --START--
INFO: Run Behavior\ShowPageTraceBehavior [ RunTime:0.001590s ]
INFO: [ app_end ] --END-- [ RunTime:0.001948s ]

[ 2016-01-08T15:49:26+08:00 ] ::1 /meixue/index.php/home/answer/answerList?question_id=6&page=1
INFO: [ app_init ] --START--
INFO: Run Behavior\BuildLiteBehavior [ RunTime:0.000079s ]
INFO: [ app_init ] --END-- [ RunTime:0.000712s ]
INFO: [ app_begin ] --START--
INFO: Run Behavior\ReadHtmlCacheBehavior [ RunTime:0.000547s ]
INFO: [ app_begin ] --END-- [ RunTime:0.000710s ]
SQL: SHOW COLUMNS FROM `answer` [ RunTime:0.1135s ]
SQL: SHOW COLUMNS FROM `user` [ RunTime:0.0151s ]
SQL: select * from answer where question_id = 6 order by created_at desc limit 0,20 [ RunTime:0.0008s ]
SQL: SELECT * FROM `user` WHERE `id` = 1  [ RunTime:0.0004s ]
SQL: SELECT * FROM `user` WHERE `id` = 2  [ RunTime:0.0003s ]
INFO: [ app_end ] --START--
INFO: Run Behavior\ShowPageTraceBehavior [ RunTime:0.000807s ]
INFO: [ app_end ] --END-- [ RunTime:0.001069s ]

[ 2016-01-08T15:50:01+08:00 ] ::1 /meixue/index.php/home/answer/answerList?question_id=5&page=1
INFO: [ app_init ] --START--
INFO: Run Behavior\BuildLiteBehavior [ RunTime:0.000064s ]
INFO: [ app_init ] --END-- [ RunTime:0.001145s ]
INFO: [ app_begin ] --START--
INFO: Run Behavior\ReadHtmlCacheBehavior [ RunTime:0.000476s ]
INFO: [ app_begin ] --END-- [ RunTime:0.000622s ]
SQL: SHOW COLUMNS FROM `answer` [ RunTime:0.0205s ]
SQL: SHOW COLUMNS FROM `user` [ RunTime:0.0128s ]
SQL: select * from answer where question_id = 5 order by created_at desc limit 0,20 [ RunTime:0.0005s ]
NOTIC: [8] Undefined variable: allRet F:\wamp\www\meixue\Application\Home\Model\AnswerModel.class.php 第 32 行.
INFO: [ app_end ] --START--
INFO: Run Behavior\ShowPageTraceBehavior [ RunTime:0.000681s ]
INFO: [ app_end ] --END-- [ RunTime:0.000844s ]

[ 2016-01-08T15:51:15+08:00 ] ::1 /meixue/index.php/home/answer/answerList?question_id=5&page=1
INFO: [ app_init ] --START--
INFO: Run Behavior\BuildLiteBehavior [ RunTime:0.000040s ]
INFO: [ app_init ] --END-- [ RunTime:0.001443s ]
INFO: [ app_begin ] --START--
INFO: Run Behavior\ReadHtmlCacheBehavior [ RunTime:0.000644s ]
INFO: [ app_begin ] --END-- [ RunTime:0.000830s ]
SQL: SHOW COLUMNS FROM `answer` [ RunTime:0.0810s ]
SQL: SHOW COLUMNS FROM `user` [ RunTime:0.0353s ]
SQL: select * from answer where question_id = 5 order by created_at desc limit 0,20 [ RunTime:0.0005s ]
NOTIC: [8] Undefined variable: allRet F:\wamp\www\meixue\Application\Home\Model\AnswerModel.class.php 第 32 行.
INFO: [ app_end ] --START--
INFO: Run Behavior\ShowPageTraceBehavior [ RunTime:0.000979s ]
INFO: [ app_end ] --END-- [ RunTime:0.001189s ]

[ 2016-01-08T15:51:26+08:00 ] ::1 /meixue/index.php/home/answer/answerList?question_id=6&page=1
INFO: [ app_init ] --START--
INFO: Run Behavior\BuildLiteBehavior [ RunTime:0.000062s ]
INFO: [ app_init ] --END-- [ RunTime:0.001133s ]
INFO: [ app_begin ] --START--
INFO: Run Behavior\ReadHtmlCacheBehavior [ RunTime:0.002037s ]
INFO: [ app_begin ] --END-- [ RunTime:0.002685s ]
SQL: SHOW COLUMNS FROM `answer` [ RunTime:0.0209s ]
SQL: SHOW COLUMNS FROM `user` [ RunTime:0.0574s ]
SQL: select * from answer where question_id = 6 order by created_at desc limit 0,20 [ RunTime:0.0009s ]
SQL: SELECT * FROM `user` WHERE `id` = 1  [ RunTime:0.0008s ]
SQL: SELECT * FROM `user` WHERE `id` = 2  [ RunTime:0.0006s ]
INFO: [ app_end ] --START--
INFO: Run Behavior\ShowPageTraceBehavior [ RunTime:0.001591s ]
INFO: [ app_end ] --END-- [ RunTime:0.002011s ]

[ 2016-01-08T15:58:09+08:00 ] 192.168.191.9 /meixue/index.php/home/user/login
INFO: [ app_init ] --START--
INFO: Run Behavior\BuildLiteBehavior [ RunTime:0.000071s ]
INFO: [ app_init ] --END-- [ RunTime:0.001186s ]
INFO: [ app_begin ] --START--
INFO: Run Behavior\ReadHtmlCacheBehavior [ RunTime:0.001108s ]
INFO: [ app_begin ] --END-- [ RunTime:0.001397s ]
SQL: SHOW COLUMNS FROM `user` [ RunTime:0.0206s ]
SQL: select * from user where email = 'cben@chamobile.com' and password = 'MTIzNDU2' [ RunTime:0.0006s ]
INFO: [ app_end ] --START--
INFO: Run Behavior\ShowPageTraceBehavior [ RunTime:0.000954s ]
INFO: [ app_end ] --END-- [ RunTime:0.001250s ]

[ 2016-01-08T15:58:12+08:00 ] 192.168.191.9 /meixue/index.php/home/question/selectQuestionList?page=1
INFO: [ app_init ] --START--
INFO: Run Behavior\BuildLiteBehavior [ RunTime:0.000054s ]
INFO: [ app_init ] --END-- [ RunTime:0.001101s ]
INFO: [ app_begin ] --START--
INFO: Run Behavior\ReadHtmlCacheBehavior [ RunTime:0.000718s ]
INFO: [ app_begin ] --END-- [ RunTime:0.000996s ]
SQL: SHOW COLUMNS FROM `question` [ RunTime:0.0123s ]
SQL: select * from question order by created_at desc limit 0,20 [ RunTime:0.0490s ]
INFO: [ app_end ] --START--
INFO: Run Behavior\ShowPageTraceBehavior [ RunTime:0.000680s ]
INFO: [ app_end ] --END-- [ RunTime:0.000906s ]

[ 2016-01-08T15:58:16+08:00 ] 192.168.191.9 /meixue/index.php/home/answer/answerList?question_id=6&page=1
INFO: [ app_init ] --START--
INFO: Run Behavior\BuildLiteBehavior [ RunTime:0.000070s ]
INFO: [ app_init ] --END-- [ RunTime:0.001118s ]
INFO: [ app_begin ] --START--
INFO: Run Behavior\ReadHtmlCacheBehavior [ RunTime:0.001084s ]
INFO: [ app_begin ] --END-- [ RunTime:0.001444s ]
SQL: SHOW COLUMNS FROM `answer` [ RunTime:0.0131s ]
SQL: SHOW COLUMNS FROM `user` [ RunTime:0.0088s ]
SQL: select * from answer where question_id = 6 order by created_at desc limit 0,20 [ RunTime:0.0006s ]
SQL: SELECT * FROM `user` WHERE `id` = 1  [ RunTime:0.0007s ]
SQL: SELECT * FROM `user` WHERE `id` = 2  [ RunTime:0.0005s ]
INFO: [ app_end ] --START--
INFO: Run Behavior\ShowPageTraceBehavior [ RunTime:0.000712s ]
INFO: [ app_end ] --END-- [ RunTime:0.000912s ]

[ 2016-01-08T15:58:17+08:00 ] 192.168.191.9 /meixue/index.php/home/question/questionsDetails?question_id=6
INFO: [ app_init ] --START--
INFO: Run Behavior\BuildLiteBehavior [ RunTime:0.000040s ]
INFO: [ app_init ] --END-- [ RunTime:0.000694s ]
INFO: [ app_begin ] --START--
INFO: Run Behavior\ReadHtmlCacheBehavior [ RunTime:0.000883s ]
INFO: [ app_begin ] --END-- [ RunTime:0.001072s ]
SQL: SHOW COLUMNS FROM `question` [ RunTime:0.0201s ]
SQL: SHOW COLUMNS FROM `question` [ RunTime:0.0051s ]
SQL: SELECT * FROM `question` WHERE `id` = 6  [ RunTime:0.0004s ]
SQL: SHOW COLUMNS FROM `user` [ RunTime:0.0076s ]
SQL: SELECT * FROM `user` WHERE `id` = 2  [ RunTime:0.0004s ]
INFO: [ app_end ] --START--
INFO: Run Behavior\ShowPageTraceBehavior [ RunTime:0.000888s ]
INFO: [ app_end ] --END-- [ RunTime:0.001053s ]

[ 2016-01-08T15:58:38+08:00 ] 192.168.191.9 /meixue/index.php/home/question/questionsDetails?question_id=5
INFO: [ app_init ] --START--
INFO: Run Behavior\BuildLiteBehavior [ RunTime:0.000057s ]
INFO: [ app_init ] --END-- [ RunTime:0.000700s ]
INFO: [ app_begin ] --START--
INFO: Run Behavior\ReadHtmlCacheBehavior [ RunTime:0.000509s ]
INFO: [ app_begin ] --END-- [ RunTime:0.000660s ]
SQL: SHOW COLUMNS FROM `question` [ RunTime:0.0213s ]
SQL: SHOW COLUMNS FROM `question` [ RunTime:0.0093s ]
SQL: SELECT * FROM `question` WHERE `id` = 5  [ RunTime:0.0007s ]
SQL: SHOW COLUMNS FROM `user` [ RunTime:0.0285s ]
SQL: SELECT * FROM `user` WHERE `id` = 1  [ RunTime:0.0007s ]
INFO: [ app_end ] --START--
INFO: Run Behavior\ShowPageTraceBehavior [ RunTime:0.001288s ]
INFO: [ app_end ] --END-- [ RunTime:0.001774s ]

[ 2016-01-08T15:58:39+08:00 ] 192.168.191.9 /meixue/index.php/home/answer/answerList?question_id=5&page=1
INFO: [ app_init ] --START--
INFO: Run Behavior\BuildLiteBehavior [ RunTime:0.000034s ]
INFO: [ app_init ] --END-- [ RunTime:0.000635s ]
INFO: [ app_begin ] --START--
INFO: Run Behavior\ReadHtmlCacheBehavior [ RunTime:0.000638s ]
INFO: [ app_begin ] --END-- [ RunTime:0.000889s ]
SQL: SHOW COLUMNS FROM `answer` [ RunTime:0.0091s ]
SQL: SHOW COLUMNS FROM `user` [ RunTime:0.0044s ]
SQL: select * from answer where question_id = 5 order by created_at desc limit 0,20 [ RunTime:0.0004s ]
NOTIC: [8] Undefined variable: allRet F:\wamp\www\meixue\Application\Home\Model\AnswerModel.class.php 第 32 行.
INFO: [ app_end ] --START--
INFO: Run Behavior\ShowPageTraceBehavior [ RunTime:0.000783s ]
INFO: [ app_end ] --END-- [ RunTime:0.000917s ]

[ 2016-01-08T15:58:46+08:00 ] 192.168.191.9 /meixue/index.php/home/answer/answerList?question_id=6&page=1
INFO: [ app_init ] --START--
INFO: Run Behavior\BuildLiteBehavior [ RunTime:0.000044s ]
INFO: [ app_init ] --END-- [ RunTime:0.000905s ]
INFO: [ app_begin ] --START--
INFO: Run Behavior\ReadHtmlCacheBehavior [ RunTime:0.000876s ]
INFO: [ app_begin ] --END-- [ RunTime:0.001077s ]
SQL: SHOW COLUMNS FROM `answer` [ RunTime:0.0188s ]
SQL: SHOW COLUMNS FROM `user` [ RunTime:0.0181s ]
SQL: select * from answer where question_id = 6 order by created_at desc limit 0,20 [ RunTime:0.0009s ]
SQL: SELECT * FROM `user` WHERE `id` = 1  [ RunTime:0.0004s ]
SQL: SELECT * FROM `user` WHERE `id` = 2  [ RunTime:0.0004s ]
INFO: [ app_end ] --START--
INFO: Run Behavior\ShowPageTraceBehavior [ RunTime:0.001331s ]
INFO: [ app_end ] --END-- [ RunTime:0.001592s ]

[ 2016-01-08T15:58:46+08:00 ] 192.168.191.9 /meixue/index.php/home/question/questionsDetails?question_id=6
INFO: [ app_init ] --START--
INFO: Run Behavior\BuildLiteBehavior [ RunTime:0.000034s ]
INFO: [ app_init ] --END-- [ RunTime:0.000627s ]
INFO: [ app_begin ] --START--
INFO: Run Behavior\ReadHtmlCacheBehavior [ RunTime:0.000925s ]
INFO: [ app_begin ] --END-- [ RunTime:0.001130s ]
SQL: SHOW COLUMNS FROM `question` [ RunTime:0.0101s ]
SQL: SHOW COLUMNS FROM `question` [ RunTime:0.0066s ]
SQL: SELECT * FROM `question` WHERE `id` = 6  [ RunTime:0.0004s ]
SQL: SHOW COLUMNS FROM `user` [ RunTime:0.0049s ]
SQL: SELECT * FROM `user` WHERE `id` = 2  [ RunTime:0.0004s ]
INFO: [ app_end ] --START--
INFO: Run Behavior\ShowPageTraceBehavior [ RunTime:0.000571s ]
INFO: [ app_end ] --END-- [ RunTime:0.000714s ]

[ 2016-01-08T15:59:16+08:00 ] 192.168.191.9 /meixue/index.php/home/answer/answerList?question_id=4&page=1
INFO: [ app_init ] --START--
INFO: Run Behavior\BuildLiteBehavior [ RunTime:0.000071s ]
INFO: [ app_init ] --END-- [ RunTime:0.001220s ]
INFO: [ app_begin ] --START--
INFO: Run Behavior\ReadHtmlCacheBehavior [ RunTime:0.000623s ]
INFO: [ app_begin ] --END-- [ RunTime:0.000892s ]
SQL: SHOW COLUMNS FROM `answer` [ RunTime:0.0095s ]
SQL: SHOW COLUMNS FROM `user` [ RunTime:0.0064s ]
SQL: select * from answer where question_id = 4 order by created_at desc limit 0,20 [ RunTime:0.0004s ]
NOTIC: [8] Undefined variable: allRet F:\wamp\www\meixue\Application\Home\Model\AnswerModel.class.php 第 32 行.
INFO: [ app_end ] --START--
INFO: Run Behavior\ShowPageTraceBehavior [ RunTime:0.000594s ]
INFO: [ app_end ] --END-- [ RunTime:0.000760s ]

[ 2016-01-08T15:59:16+08:00 ] 192.168.191.9 /meixue/index.php/home/question/questionsDetails?question_id=4
INFO: [ app_init ] --START--
INFO: Run Behavior\BuildLiteBehavior [ RunTime:0.000039s ]
INFO: [ app_init ] --END-- [ RunTime:0.000689s ]
INFO: [ app_begin ] --START--
INFO: Run Behavior\ReadHtmlCacheBehavior [ RunTime:0.000735s ]
INFO: [ app_begin ] --END-- [ RunTime:0.000926s ]
SQL: SHOW COLUMNS FROM `question` [ RunTime:0.0092s ]
SQL: SHOW COLUMNS FROM `question` [ RunTime:0.0048s ]
SQL: SELECT * FROM `question` WHERE `id` = 4  [ RunTime:0.0004s ]
SQL: SHOW COLUMNS FROM `user` [ RunTime:0.0083s ]
SQL: SELECT * FROM `user` WHERE `id` = 1  [ RunTime:0.0004s ]
INFO: [ app_end ] --START--
INFO: Run Behavior\ShowPageTraceBehavior [ RunTime:0.000780s ]
INFO: [ app_end ] --END-- [ RunTime:0.000926s ]

[ 2016-01-08T15:59:20+08:00 ] 192.168.191.9 /meixue/index.php/home/answer/answerList?question_id=3&page=1
INFO: [ app_init ] --START--
INFO: Run Behavior\BuildLiteBehavior [ RunTime:0.000073s ]
INFO: [ app_init ] --END-- [ RunTime:0.001324s ]
INFO: [ app_begin ] --START--
INFO: Run Behavior\ReadHtmlCacheBehavior [ RunTime:0.000596s ]
INFO: [ app_begin ] --END-- [ RunTime:0.000830s ]
SQL: SHOW COLUMNS FROM `answer` [ RunTime:0.0089s ]
SQL: SHOW COLUMNS FROM `user` [ RunTime:0.0064s ]
SQL: select * from answer where question_id = 3 order by created_at desc limit 0,20 [ RunTime:0.0004s ]
NOTIC: [8] Undefined variable: allRet F:\wamp\www\meixue\Application\Home\Model\AnswerModel.class.php 第 32 行.
INFO: [ app_end ] --START--
INFO: Run Behavior\ShowPageTraceBehavior [ RunTime:0.000574s ]
INFO: [ app_end ] --END-- [ RunTime:0.000715s ]

[ 2016-01-08T15:59:20+08:00 ] 192.168.191.9 /meixue/index.php/home/question/questionsDetails?question_id=3
INFO: [ app_init ] --START--
INFO: Run Behavior\BuildLiteBehavior [ RunTime:0.000049s ]
INFO: [ app_init ] --END-- [ RunTime:0.000605s ]
INFO: [ app_begin ] --START--
INFO: Run Behavior\ReadHtmlCacheBehavior [ RunTime:0.000622s ]
INFO: [ app_begin ] --END-- [ RunTime:0.000768s ]
SQL: SHOW COLUMNS FROM `question` [ RunTime:0.0065s ]
SQL: SHOW COLUMNS FROM `question` [ RunTime:0.0047s ]
SQL: SELECT * FROM `question` WHERE `id` = 3  [ RunTime:0.0003s ]
SQL: SHOW COLUMNS FROM `user` [ RunTime:0.0044s ]
SQL: SELECT * FROM `user` WHERE `id` = 1  [ RunTime:0.0004s ]
INFO: [ app_end ] --START--
INFO: Run Behavior\ShowPageTraceBehavior [ RunTime:0.000814s ]
INFO: [ app_end ] --END-- [ RunTime:0.000957s ]

[ 2016-01-08T15:59:25+08:00 ] 192.168.191.9 /meixue/index.php/home/answer/answerList?question_id=2&page=1
INFO: [ app_init ] --START--
INFO: Run Behavior\BuildLiteBehavior [ RunTime:0.000073s ]
INFO: [ app_init ] --END-- [ RunTime:0.001147s ]
INFO: [ app_begin ] --START--
INFO: Run Behavior\ReadHtmlCacheBehavior [ RunTime:0.001571s ]
INFO: [ app_begin ] --END-- [ RunTime:0.001897s ]
SQL: SHOW COLUMNS FROM `answer` [ RunTime:0.0089s ]
SQL: SHOW COLUMNS FROM `user` [ RunTime:0.0074s ]
SQL: select * from answer where question_id = 2 order by created_at desc limit 0,20 [ RunTime:0.0004s ]
NOTIC: [8] Undefined variable: allRet F:\wamp\www\meixue\Application\Home\Model\AnswerModel.class.php 第 32 行.
INFO: [ app_end ] --START--
INFO: Run Behavior\ShowPageTraceBehavior [ RunTime:0.001058s ]
INFO: [ app_end ] --END-- [ RunTime:0.001329s ]

[ 2016-01-08T15:59:26+08:00 ] 192.168.191.9 /meixue/index.php/home/question/questionsDetails?question_id=2
INFO: [ app_init ] --START--
INFO: Run Behavior\BuildLiteBehavior [ RunTime:0.000043s ]
INFO: [ app_init ] --END-- [ RunTime:0.000626s ]
INFO: [ app_begin ] --START--
INFO: Run Behavior\ReadHtmlCacheBehavior [ RunTime:0.000440s ]
INFO: [ app_begin ] --END-- [ RunTime:0.000571s ]
SQL: SHOW COLUMNS FROM `question` [ RunTime:0.0089s ]
SQL: SHOW COLUMNS FROM `question` [ RunTime:0.0043s ]
SQL: SELECT * FROM `question` WHERE `id` = 2  [ RunTime:0.0004s ]
SQL: SHOW COLUMNS FROM `user` [ RunTime:0.0063s ]
SQL: SELECT * FROM `user` WHERE `id` = 1  [ RunTime:0.0004s ]
INFO: [ app_end ] --START--
INFO: Run Behavior\ShowPageTraceBehavior [ RunTime:0.000564s ]
INFO: [ app_end ] --END-- [ RunTime:0.000708s ]

[ 2016-01-08T15:59:36+08:00 ] 192.168.191.9 /meixue/index.php/home/answer/answerList?question_id=1&page=1
INFO: [ app_init ] --START--
INFO: Run Behavior\BuildLiteBehavior [ RunTime:0.000080s ]
INFO: [ app_init ] --END-- [ RunTime:0.001025s ]
INFO: [ app_begin ] --START--
INFO: Run Behavior\ReadHtmlCacheBehavior [ RunTime:0.000902s ]
INFO: [ app_begin ] --END-- [ RunTime:0.001212s ]
SQL: SHOW COLUMNS FROM `answer` [ RunTime:0.0184s ]
SQL: SHOW COLUMNS FROM `user` [ RunTime:0.0150s ]
SQL: select * from answer where question_id = 1 order by created_at desc limit 0,20 [ RunTime:0.0007s ]
NOTIC: [8] Undefined variable: allRet F:\wamp\www\meixue\Application\Home\Model\AnswerModel.class.php 第 32 行.
INFO: [ app_end ] --START--
INFO: Run Behavior\ShowPageTraceBehavior [ RunTime:0.001241s ]
INFO: [ app_end ] --END-- [ RunTime:0.001572s ]

[ 2016-01-08T15:59:37+08:00 ] 192.168.191.9 /meixue/index.php/home/question/questionsDetails?question_id=1
INFO: [ app_init ] --START--
INFO: Run Behavior\BuildLiteBehavior [ RunTime:0.000043s ]
INFO: [ app_init ] --END-- [ RunTime:0.000667s ]
INFO: [ app_begin ] --START--
INFO: Run Behavior\ReadHtmlCacheBehavior [ RunTime:0.000875s ]
INFO: [ app_begin ] --END-- [ RunTime:0.001085s ]
SQL: SHOW COLUMNS FROM `question` [ RunTime:0.0114s ]
SQL: SHOW COLUMNS FROM `question` [ RunTime:0.0107s ]
SQL: SELECT * FROM `question` WHERE `id` = 1  [ RunTime:0.0007s ]
SQL: SHOW COLUMNS FROM `user` [ RunTime:0.0090s ]
SQL: SELECT * FROM `user` WHERE `id` = 1  [ RunTime:0.0005s ]
INFO: [ app_end ] --START--
INFO: Run Behavior\ShowPageTraceBehavior [ RunTime:0.000882s ]
INFO: [ app_end ] --END-- [ RunTime:0.001021s ]

[ 2016-01-08T15:59:42+08:00 ] 192.168.191.9 /meixue/index.php/home/answer/answerList?question_id=6&page=1
INFO: [ app_init ] --START--
INFO: Run Behavior\BuildLiteBehavior [ RunTime:0.000072s ]
INFO: [ app_init ] --END-- [ RunTime:0.001051s ]
INFO: [ app_begin ] --START--
INFO: Run Behavior\ReadHtmlCacheBehavior [ RunTime:0.001085s ]
INFO: [ app_begin ] --END-- [ RunTime:0.001424s ]
SQL: SHOW COLUMNS FROM `answer` [ RunTime:0.0179s ]
SQL: SHOW COLUMNS FROM `user` [ RunTime:0.0106s ]
SQL: select * from answer where question_id = 6 order by created_at desc limit 0,20 [ RunTime:0.0004s ]
SQL: SELECT * FROM `user` WHERE `id` = 1  [ RunTime:0.0003s ]
SQL: SELECT * FROM `user` WHERE `id` = 2  [ RunTime:0.0003s ]
INFO: [ app_end ] --START--
INFO: Run Behavior\ShowPageTraceBehavior [ RunTime:0.001031s ]
INFO: [ app_end ] --END-- [ RunTime:0.001213s ]

[ 2016-01-08T15:59:43+08:00 ] 192.168.191.9 /meixue/index.php/home/question/questionsDetails?question_id=6
INFO: [ app_init ] --START--
INFO: Run Behavior\BuildLiteBehavior [ RunTime:0.000069s ]
INFO: [ app_init ] --END-- [ RunTime:0.001116s ]
INFO: [ app_begin ] --START--
INFO: Run Behavior\ReadHtmlCacheBehavior [ RunTime:0.000612s ]
INFO: [ app_begin ] --END-- [ RunTime:0.000773s ]
SQL: SHOW COLUMNS FROM `question` [ RunTime:0.0091s ]
SQL: SHOW COLUMNS FROM `question` [ RunTime:0.0047s ]
SQL: SELECT * FROM `question` WHERE `id` = 6  [ RunTime:0.0004s ]
SQL: SHOW COLUMNS FROM `user` [ RunTime:0.0084s ]
SQL: SELECT * FROM `user` WHERE `id` = 2  [ RunTime:0.0004s ]
INFO: [ app_end ] --START--
INFO: Run Behavior\ShowPageTraceBehavior [ RunTime:0.000839s ]
INFO: [ app_end ] --END-- [ RunTime:0.000991s ]

[ 2016-01-08T16:00:12+08:00 ] 192.168.191.9 /meixue/index.php/home/question/myQuestionsList?user_id=2&page=1
INFO: [ app_init ] --START--
INFO: Run Behavior\BuildLiteBehavior [ RunTime:0.000071s ]
INFO: [ app_init ] --END-- [ RunTime:0.001255s ]
INFO: [ app_begin ] --START--
INFO: Run Behavior\ReadHtmlCacheBehavior [ RunTime:0.001479s ]
INFO: [ app_begin ] --END-- [ RunTime:0.001837s ]
SQL: SHOW COLUMNS FROM `question` [ RunTime:0.0146s ]
SQL: select * from question where user_id = 2 order by created_at desc limit 0,20 [ RunTime:0.0129s ]
INFO: [ app_end ] --START--
INFO: Run Behavior\ShowPageTraceBehavior [ RunTime:0.001630s ]
INFO: [ app_end ] --END-- [ RunTime:0.001885s ]

[ 2016-01-08T16:00:13+08:00 ] 192.168.191.9 /meixue/index.php/home/answer/answerList?question_id=6&page=1
INFO: [ app_init ] --START--
INFO: Run Behavior\BuildLiteBehavior [ RunTime:0.000037s ]
INFO: [ app_init ] --END-- [ RunTime:0.000592s ]
INFO: [ app_begin ] --START--
INFO: Run Behavior\ReadHtmlCacheBehavior [ RunTime:0.000897s ]
INFO: [ app_begin ] --END-- [ RunTime:0.001079s ]
SQL: SHOW COLUMNS FROM `answer` [ RunTime:0.0381s ]
SQL: SHOW COLUMNS FROM `user` [ RunTime:0.0073s ]
SQL: select * from answer where question_id = 6 order by created_at desc limit 0,20 [ RunTime:0.0004s ]
SQL: SELECT * FROM `user` WHERE `id` = 1  [ RunTime:0.0003s ]
SQL: SELECT * FROM `user` WHERE `id` = 2  [ RunTime:0.0003s ]
INFO: [ app_end ] --START--
INFO: Run Behavior\ShowPageTraceBehavior [ RunTime:0.000914s ]
INFO: [ app_end ] --END-- [ RunTime:0.001092s ]

[ 2016-01-08T16:00:13+08:00 ] 192.168.191.9 /meixue/index.php/home/question/questionsDetails?question_id=6
INFO: [ app_init ] --START--
INFO: Run Behavior\BuildLiteBehavior [ RunTime:0.000146s ]
INFO: [ app_init ] --END-- [ RunTime:0.001544s ]
INFO: [ app_begin ] --START--
INFO: Run Behavior\ReadHtmlCacheBehavior [ RunTime:0.000699s ]
INFO: [ app_begin ] --END-- [ RunTime:0.000875s ]
SQL: SHOW COLUMNS FROM `question` [ RunTime:0.0077s ]
SQL: SHOW COLUMNS FROM `question` [ RunTime:0.0052s ]
SQL: SELECT * FROM `question` WHERE `id` = 6  [ RunTime:0.0004s ]
SQL: SHOW COLUMNS FROM `user` [ RunTime:0.0051s ]
SQL: SELECT * FROM `user` WHERE `id` = 2  [ RunTime:0.0004s ]
INFO: [ app_end ] --START--
INFO: Run Behavior\ShowPageTraceBehavior [ RunTime:0.000741s ]
INFO: [ app_end ] --END-- [ RunTime:0.000905s ]

[ 2016-01-08T16:00:20+08:00 ] 192.168.191.9 /meixue/index.php/home/questions/answers?user_id=2&page=1
INFO: [ app_init ] --START--
INFO: Run Behavior\BuildLiteBehavior [ RunTime:0.000069s ]
INFO: [ app_init ] --END-- [ RunTime:0.001051s ]
INFO: [ app_begin ] --START--
INFO: Run Behavior\ReadHtmlCacheBehavior [ RunTime:0.000418s ]
INFO: [ app_begin ] --END-- [ RunTime:0.000583s ]
ERR: 无法加载控制器:Questions

[ 2016-01-08T16:00:22+08:00 ] 192.168.191.9 /meixue/index.php/home/my_collects?page=1
INFO: [ app_init ] --START--
INFO: Run Behavior\BuildLiteBehavior [ RunTime:0.000069s ]
INFO: [ app_init ] --END-- [ RunTime:0.001011s ]
INFO: [ app_begin ] --START--
INFO: Run Behavior\ReadHtmlCacheBehavior [ RunTime:0.001078s ]
INFO: [ app_begin ] --END-- [ RunTime:0.001438s ]
ERR: 无法加载控制器:My_collects

[ 2016-01-08T16:00:32+08:00 ] 192.168.191.9 /meixue/index.php/home/answer/answerList?question_id=6&page=1
INFO: [ app_init ] --START--
INFO: Run Behavior\BuildLiteBehavior [ RunTime:0.000133s ]
INFO: [ app_init ] --END-- [ RunTime:0.001611s ]
INFO: [ app_begin ] --START--
INFO: Run Behavior\ReadHtmlCacheBehavior [ RunTime:0.000454s ]
INFO: [ app_begin ] --END-- [ RunTime:0.000606s ]
SQL: SHOW COLUMNS FROM `answer` [ RunTime:0.0095s ]
SQL: SHOW COLUMNS FROM `user` [ RunTime:0.0459s ]
SQL: select * from answer where question_id = 6 order by created_at desc limit 0,20 [ RunTime:0.0008s ]
SQL: SELECT * FROM `user` WHERE `id` = 1  [ RunTime:0.0006s ]
SQL: SELECT * FROM `user` WHERE `id` = 2  [ RunTime:0.0005s ]
INFO: [ app_end ] --START--
INFO: Run Behavior\ShowPageTraceBehavior [ RunTime:0.001323s ]
INFO: [ app_end ] --END-- [ RunTime:0.001790s ]

[ 2016-01-08T16:00:32+08:00 ] 192.168.191.9 /meixue/index.php/home/question/questionsDetails?question_id=6
INFO: [ app_init ] --START--
INFO: Run Behavior\BuildLiteBehavior [ RunTime:0.000031s ]
INFO: [ app_init ] --END-- [ RunTime:0.000484s ]
INFO: [ app_begin ] --START--
INFO: Run Behavior\ReadHtmlCacheBehavior [ RunTime:0.000616s ]
INFO: [ app_begin ] --END-- [ RunTime:0.000757s ]
SQL: SHOW COLUMNS FROM `question` [ RunTime:0.0147s ]
SQL: SHOW COLUMNS FROM `question` [ RunTime:0.0096s ]
SQL: SELECT * FROM `question` WHERE `id` = 6  [ RunTime:0.0007s ]
SQL: SHOW COLUMNS FROM `user` [ RunTime:0.0104s ]
SQL: SELECT * FROM `user` WHERE `id` = 2  [ RunTime:0.0007s ]
INFO: [ app_end ] --START--
INFO: Run Behavior\ShowPageTraceBehavior [ RunTime:0.001630s ]
INFO: [ app_end ] --END-- [ RunTime:0.001968s ]

[ 2016-01-08T16:00:43+08:00 ] 192.168.191.9 /meixue/index.php/home/users/show?user_id=2
INFO: [ app_init ] --START--
INFO: Run Behavior\BuildLiteBehavior [ RunTime:0.000070s ]
INFO: [ app_init ] --END-- [ RunTime:0.001127s ]
INFO: [ app_begin ] --START--
INFO: Run Behavior\ReadHtmlCacheBehavior [ RunTime:0.001631s ]
INFO: [ app_begin ] --END-- [ RunTime:0.002140s ]
ERR: 无法加载控制器:Users

[ 2016-01-08T16:00:54+08:00 ] 192.168.191.9 /meixue/index.php/home/questions/collect
INFO: [ app_init ] --START--
INFO: Run Behavior\BuildLiteBehavior [ RunTime:0.000070s ]
INFO: [ app_init ] --END-- [ RunTime:0.001142s ]
INFO: [ app_begin ] --START--
INFO: Run Behavior\ReadHtmlCacheBehavior [ RunTime:0.001007s ]
INFO: [ app_begin ] --END-- [ RunTime:0.001318s ]
ERR: 无法加载控制器:Questions

[ 2016-01-08T16:01:10+08:00 ] 192.168.191.9 /meixue/index.php/home/questions/answers?user_id=2&page=1
INFO: [ app_init ] --START--
INFO: Run Behavior\BuildLiteBehavior [ RunTime:0.000032s ]
INFO: [ app_init ] --END-- [ RunTime:0.000457s ]
INFO: [ app_begin ] --START--
INFO: Run Behavior\ReadHtmlCacheBehavior [ RunTime:0.000473s ]
INFO: [ app_begin ] --END-- [ RunTime:0.000619s ]
ERR: 无法加载控制器:Questions

[ 2016-01-08T16:01:10+08:00 ] 192.168.191.9 /meixue/index.php/home/my_collects?page=1
INFO: [ app_init ] --START--
INFO: Run Behavior\BuildLiteBehavior [ RunTime:0.000051s ]
INFO: [ app_init ] --END-- [ RunTime:0.000731s ]
INFO: [ app_begin ] --START--
INFO: Run Behavior\ReadHtmlCacheBehavior [ RunTime:0.000628s ]
INFO: [ app_begin ] --END-- [ RunTime:0.000780s ]
ERR: 无法加载控制器:My_collects

[ 2016-01-08T16:01:27+08:00 ] 192.168.191.9 /meixue/index.php/home/questions/answers?user_id=2&page=1
INFO: [ app_init ] --START--
INFO: Run Behavior\BuildLiteBehavior [ RunTime:0.000070s ]
INFO: [ app_init ] --END-- [ RunTime:0.001075s ]
INFO: [ app_begin ] --START--
INFO: Run Behavior\ReadHtmlCacheBehavior [ RunTime:0.001649s ]
INFO: [ app_begin ] --END-- [ RunTime:0.002140s ]
ERR: 无法加载控制器:Questions

[ 2016-01-08T16:01:27+08:00 ] 192.168.191.9 /meixue/index.php/home/my_collects?page=1
INFO: [ app_init ] --START--
INFO: Run Behavior\BuildLiteBehavior [ RunTime:0.000054s ]
INFO: [ app_init ] --END-- [ RunTime:0.000825s ]
INFO: [ app_begin ] --START--
INFO: Run Behavior\ReadHtmlCacheBehavior [ RunTime:0.000687s ]
INFO: [ app_begin ] --END-- [ RunTime:0.000845s ]
ERR: 无法加载控制器:My_collects

[ 2016-01-08T16:01:33+08:00 ] 192.168.191.9 /meixue/index.php/home/my_collects?page=1
INFO: [ app_init ] --START--
INFO: Run Behavior\BuildLiteBehavior [ RunTime:0.000069s ]
INFO: [ app_init ] --END-- [ RunTime:0.001081s ]
INFO: [ app_begin ] --START--
INFO: Run Behavior\ReadHtmlCacheBehavior [ RunTime:0.000507s ]
INFO: [ app_begin ] --END-- [ RunTime:0.000656s ]
ERR: 无法加载控制器:My_collects

[ 2016-01-08T16:01:33+08:00 ] 192.168.191.9 /meixue/index.php/home/questions/answers?user_id=2&page=1
INFO: [ app_init ] --START--
INFO: Run Behavior\BuildLiteBehavior [ RunTime:0.000170s ]
INFO: [ app_init ] --END-- [ RunTime:0.001458s ]
INFO: [ app_begin ] --START--
INFO: Run Behavior\ReadHtmlCacheBehavior [ RunTime:0.000693s ]
INFO: [ app_begin ] --END-- [ RunTime:0.000856s ]
ERR: 无法加载控制器:Questions

[ 2016-01-08T16:02:08+08:00 ] 192.168.191.9 /meixue/index.php/home/question/questionsDetails?question_id=6
INFO: [ app_init ] --START--
INFO: Run Behavior\BuildLiteBehavior [ RunTime:0.000077s ]
INFO: [ app_init ] --END-- [ RunTime:0.001267s ]
INFO: [ app_begin ] --START--
INFO: Run Behavior\ReadHtmlCacheBehavior [ RunTime:0.001026s ]
INFO: [ app_begin ] --END-- [ RunTime:0.001435s ]
SQL: SHOW COLUMNS FROM `question` [ RunTime:0.0091s ]
SQL: SHOW COLUMNS FROM `question` [ RunTime:0.0047s ]
SQL: SELECT * FROM `question` WHERE `id` = 6  [ RunTime:0.0005s ]
SQL: SHOW COLUMNS FROM `user` [ RunTime:0.0101s ]
SQL: SELECT * FROM `user` WHERE `id` = 2  [ RunTime:0.0004s ]
INFO: [ app_end ] --START--
INFO: Run Behavior\ShowPageTraceBehavior [ RunTime:0.000749s ]
INFO: [ app_end ] --END-- [ RunTime:0.000963s ]

[ 2016-01-08T16:02:08+08:00 ] 192.168.191.9 /meixue/index.php/home/answer/answerList?question_id=6&page=1
INFO: [ app_init ] --START--
INFO: Run Behavior\BuildLiteBehavior [ RunTime:0.000079s ]
INFO: [ app_init ] --END-- [ RunTime:0.001062s ]
INFO: [ app_begin ] --START--
INFO: Run Behavior\ReadHtmlCacheBehavior [ RunTime:0.001100s ]
INFO: [ app_begin ] --END-- [ RunTime:0.001458s ]
SQL: SHOW COLUMNS FROM `answer` [ RunTime:0.0089s ]
SQL: SHOW COLUMNS FROM `user` [ RunTime:0.0052s ]
SQL: select * from answer where question_id = 6 order by created_at desc limit 0,20 [ RunTime:0.0004s ]
SQL: SELECT * FROM `user` WHERE `id` = 1  [ RunTime:0.0003s ]
SQL: SELECT * FROM `user` WHERE `id` = 2  [ RunTime:0.0002s ]
INFO: [ app_end ] --START--
INFO: Run Behavior\ShowPageTraceBehavior [ RunTime:0.001084s ]
INFO: [ app_end ] --END-- [ RunTime:0.001249s ]

[ 2016-01-08T16:02:14+08:00 ] 192.168.191.9 /meixue/index.php/home/my_collects?page=1
INFO: [ app_init ] --START--
INFO: Run Behavior\BuildLiteBehavior [ RunTime:0.000055s ]
INFO: [ app_init ] --END-- [ RunTime:0.000724s ]
INFO: [ app_begin ] --START--
INFO: Run Behavior\ReadHtmlCacheBehavior [ RunTime:0.000963s ]
INFO: [ app_begin ] --END-- [ RunTime:0.001201s ]
ERR: 无法加载控制器:My_collects

[ 2016-01-08T16:02:14+08:00 ] 192.168.191.9 /meixue/index.php/home/questions/answers?user_id=2&page=1
INFO: [ app_init ] --START--
INFO: Run Behavior\BuildLiteBehavior [ RunTime:0.000047s ]
INFO: [ app_init ] --END-- [ RunTime:0.000663s ]
INFO: [ app_begin ] --START--
INFO: Run Behavior\ReadHtmlCacheBehavior [ RunTime:0.000820s ]
INFO: [ app_begin ] --END-- [ RunTime:0.001066s ]
ERR: 无法加载控制器:Questions

[ 2016-01-08T16:02:55+08:00 ] 192.168.191.9 /meixue/index.php/home/question/questionsDetails?question_id=6
INFO: [ app_init ] --START--
INFO: Run Behavior\BuildLiteBehavior [ RunTime:0.000041s ]
INFO: [ app_init ] --END-- [ RunTime:0.000646s ]
INFO: [ app_begin ] --START--
INFO: Run Behavior\ReadHtmlCacheBehavior [ RunTime:0.000998s ]
INFO: [ app_begin ] --END-- [ RunTime:0.001262s ]
SQL: SHOW COLUMNS FROM `question` [ RunTime:0.0189s ]
SQL: SHOW COLUMNS FROM `question` [ RunTime:0.0088s ]
SQL: SELECT * FROM `question` WHERE `id` = 6  [ RunTime:0.0006s ]
SQL: SHOW COLUMNS FROM `user` [ RunTime:0.0111s ]
SQL: SELECT * FROM `user` WHERE `id` = 2  [ RunTime:0.0006s ]
INFO: [ app_end ] --START--
INFO: Run Behavior\ShowPageTraceBehavior [ RunTime:0.001838s ]
INFO: [ app_end ] --END-- [ RunTime:0.002237s ]

[ 2016-01-08T16:02:55+08:00 ] 192.168.191.9 /meixue/index.php/home/answer/answerList?question_id=6&page=1
INFO: [ app_init ] --START--
INFO: Run Behavior\BuildLiteBehavior [ RunTime:0.000042s ]
INFO: [ app_init ] --END-- [ RunTime:0.000724s ]
INFO: [ app_begin ] --START--
INFO: Run Behavior\ReadHtmlCacheBehavior [ RunTime:0.001207s ]
INFO: [ app_begin ] --END-- [ RunTime:0.001409s ]
SQL: SHOW COLUMNS FROM `answer` [ RunTime:0.0096s ]
SQL: SHOW COLUMNS FROM `user` [ RunTime:0.0047s ]
SQL: select * from answer where question_id = 6 order by created_at desc limit 0,20 [ RunTime:0.0006s ]
SQL: SELECT * FROM `user` WHERE `id` = 1  [ RunTime:0.0008s ]
SQL: SELECT * FROM `user` WHERE `id` = 2  [ RunTime:0.0989s ]
INFO: [ app_end ] --START--
INFO: Run Behavior\ShowPageTraceBehavior [ RunTime:0.003216s ]
INFO: [ app_end ] --END-- [ RunTime:0.003577s ]

[ 2016-01-08T16:06:21+08:00 ] 192.168.191.9 /meixue/index.php/home/my_collects?page=1
INFO: [ app_init ] --START--
INFO: Run Behavior\BuildLiteBehavior [ RunTime:0.000070s ]
INFO: [ app_init ] --END-- [ RunTime:0.001257s ]
INFO: [ app_begin ] --START--
INFO: Run Behavior\ReadHtmlCacheBehavior [ RunTime:0.000720s ]
INFO: [ app_begin ] --END-- [ RunTime:0.000866s ]
ERR: 无法加载控制器:My_collects

[ 2016-01-08T16:06:24+08:00 ] 192.168.191.9 /meixue/index.php/home/questions/answers?user_id=2&page=1
INFO: [ app_init ] --START--
INFO: Run Behavior\BuildLiteBehavior [ RunTime:0.000071s ]
INFO: [ app_init ] --END-- [ RunTime:0.001143s ]
INFO: [ app_begin ] --START--
INFO: Run Behavior\ReadHtmlCacheBehavior [ RunTime:0.001628s ]
INFO: [ app_begin ] --END-- [ RunTime:0.001976s ]
ERR: 无法加载控制器:Questions

[ 2016-01-08T16:06:24+08:00 ] 192.168.191.9 /meixue/index.php/home/answer/answerList?question_id=6&page=1
INFO: [ app_init ] --START--
INFO: Run Behavior\BuildLiteBehavior [ RunTime:0.000070s ]
INFO: [ app_init ] --END-- [ RunTime:0.001173s ]
INFO: [ app_begin ] --START--
INFO: Run Behavior\ReadHtmlCacheBehavior [ RunTime:0.001596s ]
INFO: [ app_begin ] --END-- [ RunTime:0.001862s ]
SQL: SHOW COLUMNS FROM `answer` [ RunTime:0.0125s ]
SQL: SHOW COLUMNS FROM `user` [ RunTime:0.0073s ]
SQL: select * from answer where question_id = 6 order by created_at desc limit 0,20 [ RunTime:0.0005s ]
SQL: SELECT * FROM `user` WHERE `id` = 1  [ RunTime:0.0003s ]
SQL: SELECT * FROM `user` WHERE `id` = 2  [ RunTime:0.0003s ]
INFO: [ app_end ] --START--
INFO: Run Behavior\ShowPageTraceBehavior [ RunTime:0.000783s ]
INFO: [ app_end ] --END-- [ RunTime:0.000924s ]

[ 2016-01-08T16:06:24+08:00 ] 192.168.191.9 /meixue/index.php/home/question/questionsDetails?question_id=6
INFO: [ app_init ] --START--
INFO: Run Behavior\BuildLiteBehavior [ RunTime:0.000038s ]
INFO: [ app_init ] --END-- [ RunTime:0.000511s ]
INFO: [ app_begin ] --START--
INFO: Run Behavior\ReadHtmlCacheBehavior [ RunTime:0.000625s ]
INFO: [ app_begin ] --END-- [ RunTime:0.000778s ]
SQL: SHOW COLUMNS FROM `question` [ RunTime:0.0078s ]
SQL: SHOW COLUMNS FROM `question` [ RunTime:0.0047s ]
SQL: SELECT * FROM `question` WHERE `id` = 6  [ RunTime:0.0004s ]
SQL: SHOW COLUMNS FROM `user` [ RunTime:0.0047s ]
SQL: SELECT * FROM `user` WHERE `id` = 2  [ RunTime:0.0003s ]
INFO: [ app_end ] --START--
INFO: Run Behavior\ShowPageTraceBehavior [ RunTime:0.000812s ]
INFO: [ app_end ] --END-- [ RunTime:0.000952s ]

[ 2016-01-08T16:06:30+08:00 ] 192.168.191.9 /meixue/index.php/home/my_collects?page=1
INFO: [ app_init ] --START--
INFO: Run Behavior\BuildLiteBehavior [ RunTime:0.000082s ]
INFO: [ app_init ] --END-- [ RunTime:0.001053s ]
INFO: [ app_begin ] --START--
INFO: Run Behavior\ReadHtmlCacheBehavior [ RunTime:0.001432s ]
INFO: [ app_begin ] --END-- [ RunTime:0.001913s ]
ERR: 无法加载控制器:My_collects

[ 2016-01-08T16:06:30+08:00 ] 192.168.191.9 /meixue/index.php/home/questions/answers?user_id=2&page=1
INFO: [ app_init ] --START--
INFO: Run Behavior\BuildLiteBehavior [ RunTime:0.000073s ]
INFO: [ app_init ] --END-- [ RunTime:0.001042s ]
INFO: [ app_begin ] --START--
INFO: Run Behavior\ReadHtmlCacheBehavior [ RunTime:0.001543s ]
INFO: [ app_begin ] --END-- [ RunTime:0.002138s ]
ERR: 无法加载控制器:Questions

[ 2016-01-08T16:06:38+08:00 ] 192.168.191.9 /meixue/index.php/home/question/questionsDetails?question_id=6
INFO: [ app_init ] --START--
INFO: Run Behavior\BuildLiteBehavior [ RunTime:0.000032s ]
INFO: [ app_init ] --END-- [ RunTime:0.000542s ]
INFO: [ app_begin ] --START--
INFO: Run Behavior\ReadHtmlCacheBehavior [ RunTime:0.000654s ]
INFO: [ app_begin ] --END-- [ RunTime:0.000833s ]
SQL: SHOW COLUMNS FROM `question` [ RunTime:0.1472s ]
SQL: SHOW COLUMNS FROM `question` [ RunTime:0.0099s ]
SQL: SELECT * FROM `question` WHERE `id` = 6  [ RunTime:0.0007s ]
SQL: SHOW COLUMNS FROM `user` [ RunTime:0.0088s ]
SQL: SELECT * FROM `user` WHERE `id` = 2  [ RunTime:0.0005s ]
INFO: [ app_end ] --START--
INFO: Run Behavior\ShowPageTraceBehavior [ RunTime:0.001063s ]
INFO: [ app_end ] --END-- [ RunTime:0.001260s ]

[ 2016-01-08T16:06:39+08:00 ] 192.168.191.9 /meixue/index.php/home/answer/answerList?question_id=6&page=1
INFO: [ app_init ] --START--
INFO: Run Behavior\BuildLiteBehavior [ RunTime:0.000031s ]
INFO: [ app_init ] --END-- [ RunTime:0.000684s ]
INFO: [ app_begin ] --START--
INFO: Run Behavior\ReadHtmlCacheBehavior [ RunTime:0.000612s ]
INFO: [ app_begin ] --END-- [ RunTime:0.000779s ]
SQL: SHOW COLUMNS FROM `answer` [ RunTime:0.5071s ]
SQL: SHOW COLUMNS FROM `user` [ RunTime:0.0159s ]
SQL: select * from answer where question_id = 6 order by created_at desc limit 0,20 [ RunTime:0.0009s ]
SQL: SELECT * FROM `user` WHERE `id` = 1  [ RunTime:0.0008s ]
SQL: SELECT * FROM `user` WHERE `id` = 2  [ RunTime:0.0007s ]
INFO: [ app_end ] --START--
INFO: Run Behavior\ShowPageTraceBehavior [ RunTime:0.002207s ]
INFO: [ app_end ] --END-- [ RunTime:0.002668s ]

[ 2016-01-08T16:06:43+08:00 ] 192.168.191.9 /meixue/index.php/home/questions/answers?user_id=2&page=1
INFO: [ app_init ] --START--
INFO: Run Behavior\BuildLiteBehavior [ RunTime:0.000035s ]
INFO: [ app_init ] --END-- [ RunTime:0.000582s ]
INFO: [ app_begin ] --START--
INFO: Run Behavior\ReadHtmlCacheBehavior [ RunTime:0.000622s ]
INFO: [ app_begin ] --END-- [ RunTime:0.000797s ]
ERR: 无法加载控制器:Questions

[ 2016-01-08T16:06:43+08:00 ] 192.168.191.9 /meixue/index.php/home/my_collects?page=1
INFO: [ app_init ] --START--
INFO: Run Behavior\BuildLiteBehavior [ RunTime:0.000030s ]
INFO: [ app_init ] --END-- [ RunTime:0.000478s ]
INFO: [ app_begin ] --START--
INFO: Run Behavior\ReadHtmlCacheBehavior [ RunTime:0.000628s ]
INFO: [ app_begin ] --END-- [ RunTime:0.000781s ]
ERR: 无法加载控制器:My_collects

[ 2016-01-08T16:06:50+08:00 ] 192.168.191.9 /meixue/index.php/home/question/questionsDetails?question_id=6
INFO: [ app_init ] --START--
INFO: Run Behavior\BuildLiteBehavior [ RunTime:0.000087s ]
INFO: [ app_init ] --END-- [ RunTime:0.001270s ]
INFO: [ app_begin ] --START--
INFO: Run Behavior\ReadHtmlCacheBehavior [ RunTime:0.000790s ]
INFO: [ app_begin ] --END-- [ RunTime:0.000975s ]
SQL: SHOW COLUMNS FROM `question` [ RunTime:0.0200s ]
SQL: SHOW COLUMNS FROM `question` [ RunTime:0.0098s ]
SQL: SELECT * FROM `question` WHERE `id` = 6  [ RunTime:0.0007s ]
SQL: SHOW COLUMNS FROM `user` [ RunTime:0.0145s ]
SQL: SELECT * FROM `user` WHERE `id` = 2  [ RunTime:0.0006s ]
INFO: [ app_end ] --START--
INFO: Run Behavior\ShowPageTraceBehavior [ RunTime:0.000926s ]
INFO: [ app_end ] --END-- [ RunTime:0.001103s ]

[ 2016-01-08T16:06:50+08:00 ] 192.168.191.9 /meixue/index.php/home/answer/answerList?question_id=6&page=1
INFO: [ app_init ] --START--
INFO: Run Behavior\BuildLiteBehavior [ RunTime:0.000037s ]
INFO: [ app_init ] --END-- [ RunTime:0.000976s ]
INFO: [ app_begin ] --START--
INFO: Run Behavior\ReadHtmlCacheBehavior [ RunTime:0.000881s ]
INFO: [ app_begin ] --END-- [ RunTime:0.001061s ]
SQL: SHOW COLUMNS FROM `answer` [ RunTime:0.0142s ]
SQL: SHOW COLUMNS FROM `user` [ RunTime:0.0097s ]
SQL: select * from answer where question_id = 6 order by created_at desc limit 0,20 [ RunTime:0.0008s ]
SQL: SELECT * FROM `user` WHERE `id` = 1  [ RunTime:0.0006s ]
SQL: SELECT * FROM `user` WHERE `id` = 2  [ RunTime:0.0006s ]
INFO: [ app_end ] --START--
INFO: Run Behavior\ShowPageTraceBehavior [ RunTime:0.001652s ]
INFO: [ app_end ] --END-- [ RunTime:0.002008s ]

[ 2016-01-08T16:06:55+08:00 ] 192.168.191.9 /meixue/index.php/home/questions/answers?user_id=2&page=1
INFO: [ app_init ] --START--
INFO: Run Behavior\BuildLiteBehavior [ RunTime:0.000071s ]
INFO: [ app_init ] --END-- [ RunTime:0.001136s ]
INFO: [ app_begin ] --START--
INFO: Run Behavior\ReadHtmlCacheBehavior [ RunTime:0.001025s ]
INFO: [ app_begin ] --END-- [ RunTime:0.001282s ]
ERR: 无法加载控制器:Questions

[ 2016-01-08T16:06:55+08:00 ] 192.168.191.9 /meixue/index.php/home/my_collects?page=1
INFO: [ app_init ] --START--
INFO: Run Behavior\BuildLiteBehavior [ RunTime:0.000065s ]
INFO: [ app_init ] --END-- [ RunTime:0.000905s ]
INFO: [ app_begin ] --START--
INFO: Run Behavior\ReadHtmlCacheBehavior [ RunTime:0.000944s ]
INFO: [ app_begin ] --END-- [ RunTime:0.001201s ]
ERR: 无法加载控制器:My_collects

[ 2016-01-08T16:07:14+08:00 ] 192.168.191.9 /meixue/index.php/home/users/following
INFO: [ app_init ] --START--
INFO: Run Behavior\BuildLiteBehavior [ RunTime:0.000043s ]
INFO: [ app_init ] --END-- [ RunTime:0.000767s ]
INFO: [ app_begin ] --START--
INFO: Run Behavior\ReadHtmlCacheBehavior [ RunTime:0.000875s ]
INFO: [ app_begin ] --END-- [ RunTime:0.001077s ]
ERR: 无法加载控制器:Users

[ 2016-01-08T16:08:00+08:00 ] 192.168.191.9 /meixue/index.php/home/questions/answers?user_id=2&page=1
INFO: [ app_init ] --START--
INFO: Run Behavior\BuildLiteBehavior [ RunTime:0.000033s ]
INFO: [ app_init ] --END-- [ RunTime:0.000637s ]
INFO: [ app_begin ] --START--
INFO: Run Behavior\ReadHtmlCacheBehavior [ RunTime:0.000612s ]
INFO: [ app_begin ] --END-- [ RunTime:0.000764s ]
ERR: 无法加载控制器:Questions

[ 2016-01-08T16:08:00+08:00 ] 192.168.191.9 /meixue/index.php/home/users/following
INFO: [ app_init ] --START--
INFO: Run Behavior\BuildLiteBehavior [ RunTime:0.000059s ]
INFO: [ app_init ] --END-- [ RunTime:0.000894s ]
INFO: [ app_begin ] --START--
INFO: Run Behavior\ReadHtmlCacheBehavior [ RunTime:0.000788s ]
INFO: [ app_begin ] --END-- [ RunTime:0.001002s ]
ERR: 无法加载控制器:Users

[ 2016-01-08T16:08:00+08:00 ] 192.168.191.9 /meixue/index.php/home/my_collects?page=1
INFO: [ app_init ] --START--
INFO: Run Behavior\BuildLiteBehavior [ RunTime:0.000071s ]
INFO: [ app_init ] --END-- [ RunTime:0.001144s ]
INFO: [ app_begin ] --START--
INFO: Run Behavior\ReadHtmlCacheBehavior [ RunTime:0.001651s ]
INFO: [ app_begin ] --END-- [ RunTime:0.002004s ]
ERR: 无法加载控制器:My_collects

[ 2016-01-08T16:08:09+08:00 ] 192.168.191.9 /meixue/index.php/home/my_collects?page=1
INFO: [ app_init ] --START--
INFO: Run Behavior\BuildLiteBehavior [ RunTime:0.000073s ]
INFO: [ app_init ] --END-- [ RunTime:0.000955s ]
INFO: [ app_begin ] --START--
INFO: Run Behavior\ReadHtmlCacheBehavior [ RunTime:0.000977s ]
INFO: [ app_begin ] --END-- [ RunTime:0.001280s ]
ERR: 无法加载控制器:My_collects

[ 2016-01-08T16:08:09+08:00 ] 192.168.191.9 /meixue/index.php/home/questions/answers?user_id=2&page=1
INFO: [ app_init ] --START--
INFO: Run Behavior\BuildLiteBehavior [ RunTime:0.000067s ]
INFO: [ app_init ] --END-- [ RunTime:0.000887s ]
INFO: [ app_begin ] --START--
INFO: Run Behavior\ReadHtmlCacheBehavior [ RunTime:0.001416s ]
INFO: [ app_begin ] --END-- [ RunTime:0.001739s ]
ERR: 无法加载控制器:Questions

[ 2016-01-08T16:08:09+08:00 ] 192.168.191.9 /meixue/index.php/home/users/following
INFO: [ app_init ] --START--
INFO: Run Behavior\BuildLiteBehavior [ RunTime:0.000087s ]
INFO: [ app_init ] --END-- [ RunTime:0.001585s ]
INFO: [ app_begin ] --START--
INFO: Run Behavior\ReadHtmlCacheBehavior [ RunTime:0.000991s ]
INFO: [ app_begin ] --END-- [ RunTime:0.001257s ]
ERR: 无法加载控制器:Users

[ 2016-01-08T16:08:16+08:00 ] 192.168.191.9 /meixue/index.php/home/question/questionsDetails?question_id=4
INFO: [ app_init ] --START--
INFO: Run Behavior\BuildLiteBehavior [ RunTime:0.000053s ]
INFO: [ app_init ] --END-- [ RunTime:0.000659s ]
INFO: [ app_begin ] --START--
INFO: Run Behavior\ReadHtmlCacheBehavior [ RunTime:0.001020s ]
INFO: [ app_begin ] --END-- [ RunTime:0.001243s ]
SQL: SHOW COLUMNS FROM `question` [ RunTime:0.0306s ]
SQL: SHOW COLUMNS FROM `question` [ RunTime:0.0093s ]
SQL: SELECT * FROM `question` WHERE `id` = 4  [ RunTime:0.0008s ]
SQL: SHOW COLUMNS FROM `user` [ RunTime:0.0135s ]
SQL: SELECT * FROM `user` WHERE `id` = 1  [ RunTime:0.0007s ]
INFO: [ app_end ] --START--
INFO: Run Behavior\ShowPageTraceBehavior [ RunTime:0.001850s ]
INFO: [ app_end ] --END-- [ RunTime:0.002183s ]

[ 2016-01-08T16:08:16+08:00 ] 192.168.191.9 /meixue/index.php/home/answer/answerList?question_id=4&page=1
INFO: [ app_init ] --START--
INFO: Run Behavior\BuildLiteBehavior [ RunTime:0.000053s ]
INFO: [ app_init ] --END-- [ RunTime:0.000687s ]
INFO: [ app_begin ] --START--
INFO: Run Behavior\ReadHtmlCacheBehavior [ RunTime:0.000633s ]
INFO: [ app_begin ] --END-- [ RunTime:0.000781s ]
SQL: SHOW COLUMNS FROM `answer` [ RunTime:0.0145s ]
SQL: SHOW COLUMNS FROM `user` [ RunTime:0.0097s ]
SQL: select * from answer where question_id = 4 order by created_at desc limit 0,20 [ RunTime:0.0008s ]
NOTIC: [8] Undefined variable: allRet F:\wamp\www\meixue\Application\Home\Model\AnswerModel.class.php 第 32 行.
INFO: [ app_end ] --START--
INFO: Run Behavior\ShowPageTraceBehavior [ RunTime:0.001716s ]
INFO: [ app_end ] --END-- [ RunTime:0.002041s ]

[ 2016-01-08T16:08:20+08:00 ] 192.168.191.9 /meixue/index.php/home/questions/answers?user_id=2&page=1
INFO: [ app_init ] --START--
INFO: Run Behavior\BuildLiteBehavior [ RunTime:0.000062s ]
INFO: [ app_init ] --END-- [ RunTime:0.000858s ]
INFO: [ app_begin ] --START--
INFO: Run Behavior\ReadHtmlCacheBehavior [ RunTime:0.001182s ]
INFO: [ app_begin ] --END-- [ RunTime:0.001518s ]
ERR: 无法加载控制器:Questions

[ 2016-01-08T16:08:20+08:00 ] 192.168.191.9 /meixue/index.php/home/users/following
INFO: [ app_init ] --START--
INFO: Run Behavior\BuildLiteBehavior [ RunTime:0.000059s ]
INFO: [ app_init ] --END-- [ RunTime:0.000885s ]
INFO: [ app_begin ] --START--
INFO: Run Behavior\ReadHtmlCacheBehavior [ RunTime:0.000972s ]
INFO: [ app_begin ] --END-- [ RunTime:0.001213s ]
ERR: 无法加载控制器:Users

[ 2016-01-08T16:08:20+08:00 ] 192.168.191.9 /meixue/index.php/home/my_collects?page=1
INFO: [ app_init ] --START--
INFO: Run Behavior\BuildLiteBehavior [ RunTime:0.000064s ]
INFO: [ app_init ] --END-- [ RunTime:0.000627s ]
INFO: [ app_begin ] --START--
INFO: Run Behavior\ReadHtmlCacheBehavior [ RunTime:0.000847s ]
INFO: [ app_begin ] --END-- [ RunTime:0.001088s ]
ERR: 无法加载控制器:My_collects

[ 2016-01-08T16:09:01+08:00 ] 192.168.191.9 /meixue/index.php/home/users/following
INFO: [ app_init ] --START--
INFO: Run Behavior\BuildLiteBehavior [ RunTime:0.000046s ]
INFO: [ app_init ] --END-- [ RunTime:0.000741s ]
INFO: [ app_begin ] --START--
INFO: Run Behavior\ReadHtmlCacheBehavior [ RunTime:0.000968s ]
INFO: [ app_begin ] --END-- [ RunTime:0.001263s ]
ERR: 无法加载控制器:Users

[ 2016-01-08T16:09:01+08:00 ] 192.168.191.9 /meixue/index.php/home/questions/answers?user_id=2&page=1
INFO: [ app_init ] --START--
INFO: Run Behavior\BuildLiteBehavior [ RunTime:0.000096s ]
INFO: [ app_init ] --END-- [ RunTime:0.001141s ]
INFO: [ app_begin ] --START--
INFO: Run Behavior\ReadHtmlCacheBehavior [ RunTime:0.000694s ]
INFO: [ app_begin ] --END-- [ RunTime:0.000855s ]
ERR: 无法加载控制器:Questions

[ 2016-01-08T16:09:01+08:00 ] 192.168.191.9 /meixue/index.php/home/my_collects?page=1
INFO: [ app_init ] --START--
INFO: Run Behavior\BuildLiteBehavior [ RunTime:0.000031s ]
INFO: [ app_init ] --END-- [ RunTime:0.000488s ]
INFO: [ app_begin ] --START--
INFO: Run Behavior\ReadHtmlCacheBehavior [ RunTime:0.000760s ]
INFO: [ app_begin ] --END-- [ RunTime:0.000952s ]
ERR: 无法加载控制器:My_collects

