[ 2016-01-12T13:25:41+08:00 ] ::1 /meixue/index.php/home/user/personalPage?user_id=1
INFO: [ app_init ] --START--
INFO: Run Behavior\BuildLiteBehavior [ RunTime:0.000051s ]
INFO: [ app_init ] --END-- [ RunTime:0.222530s ]
INFO: [ app_begin ] --START--
INFO: Run Behavior\ReadHtmlCacheBehavior [ RunTime:0.054433s ]
INFO: [ app_begin ] --END-- [ RunTime:0.055212s ]
SQL: SHOW COLUMNS FROM `user` [ RunTime:5.5682s ]
SQL: select * from user where id = '1' [ RunTime:0.7396s ]
INFO: [ app_end ] --START--
INFO: Run Behavior\ShowPageTraceBehavior [ RunTime:0.261267s ]
INFO: [ app_end ] --END-- [ RunTime:0.261663s ]

[ 2016-01-12T13:25:45+08:00 ] ::1 /meixue/index.php/home/user/personalPage?user_id=1
INFO: [ app_init ] --START--
INFO: Run Behavior\BuildLiteBehavior [ RunTime:0.000070s ]
INFO: [ app_init ] --END-- [ RunTime:0.000729s ]
INFO: [ app_begin ] --START--
INFO: Run Behavior\ReadHtmlCacheBehavior [ RunTime:0.000648s ]
INFO: [ app_begin ] --END-- [ RunTime:0.000847s ]
SQL: SHOW COLUMNS FROM `user` [ RunTime:0.0145s ]
SQL: select * from user where id = '1' [ RunTime:0.0005s ]
INFO: [ app_end ] --START--
INFO: Run Behavior\ShowPageTraceBehavior [ RunTime:0.000815s ]
INFO: [ app_end ] --END-- [ RunTime:0.001022s ]

[ 2016-01-12T13:26:06+08:00 ] ::1 /meixue/index.php/home/user/personalPage?user_id=2
INFO: [ app_init ] --START--
INFO: Run Behavior\BuildLiteBehavior [ RunTime:0.000031s ]
INFO: [ app_init ] --END-- [ RunTime:0.000436s ]
INFO: [ app_begin ] --START--
INFO: Run Behavior\ReadHtmlCacheBehavior [ RunTime:0.000423s ]
INFO: [ app_begin ] --END-- [ RunTime:0.000570s ]
SQL: SHOW COLUMNS FROM `user` [ RunTime:0.0091s ]
SQL: select * from user where id = '2' [ RunTime:0.0005s ]
INFO: [ app_end ] --START--
INFO: Run Behavior\ShowPageTraceBehavior [ RunTime:0.000605s ]
INFO: [ app_end ] --END-- [ RunTime:0.000745s ]

[ 2016-01-12T13:26:12+08:00 ] ::1 /meixue/index.php/home/user/personalPage?user_id=3
INFO: [ app_init ] --START--
INFO: Run Behavior\BuildLiteBehavior [ RunTime:0.000060s ]
INFO: [ app_init ] --END-- [ RunTime:0.000867s ]
INFO: [ app_begin ] --START--
INFO: Run Behavior\ReadHtmlCacheBehavior [ RunTime:0.001188s ]
INFO: [ app_begin ] --END-- [ RunTime:0.001556s ]
SQL: SHOW COLUMNS FROM `user` [ RunTime:0.0125s ]
SQL: select * from user where id = '3' [ RunTime:0.0004s ]
NOTIC: [8] Undefined offset: 0 F:\wamp\www\meixue\Application\Home\Model\UserModel.class.php 第 97 行.
INFO: [ app_end ] --START--
INFO: Run Behavior\ShowPageTraceBehavior [ RunTime:0.000566s ]
INFO: [ app_end ] --END-- [ RunTime:0.000705s ]

[ 2016-01-12T13:26:19+08:00 ] ::1 /meixue/index.php/home/user/personalPage?user_id=2
INFO: [ app_init ] --START--
INFO: Run Behavior\BuildLiteBehavior [ RunTime:0.000057s ]
INFO: [ app_init ] --END-- [ RunTime:0.000961s ]
INFO: [ app_begin ] --START--
INFO: Run Behavior\ReadHtmlCacheBehavior [ RunTime:0.003416s ]
INFO: [ app_begin ] --END-- [ RunTime:0.004167s ]
SQL: SHOW COLUMNS FROM `user` [ RunTime:0.1663s ]
SQL: select * from user where id = '2' [ RunTime:0.0007s ]
INFO: [ app_end ] --START--
INFO: Run Behavior\ShowPageTraceBehavior [ RunTime:0.001422s ]
INFO: [ app_end ] --END-- [ RunTime:0.001759s ]

[ 2016-01-12T13:43:39+08:00 ] ::1 /meixue/index.php/home/follow/followers?user_id=2
INFO: [ app_init ] --START--
INFO: Run Behavior\BuildLiteBehavior [ RunTime:0.000031s ]
INFO: [ app_init ] --END-- [ RunTime:0.000582s ]
INFO: [ app_begin ] --START--
INFO: Run Behavior\ReadHtmlCacheBehavior [ RunTime:0.000831s ]
INFO: [ app_begin ] --END-- [ RunTime:0.001016s ]
SQL: SHOW COLUMNS FROM `follow` [ RunTime:0.1672s ]
SQL: select * from follow where followed_user_id = '2' order by created_at desc  [ RunTime:0.0204s ]
INFO: [ app_end ] --START--
INFO: Run Behavior\ShowPageTraceBehavior [ RunTime:0.001083s ]
INFO: [ app_end ] --END-- [ RunTime:0.001262s ]

[ 2016-01-12T13:44:20+08:00 ] ::1 /meixue/index.php/home/follow/followers?user_id=1
INFO: [ app_init ] --START--
INFO: Run Behavior\BuildLiteBehavior [ RunTime:0.000074s ]
INFO: [ app_init ] --END-- [ RunTime:0.001962s ]
INFO: [ app_begin ] --START--
INFO: Run Behavior\ReadHtmlCacheBehavior [ RunTime:0.000919s ]
INFO: [ app_begin ] --END-- [ RunTime:0.001065s ]
SQL: SHOW COLUMNS FROM `follow` [ RunTime:0.0092s ]
SQL: select * from follow where followed_user_id = '1' order by created_at desc  [ RunTime:0.0004s ]
INFO: [ app_end ] --START--
INFO: Run Behavior\ShowPageTraceBehavior [ RunTime:0.001092s ]
INFO: [ app_end ] --END-- [ RunTime:0.001269s ]

[ 2016-01-12T13:44:28+08:00 ] ::1 /meixue/index.php/home/follow/followers?user_id=3
INFO: [ app_init ] --START--
INFO: Run Behavior\BuildLiteBehavior [ RunTime:0.000064s ]
INFO: [ app_init ] --END-- [ RunTime:0.000812s ]
INFO: [ app_begin ] --START--
INFO: Run Behavior\ReadHtmlCacheBehavior [ RunTime:0.001026s ]
INFO: [ app_begin ] --END-- [ RunTime:0.001238s ]
SQL: SHOW COLUMNS FROM `follow` [ RunTime:0.0093s ]
SQL: select * from follow where followed_user_id = '3' order by created_at desc  [ RunTime:0.0005s ]
INFO: [ app_end ] --START--
INFO: Run Behavior\ShowPageTraceBehavior [ RunTime:0.001059s ]
INFO: [ app_end ] --END-- [ RunTime:0.001326s ]

[ 2016-01-12T13:44:33+08:00 ] ::1 /meixue/index.php/home/follow/followers?user_id=1
INFO: [ app_init ] --START--
INFO: Run Behavior\BuildLiteBehavior [ RunTime:0.000046s ]
INFO: [ app_init ] --END-- [ RunTime:0.001537s ]
INFO: [ app_begin ] --START--
INFO: Run Behavior\ReadHtmlCacheBehavior [ RunTime:0.001355s ]
INFO: [ app_begin ] --END-- [ RunTime:0.001607s ]
SQL: SHOW COLUMNS FROM `follow` [ RunTime:0.0101s ]
SQL: select * from follow where followed_user_id = '1' order by created_at desc  [ RunTime:0.0005s ]
INFO: [ app_end ] --START--
INFO: Run Behavior\ShowPageTraceBehavior [ RunTime:0.000845s ]
INFO: [ app_end ] --END-- [ RunTime:0.000988s ]

[ 2016-01-12T13:45:31+08:00 ] ::1 /meixue/index.php/home/follow/followers?user_id=1
INFO: [ app_init ] --START--
INFO: Run Behavior\BuildLiteBehavior [ RunTime:0.000134s ]
INFO: [ app_init ] --END-- [ RunTime:0.070984s ]
INFO: [ app_begin ] --START--
INFO: Run Behavior\ReadHtmlCacheBehavior [ RunTime:0.002493s ]
INFO: [ app_begin ] --END-- [ RunTime:0.003233s ]
SQL: SHOW COLUMNS FROM `follow` [ RunTime:0.0337s ]
SQL: select * from follow where followed_user_id = '1' order by created_at desc  [ RunTime:0.0008s ]
INFO: [ app_end ] --START--
INFO: Run Behavior\ShowPageTraceBehavior [ RunTime:0.001492s ]
INFO: [ app_end ] --END-- [ RunTime:0.001803s ]

[ 2016-01-12T13:57:39+08:00 ] ::1 /meixue/index.php/home/follow/followers?user_id=1
INFO: [ app_init ] --START--
INFO: Run Behavior\BuildLiteBehavior [ RunTime:0.000809s ]
INFO: [ app_init ] --END-- [ RunTime:0.322338s ]
INFO: [ app_begin ] --START--
INFO: Run Behavior\ReadHtmlCacheBehavior [ RunTime:0.002465s ]
INFO: [ app_begin ] --END-- [ RunTime:0.003118s ]
SQL: SHOW COLUMNS FROM `follow` [ RunTime:0.0180s ]
SQL: select * from follow where followed_user_id = '1' order by created_at desc  [ RunTime:0.0006s ]
SQL: select * from user where id = '2' [ RunTime:0.0005s ]
INFO: [ app_end ] --START--
INFO: Run Behavior\ShowPageTraceBehavior [ RunTime:0.001165s ]
INFO: [ app_end ] --END-- [ RunTime:0.001358s ]

[ 2016-01-12T13:57:49+08:00 ] ::1 /meixue/index.php/home/follow/followers?user_id=2
INFO: [ app_init ] --START--
INFO: Run Behavior\BuildLiteBehavior [ RunTime:0.000033s ]
INFO: [ app_init ] --END-- [ RunTime:0.000578s ]
INFO: [ app_begin ] --START--
INFO: Run Behavior\ReadHtmlCacheBehavior [ RunTime:0.000761s ]
INFO: [ app_begin ] --END-- [ RunTime:0.000975s ]
SQL: SHOW COLUMNS FROM `follow` [ RunTime:0.0110s ]
SQL: select * from follow where followed_user_id = '2' order by created_at desc  [ RunTime:0.0004s ]
SQL: select * from user where id = '1' [ RunTime:0.0003s ]
INFO: [ app_end ] --START--
INFO: Run Behavior\ShowPageTraceBehavior [ RunTime:0.000859s ]
INFO: [ app_end ] --END-- [ RunTime:0.000998s ]

[ 2016-01-12T14:00:25+08:00 ] ::1 /meixue/index.php/home/follow/following?user_id=2
INFO: [ app_init ] --START--
INFO: Run Behavior\BuildLiteBehavior [ RunTime:0.000062s ]
INFO: [ app_init ] --END-- [ RunTime:0.001400s ]
INFO: [ app_begin ] --START--
INFO: Run Behavior\ReadHtmlCacheBehavior [ RunTime:0.003978s ]
INFO: [ app_begin ] --END-- [ RunTime:0.004638s ]
SQL: SHOW COLUMNS FROM `follow` [ RunTime:0.0107s ]
SQL: select * from follow where user_id = '2' order by created_at desc  [ RunTime:0.0004s ]
SQL: select * from user where id = '2' [ RunTime:0.0003s ]
INFO: [ app_end ] --START--
INFO: Run Behavior\ShowPageTraceBehavior [ RunTime:0.000834s ]
INFO: [ app_end ] --END-- [ RunTime:0.000975s ]

[ 2016-01-12T14:00:53+08:00 ] ::1 /meixue/index.php/home/follow/following?user_id=2
INFO: [ app_init ] --START--
INFO: Run Behavior\BuildLiteBehavior [ RunTime:0.000133s ]
INFO: [ app_init ] --END-- [ RunTime:0.002449s ]
INFO: [ app_begin ] --START--
INFO: Run Behavior\ReadHtmlCacheBehavior [ RunTime:0.000698s ]
INFO: [ app_begin ] --END-- [ RunTime:0.000873s ]
SQL: SHOW COLUMNS FROM `follow` [ RunTime:0.0680s ]
SQL: select * from follow where user_id = '2' order by created_at desc  [ RunTime:0.0005s ]
SQL: select * from user where id = '2' [ RunTime:0.0003s ]
INFO: [ app_end ] --START--
INFO: Run Behavior\ShowPageTraceBehavior [ RunTime:0.000954s ]
INFO: [ app_end ] --END-- [ RunTime:0.001095s ]

[ 2016-01-12T14:03:23+08:00 ] ::1 /meixue/index.php/home/follow/following?user_id=2
INFO: [ app_init ] --START--
INFO: Run Behavior\BuildLiteBehavior [ RunTime:0.000032s ]
INFO: [ app_init ] --END-- [ RunTime:0.000572s ]
INFO: [ app_begin ] --START--
INFO: Run Behavior\ReadHtmlCacheBehavior [ RunTime:0.002147s ]
INFO: [ app_begin ] --END-- [ RunTime:0.002432s ]
SQL: SHOW COLUMNS FROM `follow` [ RunTime:0.0108s ]
SQL: select * from follow where user_id = '2' order by created_at desc  [ RunTime:0.0004s ]
SQL: select * from user where id = '1' [ RunTime:0.0003s ]
INFO: [ app_end ] --START--
INFO: Run Behavior\ShowPageTraceBehavior [ RunTime:0.000976s ]
INFO: [ app_end ] --END-- [ RunTime:0.001122s ]

[ 2016-01-12T14:03:33+08:00 ] ::1 /meixue/index.php/home/follow/following?user_id=1
INFO: [ app_init ] --START--
INFO: Run Behavior\BuildLiteBehavior [ RunTime:0.000034s ]
INFO: [ app_init ] --END-- [ RunTime:0.000889s ]
INFO: [ app_begin ] --START--
INFO: Run Behavior\ReadHtmlCacheBehavior [ RunTime:0.000710s ]
INFO: [ app_begin ] --END-- [ RunTime:0.000857s ]
SQL: SHOW COLUMNS FROM `follow` [ RunTime:0.0091s ]
SQL: select * from follow where user_id = '1' order by created_at desc  [ RunTime:0.0004s ]
SQL: select * from user where id = '2' [ RunTime:0.0003s ]
INFO: [ app_end ] --START--
INFO: Run Behavior\ShowPageTraceBehavior [ RunTime:0.000934s ]
INFO: [ app_end ] --END-- [ RunTime:0.001076s ]

[ 2016-01-12T14:13:15+08:00 ] 192.168.191.9 /meixue/index.php/home/question/selectQuestionList?page=1
INFO: [ app_init ] --START--
INFO: Run Behavior\BuildLiteBehavior [ RunTime:0.000031s ]
INFO: [ app_init ] --END-- [ RunTime:0.000514s ]
INFO: [ app_begin ] --START--
INFO: Run Behavior\ReadHtmlCacheBehavior [ RunTime:0.000677s ]
INFO: [ app_begin ] --END-- [ RunTime:0.000812s ]
SQL: SHOW COLUMNS FROM `question` [ RunTime:0.0164s ]
SQL: select * from question order by created_at desc limit 0,20 [ RunTime:0.0005s ]
INFO: [ app_end ] --START--
INFO: Run Behavior\ShowPageTraceBehavior [ RunTime:0.000845s ]
INFO: [ app_end ] --END-- [ RunTime:0.000987s ]

[ 2016-01-12T14:13:27+08:00 ] 192.168.191.9 /meixue/index.php/home/users/following?user_id=2
INFO: [ app_init ] --START--
INFO: Run Behavior\BuildLiteBehavior [ RunTime:0.000107s ]
INFO: [ app_init ] --END-- [ RunTime:0.000699s ]
INFO: [ app_begin ] --START--
INFO: Run Behavior\ReadHtmlCacheBehavior [ RunTime:0.000923s ]
INFO: [ app_begin ] --END-- [ RunTime:0.001113s ]
ERR: 无法加载控制器:Users

[ 2016-01-12T14:13:28+08:00 ] 192.168.191.9 /meixue/index.php/home/users/following?user_id=2
INFO: [ app_init ] --START--
INFO: Run Behavior\BuildLiteBehavior [ RunTime:0.000043s ]
INFO: [ app_init ] --END-- [ RunTime:0.000673s ]
INFO: [ app_begin ] --START--
INFO: Run Behavior\ReadHtmlCacheBehavior [ RunTime:0.001000s ]
INFO: [ app_begin ] --END-- [ RunTime:0.001197s ]
ERR: 无法加载控制器:Users

[ 2016-01-12T14:13:29+08:00 ] 192.168.191.9 /meixue/index.php/home/users/following?user_id=2
INFO: [ app_init ] --START--
INFO: Run Behavior\BuildLiteBehavior [ RunTime:0.000069s ]
INFO: [ app_init ] --END-- [ RunTime:0.001106s ]
INFO: [ app_begin ] --START--
INFO: Run Behavior\ReadHtmlCacheBehavior [ RunTime:0.001683s ]
INFO: [ app_begin ] --END-- [ RunTime:0.002054s ]
ERR: 无法加载控制器:Users

[ 2016-01-12T14:13:29+08:00 ] 192.168.191.9 /meixue/index.php/home/users/following?user_id=2
INFO: [ app_init ] --START--
INFO: Run Behavior\BuildLiteBehavior [ RunTime:0.000080s ]
INFO: [ app_init ] --END-- [ RunTime:0.001101s ]
INFO: [ app_begin ] --START--
INFO: Run Behavior\ReadHtmlCacheBehavior [ RunTime:0.000983s ]
INFO: [ app_begin ] --END-- [ RunTime:0.001193s ]
ERR: 无法加载控制器:Users

[ 2016-01-12T14:13:30+08:00 ] 192.168.191.9 /meixue/index.php/home/users/following?user_id=2
INFO: [ app_init ] --START--
INFO: Run Behavior\BuildLiteBehavior [ RunTime:0.000045s ]
INFO: [ app_init ] --END-- [ RunTime:0.000753s ]
INFO: [ app_begin ] --START--
INFO: Run Behavior\ReadHtmlCacheBehavior [ RunTime:0.001170s ]
INFO: [ app_begin ] --END-- [ RunTime:0.001390s ]
ERR: 无法加载控制器:Users

[ 2016-01-12T14:13:30+08:00 ] 192.168.191.9 /meixue/index.php/home/users/following?user_id=2
INFO: [ app_init ] --START--
INFO: Run Behavior\BuildLiteBehavior [ RunTime:0.000045s ]
INFO: [ app_init ] --END-- [ RunTime:0.000703s ]
INFO: [ app_begin ] --START--
INFO: Run Behavior\ReadHtmlCacheBehavior [ RunTime:0.001175s ]
INFO: [ app_begin ] --END-- [ RunTime:0.001424s ]
ERR: 无法加载控制器:Users

[ 2016-01-12T14:13:30+08:00 ] 192.168.191.9 /meixue/index.php/home/users/following?user_id=2
INFO: [ app_init ] --START--
INFO: Run Behavior\BuildLiteBehavior [ RunTime:0.000073s ]
INFO: [ app_init ] --END-- [ RunTime:0.001203s ]
INFO: [ app_begin ] --START--
INFO: Run Behavior\ReadHtmlCacheBehavior [ RunTime:0.001657s ]
INFO: [ app_begin ] --END-- [ RunTime:0.002001s ]
ERR: 无法加载控制器:Users

[ 2016-01-12T14:15:30+08:00 ] 192.168.191.9 /meixue/index.php/home/user/login
INFO: [ app_init ] --START--
INFO: Run Behavior\BuildLiteBehavior [ RunTime:0.000035s ]
INFO: [ app_init ] --END-- [ RunTime:0.000700s ]
INFO: [ app_begin ] --START--
INFO: Run Behavior\ReadHtmlCacheBehavior [ RunTime:0.001067s ]
INFO: [ app_begin ] --END-- [ RunTime:0.001269s ]
SQL: SHOW COLUMNS FROM `user` [ RunTime:0.0323s ]
SQL: select * from user where email = 'cben@chamobile.com' and password = 'MTIzNDU2' [ RunTime:0.0004s ]
INFO: [ app_end ] --START--
INFO: Run Behavior\ShowPageTraceBehavior [ RunTime:0.000812s ]
INFO: [ app_end ] --END-- [ RunTime:0.000943s ]

[ 2016-01-12T14:15:32+08:00 ] 192.168.191.9 /meixue/index.php/home/question/selectQuestionList?page=1
INFO: [ app_init ] --START--
INFO: Run Behavior\BuildLiteBehavior [ RunTime:0.000076s ]
INFO: [ app_init ] --END-- [ RunTime:0.001091s ]
INFO: [ app_begin ] --START--
INFO: Run Behavior\ReadHtmlCacheBehavior [ RunTime:0.001636s ]
INFO: [ app_begin ] --END-- [ RunTime:0.001986s ]
SQL: SHOW COLUMNS FROM `question` [ RunTime:0.0120s ]
SQL: select * from question order by created_at desc limit 0,20 [ RunTime:0.0005s ]
INFO: [ app_end ] --START--
INFO: Run Behavior\ShowPageTraceBehavior [ RunTime:0.001012s ]
INFO: [ app_end ] --END-- [ RunTime:0.001225s ]

[ 2016-01-12T14:15:39+08:00 ] 192.168.191.9 /meixue/index.php/home/follow/following?user_id=2
INFO: [ app_init ] --START--
INFO: Run Behavior\BuildLiteBehavior [ RunTime:0.000048s ]
INFO: [ app_init ] --END-- [ RunTime:0.000746s ]
INFO: [ app_begin ] --START--
INFO: Run Behavior\ReadHtmlCacheBehavior [ RunTime:0.001068s ]
INFO: [ app_begin ] --END-- [ RunTime:0.001290s ]
SQL: SHOW COLUMNS FROM `follow` [ RunTime:0.0098s ]
SQL: select * from follow where user_id = '2' order by created_at desc  [ RunTime:0.0004s ]
SQL: select * from user where id = '1' [ RunTime:0.0003s ]
INFO: [ app_end ] --START--
INFO: Run Behavior\ShowPageTraceBehavior [ RunTime:0.000914s ]
INFO: [ app_end ] --END-- [ RunTime:0.001049s ]

[ 2016-01-12T14:15:42+08:00 ] 192.168.191.9 /meixue/index.php/home/follow/following?user_id=2
INFO: [ app_init ] --START--
INFO: Run Behavior\BuildLiteBehavior [ RunTime:0.000038s ]
INFO: [ app_init ] --END-- [ RunTime:0.000589s ]
INFO: [ app_begin ] --START--
INFO: Run Behavior\ReadHtmlCacheBehavior [ RunTime:0.000860s ]
INFO: [ app_begin ] --END-- [ RunTime:0.001042s ]
SQL: SHOW COLUMNS FROM `follow` [ RunTime:0.0146s ]
SQL: select * from follow where user_id = '2' order by created_at desc  [ RunTime:0.0004s ]
SQL: select * from user where id = '1' [ RunTime:0.0003s ]
INFO: [ app_end ] --START--
INFO: Run Behavior\ShowPageTraceBehavior [ RunTime:0.000940s ]
INFO: [ app_end ] --END-- [ RunTime:0.001085s ]

[ 2016-01-12T14:15:46+08:00 ] 192.168.191.9 /meixue/index.php/home/follow/followers?user_id=2
INFO: [ app_init ] --START--
INFO: Run Behavior\BuildLiteBehavior [ RunTime:0.000069s ]
INFO: [ app_init ] --END-- [ RunTime:0.001116s ]
INFO: [ app_begin ] --START--
INFO: Run Behavior\ReadHtmlCacheBehavior [ RunTime:0.000658s ]
INFO: [ app_begin ] --END-- [ RunTime:0.000896s ]
SQL: SHOW COLUMNS FROM `follow` [ RunTime:0.0091s ]
SQL: select * from follow where followed_user_id = '2' order by created_at desc  [ RunTime:0.0004s ]
SQL: select * from user where id = '1' [ RunTime:0.0003s ]
INFO: [ app_end ] --START--
INFO: Run Behavior\ShowPageTraceBehavior [ RunTime:0.000851s ]
INFO: [ app_end ] --END-- [ RunTime:0.000988s ]

[ 2016-01-12T14:15:52+08:00 ] 192.168.191.9 /meixue/index.php/home/follow/followers?user_id=2
INFO: [ app_init ] --START--
INFO: Run Behavior\BuildLiteBehavior [ RunTime:0.000070s ]
INFO: [ app_init ] --END-- [ RunTime:0.001198s ]
INFO: [ app_begin ] --START--
INFO: Run Behavior\ReadHtmlCacheBehavior [ RunTime:0.000665s ]
INFO: [ app_begin ] --END-- [ RunTime:0.000802s ]
SQL: SHOW COLUMNS FROM `follow` [ RunTime:0.0089s ]
SQL: select * from follow where followed_user_id = '2' order by created_at desc  [ RunTime:0.0004s ]
SQL: select * from user where id = '1' [ RunTime:0.0003s ]
INFO: [ app_end ] --START--
INFO: Run Behavior\ShowPageTraceBehavior [ RunTime:0.000859s ]
INFO: [ app_end ] --END-- [ RunTime:0.000998s ]

[ 2016-01-12T14:15:54+08:00 ] 192.168.191.9 /meixue/index.php/home/follow/following?user_id=2
INFO: [ app_init ] --START--
INFO: Run Behavior\BuildLiteBehavior [ RunTime:0.000073s ]
INFO: [ app_init ] --END-- [ RunTime:0.001558s ]
INFO: [ app_begin ] --START--
INFO: Run Behavior\ReadHtmlCacheBehavior [ RunTime:0.001760s ]
INFO: [ app_begin ] --END-- [ RunTime:0.002202s ]
SQL: SHOW COLUMNS FROM `follow` [ RunTime:0.0143s ]
SQL: select * from follow where user_id = '2' order by created_at desc  [ RunTime:0.0006s ]
SQL: select * from user where id = '1' [ RunTime:0.0006s ]
INFO: [ app_end ] --START--
INFO: Run Behavior\ShowPageTraceBehavior [ RunTime:0.001309s ]
INFO: [ app_end ] --END-- [ RunTime:0.001575s ]

[ 2016-01-12T14:16:35+08:00 ] 192.168.191.9 /meixue/index.php/home/follow/following?user_id=2
INFO: [ app_init ] --START--
INFO: Run Behavior\BuildLiteBehavior [ RunTime:0.000042s ]
INFO: [ app_init ] --END-- [ RunTime:0.000662s ]
INFO: [ app_begin ] --START--
INFO: Run Behavior\ReadHtmlCacheBehavior [ RunTime:0.000955s ]
INFO: [ app_begin ] --END-- [ RunTime:0.001159s ]
SQL: SHOW COLUMNS FROM `follow` [ RunTime:0.0547s ]
SQL: select * from follow where user_id = '2' order by created_at desc  [ RunTime:0.0004s ]
SQL: select * from user where id = '1' [ RunTime:0.0003s ]
INFO: [ app_end ] --START--
INFO: Run Behavior\ShowPageTraceBehavior [ RunTime:0.000927s ]
INFO: [ app_end ] --END-- [ RunTime:0.001129s ]

[ 2016-01-12T14:16:42+08:00 ] 192.168.191.9 /meixue/index.php/home/follow/followers?user_id=2
INFO: [ app_init ] --START--
INFO: Run Behavior\BuildLiteBehavior [ RunTime:0.000069s ]
INFO: [ app_init ] --END-- [ RunTime:0.001216s ]
INFO: [ app_begin ] --START--
INFO: Run Behavior\ReadHtmlCacheBehavior [ RunTime:0.001754s ]
INFO: [ app_begin ] --END-- [ RunTime:0.002095s ]
SQL: SHOW COLUMNS FROM `follow` [ RunTime:0.0092s ]
SQL: select * from follow where followed_user_id = '2' order by created_at desc  [ RunTime:0.0004s ]
SQL: select * from user where id = '1' [ RunTime:0.0003s ]
INFO: [ app_end ] --START--
INFO: Run Behavior\ShowPageTraceBehavior [ RunTime:0.000853s ]
INFO: [ app_end ] --END-- [ RunTime:0.000991s ]

[ 2016-01-12T14:16:45+08:00 ] 192.168.191.9 /meixue/index.php/home/user/personalPage?user_id=1
INFO: [ app_init ] --START--
INFO: Run Behavior\BuildLiteBehavior [ RunTime:0.000072s ]
INFO: [ app_init ] --END-- [ RunTime:0.001122s ]
INFO: [ app_begin ] --START--
INFO: Run Behavior\ReadHtmlCacheBehavior [ RunTime:0.002145s ]
INFO: [ app_begin ] --END-- [ RunTime:0.002703s ]
SQL: SHOW COLUMNS FROM `user` [ RunTime:0.0136s ]
SQL: select * from user where id = '1' [ RunTime:0.0005s ]
INFO: [ app_end ] --START--
INFO: Run Behavior\ShowPageTraceBehavior [ RunTime:0.001257s ]
INFO: [ app_end ] --END-- [ RunTime:0.001430s ]

[ 2016-01-12T14:16:45+08:00 ] 192.168.191.9 /meixue/index.php/home/question/selectQuestionList?page=1
INFO: [ app_init ] --START--
INFO: Run Behavior\BuildLiteBehavior [ RunTime:0.000041s ]
INFO: [ app_init ] --END-- [ RunTime:0.000555s ]
INFO: [ app_begin ] --START--
INFO: Run Behavior\ReadHtmlCacheBehavior [ RunTime:0.000673s ]
INFO: [ app_begin ] --END-- [ RunTime:0.000842s ]
SQL: SHOW COLUMNS FROM `question` [ RunTime:0.0081s ]
SQL: select * from question order by created_at desc limit 0,20 [ RunTime:0.0007s ]
INFO: [ app_end ] --START--
INFO: Run Behavior\ShowPageTraceBehavior [ RunTime:0.001298s ]
INFO: [ app_end ] --END-- [ RunTime:0.001522s ]

[ 2016-01-12T14:16:48+08:00 ] 192.168.191.9 /meixue/index.php/home/questions/answers?user_id=2&page=1
INFO: [ app_init ] --START--
INFO: Run Behavior\BuildLiteBehavior [ RunTime:0.000076s ]
INFO: [ app_init ] --END-- [ RunTime:0.001271s ]
INFO: [ app_begin ] --START--
INFO: Run Behavior\ReadHtmlCacheBehavior [ RunTime:0.000861s ]
INFO: [ app_begin ] --END-- [ RunTime:0.001028s ]
ERR: 无法加载控制器:Questions

[ 2016-01-12T14:16:48+08:00 ] 192.168.191.9 /meixue/index.php/home/questions/answers?user_id=2&page=1
INFO: [ app_init ] --START--
INFO: Run Behavior\BuildLiteBehavior [ RunTime:0.000030s ]
INFO: [ app_init ] --END-- [ RunTime:0.000501s ]
INFO: [ app_begin ] --START--
INFO: Run Behavior\ReadHtmlCacheBehavior [ RunTime:0.000679s ]
INFO: [ app_begin ] --END-- [ RunTime:0.000813s ]
ERR: 无法加载控制器:Questions

[ 2016-01-12T14:17:02+08:00 ] 192.168.191.9 /meixue/index.php/home/questions/answers?user_id=2&page=1
INFO: [ app_init ] --START--
INFO: Run Behavior\BuildLiteBehavior [ RunTime:0.000069s ]
INFO: [ app_init ] --END-- [ RunTime:0.001099s ]
INFO: [ app_begin ] --START--
INFO: Run Behavior\ReadHtmlCacheBehavior [ RunTime:0.001630s ]
INFO: [ app_begin ] --END-- [ RunTime:0.001967s ]
ERR: 无法加载控制器:Questions

[ 2016-01-12T14:17:02+08:00 ] 192.168.191.9 /meixue/index.php/home/questions/answers?user_id=2&page=1
INFO: [ app_init ] --START--
INFO: Run Behavior\BuildLiteBehavior [ RunTime:0.000029s ]
INFO: [ app_init ] --END-- [ RunTime:0.000474s ]
INFO: [ app_begin ] --START--
INFO: Run Behavior\ReadHtmlCacheBehavior [ RunTime:0.000624s ]
INFO: [ app_begin ] --END-- [ RunTime:0.000753s ]
ERR: 无法加载控制器:Questions

[ 2016-01-12T14:17:08+08:00 ] 192.168.191.9 /meixue/index.php/home/follow
INFO: [ app_init ] --START--
INFO: Run Behavior\BuildLiteBehavior [ RunTime:0.000039s ]
INFO: [ app_init ] --END-- [ RunTime:0.000591s ]
INFO: [ app_begin ] --START--
INFO: Run Behavior\ReadHtmlCacheBehavior [ RunTime:0.000853s ]
INFO: [ app_begin ] --END-- [ RunTime:0.001034s ]
SQL: SHOW COLUMNS FROM `follow` [ RunTime:0.0102s ]

[ 2016-01-12T14:17:16+08:00 ] 192.168.191.9 /meixue/index.php/home/questions/answers?user_id=2&page=1
INFO: [ app_init ] --START--
INFO: Run Behavior\BuildLiteBehavior [ RunTime:0.000216s ]
INFO: [ app_init ] --END-- [ RunTime:0.001661s ]
INFO: [ app_begin ] --START--
INFO: Run Behavior\ReadHtmlCacheBehavior [ RunTime:0.000854s ]
INFO: [ app_begin ] --END-- [ RunTime:0.001050s ]
ERR: 无法加载控制器:Questions

[ 2016-01-12T14:17:16+08:00 ] 192.168.191.9 /meixue/index.php/home/questions/answers?user_id=2&page=1
INFO: [ app_init ] --START--
INFO: Run Behavior\BuildLiteBehavior [ RunTime:0.000032s ]
INFO: [ app_init ] --END-- [ RunTime:0.000491s ]
INFO: [ app_begin ] --START--
INFO: Run Behavior\ReadHtmlCacheBehavior [ RunTime:0.000757s ]
INFO: [ app_begin ] --END-- [ RunTime:0.000943s ]
ERR: 无法加载控制器:Questions

[ 2016-01-12T14:17:17+08:00 ] 192.168.191.9 /meixue/index.php/home/questions/answers?user_id=2&page=1
INFO: [ app_init ] --START--
INFO: Run Behavior\BuildLiteBehavior [ RunTime:0.000074s ]
INFO: [ app_init ] --END-- [ RunTime:0.001166s ]
INFO: [ app_begin ] --START--
INFO: Run Behavior\ReadHtmlCacheBehavior [ RunTime:0.001642s ]
INFO: [ app_begin ] --END-- [ RunTime:0.001978s ]
ERR: 无法加载控制器:Questions

[ 2016-01-12T14:17:17+08:00 ] 192.168.191.9 /meixue/index.php/home/questions/answers?user_id=2&page=1
INFO: [ app_init ] --START--
INFO: Run Behavior\BuildLiteBehavior [ RunTime:0.000039s ]
INFO: [ app_init ] --END-- [ RunTime:0.000541s ]
INFO: [ app_begin ] --START--
INFO: Run Behavior\ReadHtmlCacheBehavior [ RunTime:0.000857s ]
INFO: [ app_begin ] --END-- [ RunTime:0.001033s ]
ERR: 无法加载控制器:Questions

[ 2016-01-12T14:17:18+08:00 ] 192.168.191.9 /meixue/index.php/home/questions/answers?user_id=2&page=1
INFO: [ app_init ] --START--
INFO: Run Behavior\BuildLiteBehavior [ RunTime:0.000028s ]
INFO: [ app_init ] --END-- [ RunTime:0.000452s ]
INFO: [ app_begin ] --START--
INFO: Run Behavior\ReadHtmlCacheBehavior [ RunTime:0.000716s ]
INFO: [ app_begin ] --END-- [ RunTime:0.000855s ]
ERR: 无法加载控制器:Questions

[ 2016-01-12T14:17:18+08:00 ] 192.168.191.9 /meixue/index.php/home/questions/answers?user_id=2&page=1
INFO: [ app_init ] --START--
INFO: Run Behavior\BuildLiteBehavior [ RunTime:0.000036s ]
INFO: [ app_init ] --END-- [ RunTime:0.000591s ]
INFO: [ app_begin ] --START--
INFO: Run Behavior\ReadHtmlCacheBehavior [ RunTime:0.000776s ]
INFO: [ app_begin ] --END-- [ RunTime:0.000942s ]
ERR: 无法加载控制器:Questions

[ 2016-01-12T14:17:24+08:00 ] 192.168.191.9 /meixue/index.php/home/questions/answers?user_id=2&page=1
INFO: [ app_init ] --START--
INFO: Run Behavior\BuildLiteBehavior [ RunTime:0.000041s ]
INFO: [ app_init ] --END-- [ RunTime:0.000634s ]
INFO: [ app_begin ] --START--
INFO: Run Behavior\ReadHtmlCacheBehavior [ RunTime:0.000679s ]
INFO: [ app_begin ] --END-- [ RunTime:0.000822s ]
ERR: 无法加载控制器:Questions

[ 2016-01-12T14:17:24+08:00 ] 192.168.191.9 /meixue/index.php/home/questions/answers?user_id=2&page=1
INFO: [ app_init ] --START--
INFO: Run Behavior\BuildLiteBehavior [ RunTime:0.000031s ]
INFO: [ app_init ] --END-- [ RunTime:0.000537s ]
INFO: [ app_begin ] --START--
INFO: Run Behavior\ReadHtmlCacheBehavior [ RunTime:0.000680s ]
INFO: [ app_begin ] --END-- [ RunTime:0.000820s ]
ERR: 无法加载控制器:Questions

[ 2016-01-12T14:17:26+08:00 ] 192.168.191.9 /meixue/index.php/home/questions/answers?user_id=2&page=1
INFO: [ app_init ] --START--
INFO: Run Behavior\BuildLiteBehavior [ RunTime:0.000074s ]
INFO: [ app_init ] --END-- [ RunTime:0.001202s ]
INFO: [ app_begin ] --START--
INFO: Run Behavior\ReadHtmlCacheBehavior [ RunTime:0.001094s ]
INFO: [ app_begin ] --END-- [ RunTime:0.001304s ]
ERR: 无法加载控制器:Questions

[ 2016-01-12T14:17:26+08:00 ] 192.168.191.9 /meixue/index.php/home/questions/answers?user_id=2&page=1
INFO: [ app_init ] --START--
INFO: Run Behavior\BuildLiteBehavior [ RunTime:0.000037s ]
INFO: [ app_init ] --END-- [ RunTime:0.000614s ]
INFO: [ app_begin ] --START--
INFO: Run Behavior\ReadHtmlCacheBehavior [ RunTime:0.000907s ]
INFO: [ app_begin ] --END-- [ RunTime:0.001078s ]
ERR: 无法加载控制器:Questions

[ 2016-01-12T14:17:33+08:00 ] 192.168.191.9 /meixue/index.php/home/questions/answers?user_id=2&page=1
INFO: [ app_init ] --START--
INFO: Run Behavior\BuildLiteBehavior [ RunTime:0.000085s ]
INFO: [ app_init ] --END-- [ RunTime:0.001007s ]
INFO: [ app_begin ] --START--
INFO: Run Behavior\ReadHtmlCacheBehavior [ RunTime:0.000994s ]
INFO: [ app_begin ] --END-- [ RunTime:0.001206s ]
ERR: 无法加载控制器:Questions

[ 2016-01-12T14:17:33+08:00 ] 192.168.191.9 /meixue/index.php/home/questions/answers?user_id=2&page=1
INFO: [ app_init ] --START--
INFO: Run Behavior\BuildLiteBehavior [ RunTime:0.000029s ]
INFO: [ app_init ] --END-- [ RunTime:0.000456s ]
INFO: [ app_begin ] --START--
INFO: Run Behavior\ReadHtmlCacheBehavior [ RunTime:0.000699s ]
INFO: [ app_begin ] --END-- [ RunTime:0.000850s ]
ERR: 无法加载控制器:Questions

[ 2016-01-12T14:17:34+08:00 ] 192.168.191.9 /meixue/index.php/home/questions/answers?user_id=2&page=1
INFO: [ app_init ] --START--
INFO: Run Behavior\BuildLiteBehavior [ RunTime:0.000049s ]
INFO: [ app_init ] --END-- [ RunTime:0.000918s ]
INFO: [ app_begin ] --START--
INFO: Run Behavior\ReadHtmlCacheBehavior [ RunTime:0.001631s ]
INFO: [ app_begin ] --END-- [ RunTime:0.001972s ]
ERR: 无法加载控制器:Questions

[ 2016-01-12T14:17:34+08:00 ] 192.168.191.9 /meixue/index.php/home/questions/answers?user_id=2&page=1
INFO: [ app_init ] --START--
INFO: Run Behavior\BuildLiteBehavior [ RunTime:0.000035s ]
INFO: [ app_init ] --END-- [ RunTime:0.000625s ]
INFO: [ app_begin ] --START--
INFO: Run Behavior\ReadHtmlCacheBehavior [ RunTime:0.000742s ]
INFO: [ app_begin ] --END-- [ RunTime:0.000897s ]
ERR: 无法加载控制器:Questions

[ 2016-01-12T14:17:39+08:00 ] 192.168.191.9 /meixue/index.php/home/user/personalPage?user_id=1
INFO: [ app_init ] --START--
INFO: Run Behavior\BuildLiteBehavior [ RunTime:0.000035s ]
INFO: [ app_init ] --END-- [ RunTime:0.000594s ]
INFO: [ app_begin ] --START--
INFO: Run Behavior\ReadHtmlCacheBehavior [ RunTime:0.000929s ]
INFO: [ app_begin ] --END-- [ RunTime:0.001097s ]
SQL: SHOW COLUMNS FROM `user` [ RunTime:0.0086s ]
SQL: select * from user where id = '1' [ RunTime:0.0005s ]
INFO: [ app_end ] --START--
INFO: Run Behavior\ShowPageTraceBehavior [ RunTime:0.000893s ]
INFO: [ app_end ] --END-- [ RunTime:0.001024s ]

[ 2016-01-12T14:17:39+08:00 ] 192.168.191.9 /meixue/index.php/home/question/selectQuestionList?page=1
INFO: [ app_init ] --START--
INFO: Run Behavior\BuildLiteBehavior [ RunTime:0.000029s ]
INFO: [ app_init ] --END-- [ RunTime:0.000451s ]
INFO: [ app_begin ] --START--
INFO: Run Behavior\ReadHtmlCacheBehavior [ RunTime:0.000798s ]
INFO: [ app_begin ] --END-- [ RunTime:0.000980s ]
SQL: SHOW COLUMNS FROM `question` [ RunTime:0.0070s ]
SQL: select * from question order by created_at desc limit 0,20 [ RunTime:0.0005s ]
INFO: [ app_end ] --START--
INFO: Run Behavior\ShowPageTraceBehavior [ RunTime:0.000850s ]
INFO: [ app_end ] --END-- [ RunTime:0.000995s ]

[ 2016-01-12T14:17:55+08:00 ] 192.168.191.9 /meixue/index.php/home/question/selectQuestionList?page=1
INFO: [ app_init ] --START--
INFO: Run Behavior\BuildLiteBehavior [ RunTime:0.000053s ]
INFO: [ app_init ] --END-- [ RunTime:0.000753s ]
INFO: [ app_begin ] --START--
INFO: Run Behavior\ReadHtmlCacheBehavior [ RunTime:0.001098s ]
INFO: [ app_begin ] --END-- [ RunTime:0.001361s ]
SQL: SHOW COLUMNS FROM `question` [ RunTime:0.0101s ]
SQL: select * from question order by created_at desc limit 0,20 [ RunTime:0.0005s ]
INFO: [ app_end ] --START--
INFO: Run Behavior\ShowPageTraceBehavior [ RunTime:0.001164s ]
INFO: [ app_end ] --END-- [ RunTime:0.001413s ]

[ 2016-01-12T14:17:59+08:00 ] 192.168.191.9 /meixue/index.php/home/question/questionsDetails?question_id=6
INFO: [ app_init ] --START--
INFO: Run Behavior\BuildLiteBehavior [ RunTime:0.000067s ]
INFO: [ app_init ] --END-- [ RunTime:0.000881s ]
INFO: [ app_begin ] --START--
INFO: Run Behavior\ReadHtmlCacheBehavior [ RunTime:0.000946s ]
INFO: [ app_begin ] --END-- [ RunTime:0.001210s ]
SQL: SHOW COLUMNS FROM `question` [ RunTime:0.0086s ]
SQL: SHOW COLUMNS FROM `question` [ RunTime:0.0043s ]
SQL: SELECT * FROM `question` WHERE `id` = 6  [ RunTime:0.0004s ]
SQL: SHOW COLUMNS FROM `user` [ RunTime:0.0088s ]
SQL: SELECT * FROM `user` WHERE `id` = 2  [ RunTime:0.0004s ]
INFO: [ app_end ] --START--
INFO: Run Behavior\ShowPageTraceBehavior [ RunTime:0.000940s ]
INFO: [ app_end ] --END-- [ RunTime:0.001105s ]

[ 2016-01-12T14:17:59+08:00 ] 192.168.191.9 /meixue/index.php/home/answer/answerList?question_id=6&page=1
INFO: [ app_init ] --START--
INFO: Run Behavior\BuildLiteBehavior [ RunTime:0.000031s ]
INFO: [ app_init ] --END-- [ RunTime:0.000601s ]
INFO: [ app_begin ] --START--
INFO: Run Behavior\ReadHtmlCacheBehavior [ RunTime:0.000680s ]
INFO: [ app_begin ] --END-- [ RunTime:0.000843s ]
SQL: SHOW COLUMNS FROM `answer` [ RunTime:0.0085s ]
SQL: SHOW COLUMNS FROM `user` [ RunTime:0.0043s ]
SQL: select * from answer where question_id = 6 order by created_at desc limit 0,20 [ RunTime:0.0233s ]
SQL: SELECT * FROM `user` WHERE `id` = 1  [ RunTime:0.0004s ]
SQL: SELECT * FROM `user` WHERE `id` = 2  [ RunTime:0.0002s ]
INFO: [ app_end ] --START--
INFO: Run Behavior\ShowPageTraceBehavior [ RunTime:0.000806s ]
INFO: [ app_end ] --END-- [ RunTime:0.000944s ]

[ 2016-01-12T14:18:07+08:00 ] 192.168.191.9 /meixue/index.php/home/user/personalPage?user_id=1
INFO: [ app_init ] --START--
INFO: Run Behavior\BuildLiteBehavior [ RunTime:0.000042s ]
INFO: [ app_init ] --END-- [ RunTime:0.000739s ]
INFO: [ app_begin ] --START--
INFO: Run Behavior\ReadHtmlCacheBehavior [ RunTime:0.001035s ]
INFO: [ app_begin ] --END-- [ RunTime:0.001248s ]
SQL: SHOW COLUMNS FROM `user` [ RunTime:0.0092s ]
SQL: select * from user where id = '1' [ RunTime:0.0004s ]
INFO: [ app_end ] --START--
INFO: Run Behavior\ShowPageTraceBehavior [ RunTime:0.000941s ]
INFO: [ app_end ] --END-- [ RunTime:0.001100s ]

[ 2016-01-12T14:18:07+08:00 ] 192.168.191.9 /meixue/index.php/home/question/selectQuestionList?page=1
INFO: [ app_init ] --START--
INFO: Run Behavior\BuildLiteBehavior [ RunTime:0.000030s ]
INFO: [ app_init ] --END-- [ RunTime:0.000482s ]
INFO: [ app_begin ] --START--
INFO: Run Behavior\ReadHtmlCacheBehavior [ RunTime:0.000678s ]
INFO: [ app_begin ] --END-- [ RunTime:0.000825s ]
SQL: SHOW COLUMNS FROM `question` [ RunTime:0.0089s ]
SQL: select * from question order by created_at desc limit 0,20 [ RunTime:0.0004s ]
INFO: [ app_end ] --START--
INFO: Run Behavior\ShowPageTraceBehavior [ RunTime:0.000847s ]
INFO: [ app_end ] --END-- [ RunTime:0.000992s ]

[ 2016-01-12T14:18:17+08:00 ] 192.168.191.9 /meixue/index.php/home/questions/answers?user_id=2&page=1
INFO: [ app_init ] --START--
INFO: Run Behavior\BuildLiteBehavior [ RunTime:0.000063s ]
INFO: [ app_init ] --END-- [ RunTime:0.000758s ]
INFO: [ app_begin ] --START--
INFO: Run Behavior\ReadHtmlCacheBehavior [ RunTime:0.001092s ]
INFO: [ app_begin ] --END-- [ RunTime:0.001323s ]
ERR: 无法加载控制器:Questions

[ 2016-01-12T14:18:17+08:00 ] 192.168.191.9 /meixue/index.php/home/questions/answers?user_id=2&page=1
INFO: [ app_init ] --START--
INFO: Run Behavior\BuildLiteBehavior [ RunTime:0.000029s ]
INFO: [ app_init ] --END-- [ RunTime:0.000467s ]
INFO: [ app_begin ] --START--
INFO: Run Behavior\ReadHtmlCacheBehavior [ RunTime:0.000667s ]
INFO: [ app_begin ] --END-- [ RunTime:0.000806s ]
ERR: 无法加载控制器:Questions

[ 2016-01-12T14:28:21+08:00 ] ::1 /meixue/index.php/home/follow/following?user_id=1
INFO: [ app_init ] --START--
INFO: Run Behavior\BuildLiteBehavior [ RunTime:0.000033s ]
INFO: [ app_init ] --END-- [ RunTime:0.000576s ]
INFO: [ app_begin ] --START--
INFO: Run Behavior\ReadHtmlCacheBehavior [ RunTime:0.001903s ]
INFO: [ app_begin ] --END-- [ RunTime:0.002460s ]
SQL: SHOW COLUMNS FROM `follow` [ RunTime:0.0106s ]
SQL: select * from follow where user_id = '1' order by created_at desc  [ RunTime:0.0005s ]
SQL: select * from user where id = '2' [ RunTime:0.0004s ]
INFO: [ app_end ] --START--
INFO: Run Behavior\ShowPageTraceBehavior [ RunTime:0.000854s ]
INFO: [ app_end ] --END-- [ RunTime:0.001014s ]

[ 2016-01-12T14:28:24+08:00 ] ::1 /meixue/index.php/home/follow/followers?user_id=1
INFO: [ app_init ] --START--
INFO: Run Behavior\BuildLiteBehavior [ RunTime:0.000060s ]
INFO: [ app_init ] --END-- [ RunTime:0.001118s ]
INFO: [ app_begin ] --START--
INFO: Run Behavior\ReadHtmlCacheBehavior [ RunTime:0.002874s ]
INFO: [ app_begin ] --END-- [ RunTime:0.003271s ]
SQL: SHOW COLUMNS FROM `follow` [ RunTime:0.0109s ]
SQL: select * from follow where followed_user_id = '1' order by created_at desc  [ RunTime:0.0003s ]
SQL: select * from user where id = '2' [ RunTime:0.0003s ]
INFO: [ app_end ] --START--
INFO: Run Behavior\ShowPageTraceBehavior [ RunTime:0.000827s ]
INFO: [ app_end ] --END-- [ RunTime:0.000973s ]

[ 2016-01-12T14:28:50+08:00 ] ::1 /meixue/index.php/home/follow/followers?user_id=1
INFO: [ app_init ] --START--
INFO: Run Behavior\BuildLiteBehavior [ RunTime:0.000033s ]
INFO: [ app_init ] --END-- [ RunTime:0.000615s ]
INFO: [ app_begin ] --START--
INFO: Run Behavior\ReadHtmlCacheBehavior [ RunTime:0.000752s ]
INFO: [ app_begin ] --END-- [ RunTime:0.000921s ]
SQL: SHOW COLUMNS FROM `follow` [ RunTime:0.0103s ]
SQL: select * from follow where followed_user_id = '1' order by created_at desc  [ RunTime:0.0004s ]
SQL: select * from user where id = '2' [ RunTime:0.0002s ]
INFO: [ app_end ] --START--
INFO: Run Behavior\ShowPageTraceBehavior [ RunTime:0.001123s ]
INFO: [ app_end ] --END-- [ RunTime:0.001285s ]

[ 2016-01-12T14:28:53+08:00 ] ::1 /meixue/index.php/home/follow/following?user_id=1
INFO: [ app_init ] --START--
INFO: Run Behavior\BuildLiteBehavior [ RunTime:0.000102s ]
INFO: [ app_init ] --END-- [ RunTime:0.001261s ]
INFO: [ app_begin ] --START--
INFO: Run Behavior\ReadHtmlCacheBehavior [ RunTime:0.002556s ]
INFO: [ app_begin ] --END-- [ RunTime:0.003014s ]
SQL: SHOW COLUMNS FROM `follow` [ RunTime:0.0094s ]
SQL: select * from follow where user_id = '1' order by created_at desc  [ RunTime:0.0005s ]
SQL: select * from user where id = '2' [ RunTime:0.0003s ]
INFO: [ app_end ] --START--
INFO: Run Behavior\ShowPageTraceBehavior [ RunTime:0.000938s ]
INFO: [ app_end ] --END-- [ RunTime:0.001151s ]

[ 2016-01-12T14:58:47+08:00 ] ::1 /meixue/index.php/home/follow/following_and_cancel
INFO: [ app_init ] --START--
INFO: Run Behavior\BuildLiteBehavior [ RunTime:0.000030s ]
INFO: [ app_init ] --END-- [ RunTime:0.000584s ]
INFO: [ app_begin ] --START--
INFO: Run Behavior\ReadHtmlCacheBehavior [ RunTime:0.000813s ]
INFO: [ app_begin ] --END-- [ RunTime:0.000950s ]
SQL: SHOW COLUMNS FROM `follow` [ RunTime:0.0090s ]
SQL: select id from follow where user_id = '1' and followed_user_id = '2'  [ RunTime:0.4545s ]
SQL: SHOW COLUMNS FROM `follow` [ RunTime:0.0089s ]
INFO: [ app_end ] --START--
INFO: Run Behavior\ShowPageTraceBehavior [ RunTime:0.003009s ]
INFO: [ app_end ] --END-- [ RunTime:0.003487s ]

[ 2016-01-12T15:01:38+08:00 ] ::1 /meixue/index.php/home/follow/following_and_cancel
INFO: [ app_init ] --START--
INFO: Run Behavior\BuildLiteBehavior [ RunTime:0.000031s ]
INFO: [ app_init ] --END-- [ RunTime:0.000494s ]
INFO: [ app_begin ] --START--
INFO: Run Behavior\ReadHtmlCacheBehavior [ RunTime:0.001157s ]
INFO: [ app_begin ] --END-- [ RunTime:0.001403s ]
SQL: SHOW COLUMNS FROM `follow` [ RunTime:0.0097s ]
SQL: select id from follow where user_id = '1' and followed_user_id = '2'  [ RunTime:0.0003s ]
SQL: SHOW COLUMNS FROM `follow` [ RunTime:0.0042s ]
NOTIC: [8] Undefined index: id F:\wamp\www\meixue\Application\Home\Model\FollowModel.class.php 第 65 行.
INFO: [ app_end ] --START--
INFO: Run Behavior\ShowPageTraceBehavior [ RunTime:0.001877s ]
INFO: [ app_end ] --END-- [ RunTime:0.002369s ]

[ 2016-01-12T15:03:46+08:00 ] ::1 /meixue/index.php/home/follow/following_and_cancel
INFO: [ app_init ] --START--
INFO: Run Behavior\BuildLiteBehavior [ RunTime:0.000031s ]
INFO: [ app_init ] --END-- [ RunTime:0.000480s ]
INFO: [ app_begin ] --START--
INFO: Run Behavior\ReadHtmlCacheBehavior [ RunTime:0.000687s ]
INFO: [ app_begin ] --END-- [ RunTime:0.000831s ]
SQL: SHOW COLUMNS FROM `follow` [ RunTime:0.0087s ]
SQL: select id from follow where user_id = '1' and followed_user_id = '2'  [ RunTime:0.0004s ]
NOTIC: [8] Array to string conversion F:\wamp\www\meixue\Application\Home\Model\FollowModel.class.php 第 63 行.
INFO: [ app_end ] --START--
INFO: Run Behavior\ShowPageTraceBehavior [ RunTime:0.001067s ]
INFO: [ app_end ] --END-- [ RunTime:0.001226s ]

[ 2016-01-12T15:04:06+08:00 ] ::1 /meixue/index.php/home/follow/following_and_cancel
INFO: [ app_init ] --START--
INFO: Run Behavior\BuildLiteBehavior [ RunTime:0.000030s ]
INFO: [ app_init ] --END-- [ RunTime:0.000476s ]
INFO: [ app_begin ] --START--
INFO: Run Behavior\ReadHtmlCacheBehavior [ RunTime:0.000710s ]
INFO: [ app_begin ] --END-- [ RunTime:0.000858s ]
SQL: SHOW COLUMNS FROM `follow` [ RunTime:0.0104s ]
SQL: select id from follow where user_id = '1' and followed_user_id = '2'  [ RunTime:0.0004s ]
INFO: [ app_end ] --START--
INFO: Run Behavior\ShowPageTraceBehavior [ RunTime:0.000974s ]
INFO: [ app_end ] --END-- [ RunTime:0.001191s ]

[ 2016-01-12T15:05:13+08:00 ] ::1 /meixue/index.php/home/follow/following_and_cancel
INFO: [ app_init ] --START--
INFO: Run Behavior\BuildLiteBehavior [ RunTime:0.000033s ]
INFO: [ app_init ] --END-- [ RunTime:0.000636s ]
INFO: [ app_begin ] --START--
INFO: Run Behavior\ReadHtmlCacheBehavior [ RunTime:0.001525s ]
INFO: [ app_begin ] --END-- [ RunTime:0.001929s ]
SQL: SHOW COLUMNS FROM `follow` [ RunTime:0.0107s ]
SQL: select id from follow where user_id = '1' and followed_user_id = '2'  [ RunTime:0.0004s ]
SQL: SHOW COLUMNS FROM `follow` [ RunTime:0.0043s ]
SQL: DELETE FROM `follow` WHERE `id` = 1 [ RunTime:0.2577s ]
INFO: [ app_end ] --START--
INFO: Run Behavior\ShowPageTraceBehavior [ RunTime:0.002752s ]
INFO: [ app_end ] --END-- [ RunTime:0.003390s ]

[ 2016-01-12T15:05:28+08:00 ] ::1 /meixue/index.php/home/follow/following_and_cancel
INFO: [ app_init ] --START--
INFO: Run Behavior\BuildLiteBehavior [ RunTime:0.000037s ]
INFO: [ app_init ] --END-- [ RunTime:0.000582s ]
INFO: [ app_begin ] --START--
INFO: Run Behavior\ReadHtmlCacheBehavior [ RunTime:0.000723s ]
INFO: [ app_begin ] --END-- [ RunTime:0.000856s ]
SQL: SHOW COLUMNS FROM `follow` [ RunTime:0.0085s ]
SQL: select id from follow where user_id = '1' and followed_user_id = '2'  [ RunTime:0.0003s ]
SQL: SHOW COLUMNS FROM `follow` [ RunTime:0.0037s ]
SQL: INSERT INTO `follow` (`user_id`,`followed_user_id`,`created_at`,`updated_at`) VALUES ('1','2','2016-01-12 15:05:27','2016-01-12 15:05:27') [ RunTime:0.8447s ]
INFO: [ app_end ] --START--
INFO: Run Behavior\ShowPageTraceBehavior [ RunTime:0.001244s ]
INFO: [ app_end ] --END-- [ RunTime:0.001636s ]

[ 2016-01-12T15:06:08+08:00 ] ::1 /meixue/index.php/home/follow/following_and_cancel
INFO: [ app_init ] --START--
INFO: Run Behavior\BuildLiteBehavior [ RunTime:0.000033s ]
INFO: [ app_init ] --END-- [ RunTime:0.000624s ]
INFO: [ app_begin ] --START--
INFO: Run Behavior\ReadHtmlCacheBehavior [ RunTime:0.001139s ]
INFO: [ app_begin ] --END-- [ RunTime:0.001522s ]
SQL: SHOW COLUMNS FROM `follow` [ RunTime:0.0101s ]
SQL: select id from follow where user_id = '2' and followed_user_id = '1'  [ RunTime:0.0005s ]
SQL: SHOW COLUMNS FROM `follow` [ RunTime:0.0053s ]
SQL: DELETE FROM `follow` WHERE `id` = 2 [ RunTime:0.0999s ]
INFO: [ app_end ] --START--
INFO: Run Behavior\ShowPageTraceBehavior [ RunTime:0.000847s ]
INFO: [ app_end ] --END-- [ RunTime:0.000990s ]

[ 2016-01-12T15:06:21+08:00 ] ::1 /meixue/index.php/home/follow/following_and_cancel
INFO: [ app_init ] --START--
INFO: Run Behavior\BuildLiteBehavior [ RunTime:0.000029s ]
INFO: [ app_init ] --END-- [ RunTime:0.000505s ]
INFO: [ app_begin ] --START--
INFO: Run Behavior\ReadHtmlCacheBehavior [ RunTime:0.000655s ]
INFO: [ app_begin ] --END-- [ RunTime:0.000787s ]
SQL: SHOW COLUMNS FROM `follow` [ RunTime:0.0088s ]
SQL: select id from follow where user_id = '2' and followed_user_id = '1'  [ RunTime:0.0003s ]
SQL: SHOW COLUMNS FROM `follow` [ RunTime:0.0068s ]
SQL: INSERT INTO `follow` (`user_id`,`followed_user_id`,`created_at`,`updated_at`) VALUES ('2','1','2016-01-12 15:06:21','2016-01-12 15:06:21') [ RunTime:0.0888s ]
INFO: [ app_end ] --START--
INFO: Run Behavior\ShowPageTraceBehavior [ RunTime:0.000838s ]
INFO: [ app_end ] --END-- [ RunTime:0.000976s ]

[ 2016-01-12T15:07:11+08:00 ] 192.168.191.9 /meixue/index.php/home/my_collects?page=1
INFO: [ app_init ] --START--
INFO: Run Behavior\BuildLiteBehavior [ RunTime:0.000118s ]
INFO: [ app_init ] --END-- [ RunTime:0.001309s ]
INFO: [ app_begin ] --START--
INFO: Run Behavior\ReadHtmlCacheBehavior [ RunTime:0.000685s ]
INFO: [ app_begin ] --END-- [ RunTime:0.000878s ]
ERR: 无法加载控制器:My_collects

[ 2016-01-12T15:07:13+08:00 ] 192.168.191.9 /meixue/index.php/home/follow/following?user_id=2
INFO: [ app_init ] --START--
INFO: Run Behavior\BuildLiteBehavior [ RunTime:0.000028s ]
INFO: [ app_init ] --END-- [ RunTime:0.000513s ]
INFO: [ app_begin ] --START--
INFO: Run Behavior\ReadHtmlCacheBehavior [ RunTime:0.000846s ]
INFO: [ app_begin ] --END-- [ RunTime:0.001034s ]
SQL: SHOW COLUMNS FROM `follow` [ RunTime:0.0115s ]
SQL: select * from follow where user_id = '2' order by created_at desc  [ RunTime:0.0004s ]
SQL: select * from user where id = '1' [ RunTime:0.0003s ]
INFO: [ app_end ] --START--
INFO: Run Behavior\ShowPageTraceBehavior [ RunTime:0.000877s ]
INFO: [ app_end ] --END-- [ RunTime:0.001015s ]

[ 2016-01-12T15:07:17+08:00 ] 192.168.191.9 /meixue/index.php/home/follow/followers?user_id=2
INFO: [ app_init ] --START--
INFO: Run Behavior\BuildLiteBehavior [ RunTime:0.000035s ]
INFO: [ app_init ] --END-- [ RunTime:0.000545s ]
INFO: [ app_begin ] --START--
INFO: Run Behavior\ReadHtmlCacheBehavior [ RunTime:0.000764s ]
INFO: [ app_begin ] --END-- [ RunTime:0.000923s ]
SQL: SHOW COLUMNS FROM `follow` [ RunTime:0.0100s ]
SQL: select * from follow where followed_user_id = '2' order by created_at desc  [ RunTime:0.0005s ]
SQL: select * from user where id = '1' [ RunTime:0.0008s ]
INFO: [ app_end ] --START--
INFO: Run Behavior\ShowPageTraceBehavior [ RunTime:0.001166s ]
INFO: [ app_end ] --END-- [ RunTime:0.001330s ]

[ 2016-01-12T15:29:28+08:00 ] 192.168.191.9 /meixue/index.php/home/user/login
INFO: [ app_init ] --START--
INFO: Run Behavior\BuildLiteBehavior [ RunTime:0.000071s ]
INFO: [ app_init ] --END-- [ RunTime:0.001645s ]
INFO: [ app_begin ] --START--
INFO: Run Behavior\ReadHtmlCacheBehavior [ RunTime:0.001146s ]
INFO: [ app_begin ] --END-- [ RunTime:0.001382s ]
SQL: SHOW COLUMNS FROM `user` [ RunTime:0.0251s ]
SQL: select * from user where email = 'ben@chamobile.com' and password = 'MTIzNDU2' [ RunTime:0.0004s ]
INFO: [ app_end ] --START--
INFO: Run Behavior\ShowPageTraceBehavior [ RunTime:0.000767s ]
INFO: [ app_end ] --END-- [ RunTime:0.000894s ]

[ 2016-01-12T15:29:33+08:00 ] 192.168.191.9 /meixue/index.php/home/follow/followers?user_id=1
INFO: [ app_init ] --START--
INFO: Run Behavior\BuildLiteBehavior [ RunTime:0.000045s ]
INFO: [ app_init ] --END-- [ RunTime:0.000564s ]
INFO: [ app_begin ] --START--
INFO: Run Behavior\ReadHtmlCacheBehavior [ RunTime:0.000681s ]
INFO: [ app_begin ] --END-- [ RunTime:0.000825s ]
SQL: SHOW COLUMNS FROM `follow` [ RunTime:0.0350s ]
SQL: select * from follow where followed_user_id = '1' order by created_at desc  [ RunTime:0.0004s ]
SQL: select * from user where id = '2' [ RunTime:0.0078s ]
INFO: [ app_end ] --START--
INFO: Run Behavior\ShowPageTraceBehavior [ RunTime:0.000954s ]
INFO: [ app_end ] --END-- [ RunTime:0.001155s ]

[ 2016-01-12T15:34:21+08:00 ] ::1 /meixue/index.php/home/follow/following_and_cancel
INFO: [ app_init ] --START--
INFO: Run Behavior\BuildLiteBehavior [ RunTime:0.000036s ]
INFO: [ app_init ] --END-- [ RunTime:0.000725s ]
INFO: [ app_begin ] --START--
INFO: Run Behavior\ReadHtmlCacheBehavior [ RunTime:0.000900s ]
INFO: [ app_begin ] --END-- [ RunTime:0.001092s ]
SQL: SHOW COLUMNS FROM `follow` [ RunTime:0.0095s ]
SQL: select id from follow where user_id = '1' and followed_user_id = '2'  [ RunTime:0.0326s ]
SQL: SHOW COLUMNS FROM `follow` [ RunTime:0.0063s ]
SQL: DELETE FROM `follow` WHERE `id` = 3 [ RunTime:0.2289s ]
SQL: SHOW COLUMNS FROM `user` [ RunTime:0.0162s ]
SQL: UPDATE `user` SET `following_count`=following_count-1 WHERE ( id='1' ) [ RunTime:0.1220s ]
SQL: UPDATE `user` SET `followers_count`=followers_count-1 WHERE ( id='2' ) [ RunTime:0.0464s ]
INFO: [ app_end ] --START--
INFO: Run Behavior\ShowPageTraceBehavior [ RunTime:0.002210s ]
INFO: [ app_end ] --END-- [ RunTime:0.002587s ]

[ 2016-01-12T15:35:34+08:00 ] ::1 /meixue/index.php/home/follow/following_and_cancel
INFO: [ app_init ] --START--
INFO: Run Behavior\BuildLiteBehavior [ RunTime:0.000030s ]
INFO: [ app_init ] --END-- [ RunTime:0.000548s ]
INFO: [ app_begin ] --START--
INFO: Run Behavior\ReadHtmlCacheBehavior [ RunTime:0.001241s ]
INFO: [ app_begin ] --END-- [ RunTime:0.001517s ]
SQL: SHOW COLUMNS FROM `follow` [ RunTime:0.0098s ]
SQL: select id from follow where user_id = '1' and followed_user_id = '2'  [ RunTime:0.0003s ]
SQL: SHOW COLUMNS FROM `follow` [ RunTime:0.0057s ]
SQL: INSERT INTO `follow` (`user_id`,`followed_user_id`,`created_at`,`updated_at`) VALUES ('1','2','2016-01-12 15:35:34','2016-01-12 15:35:34') [ RunTime:0.1117s ]
SQL: SHOW COLUMNS FROM `user` [ RunTime:0.0068s ]
SQL: UPDATE `user` SET `following_count`=following_count+1 WHERE ( id='1' ) [ RunTime:0.1690s ]
SQL: UPDATE `user` SET `followers_count`=followers_count+1 WHERE ( id='2' ) [ RunTime:0.1004s ]
INFO: [ app_end ] --START--
INFO: Run Behavior\ShowPageTraceBehavior [ RunTime:0.001601s ]
INFO: [ app_end ] --END-- [ RunTime:0.001987s ]

[ 2016-01-12T15:58:03+08:00 ] 192.168.191.9 /meixue/index.php/home/user/login
INFO: [ app_init ] --START--
INFO: Run Behavior\BuildLiteBehavior [ RunTime:0.000042s ]
INFO: [ app_init ] --END-- [ RunTime:0.000722s ]
INFO: [ app_begin ] --START--
INFO: Run Behavior\ReadHtmlCacheBehavior [ RunTime:0.000934s ]
INFO: [ app_begin ] --END-- [ RunTime:0.001135s ]
SQL: SHOW COLUMNS FROM `user` [ RunTime:0.0127s ]
SQL: select * from user where email = 'ben@chamobile.com' and password = 'MTIzNDU2' [ RunTime:0.0004s ]
INFO: [ app_end ] --START--
INFO: Run Behavior\ShowPageTraceBehavior [ RunTime:0.000867s ]
INFO: [ app_end ] --END-- [ RunTime:0.001016s ]

[ 2016-01-12T15:58:07+08:00 ] 192.168.191.9 /meixue/index.php/home/question/selectQuestionList?page=1
INFO: [ app_init ] --START--
INFO: Run Behavior\BuildLiteBehavior [ RunTime:0.000042s ]
INFO: [ app_init ] --END-- [ RunTime:0.000705s ]
INFO: [ app_begin ] --START--
INFO: Run Behavior\ReadHtmlCacheBehavior [ RunTime:0.000902s ]
INFO: [ app_begin ] --END-- [ RunTime:0.001091s ]
SQL: SHOW COLUMNS FROM `question` [ RunTime:0.0515s ]
SQL: select * from question order by created_at desc limit 0,20 [ RunTime:0.0115s ]
INFO: [ app_end ] --START--
INFO: Run Behavior\ShowPageTraceBehavior [ RunTime:0.002434s ]
INFO: [ app_end ] --END-- [ RunTime:0.002803s ]

[ 2016-01-12T15:58:14+08:00 ] 192.168.191.9 /meixue/index.php/home/follow/following?user_id=1
INFO: [ app_init ] --START--
INFO: Run Behavior\BuildLiteBehavior [ RunTime:0.000072s ]
INFO: [ app_init ] --END-- [ RunTime:0.001202s ]
INFO: [ app_begin ] --START--
INFO: Run Behavior\ReadHtmlCacheBehavior [ RunTime:0.000688s ]
INFO: [ app_begin ] --END-- [ RunTime:0.000824s ]
SQL: SHOW COLUMNS FROM `follow` [ RunTime:0.0087s ]
SQL: select * from follow where user_id = '1' order by created_at desc  [ RunTime:0.0004s ]
SQL: select * from user where id = '2' [ RunTime:0.0003s ]
INFO: [ app_end ] --START--
INFO: Run Behavior\ShowPageTraceBehavior [ RunTime:0.000876s ]
INFO: [ app_end ] --END-- [ RunTime:0.001016s ]

[ 2016-01-12T15:58:17+08:00 ] 192.168.191.9 /meixue/index.php/home/user/personalPage?user_id=1&followed_user_id=2
INFO: [ app_init ] --START--
INFO: Run Behavior\BuildLiteBehavior [ RunTime:0.000075s ]
INFO: [ app_init ] --END-- [ RunTime:0.001413s ]
INFO: [ app_begin ] --START--
INFO: Run Behavior\ReadHtmlCacheBehavior [ RunTime:0.001807s ]
INFO: [ app_begin ] --END-- [ RunTime:0.002181s ]
SQL: SHOW COLUMNS FROM `user` [ RunTime:0.0090s ]
SQL: select * from user where id = '2' [ RunTime:0.0004s ]
SQL: select * from follow where user_id = '1' and followed_user_id = '2' [ RunTime:0.0003s ]
INFO: [ app_end ] --START--
INFO: Run Behavior\ShowPageTraceBehavior [ RunTime:0.000809s ]
INFO: [ app_end ] --END-- [ RunTime:0.000952s ]

[ 2016-01-12T15:58:17+08:00 ] 192.168.191.9 /meixue/index.php/home/question/selectQuestionList?page=1
INFO: [ app_init ] --START--
INFO: Run Behavior\BuildLiteBehavior [ RunTime:0.000053s ]
INFO: [ app_init ] --END-- [ RunTime:0.000863s ]
INFO: [ app_begin ] --START--
INFO: Run Behavior\ReadHtmlCacheBehavior [ RunTime:0.000765s ]
INFO: [ app_begin ] --END-- [ RunTime:0.000935s ]
SQL: SHOW COLUMNS FROM `question` [ RunTime:0.0070s ]
SQL: select * from question order by created_at desc limit 0,20 [ RunTime:0.0005s ]
INFO: [ app_end ] --START--
INFO: Run Behavior\ShowPageTraceBehavior [ RunTime:0.000990s ]
INFO: [ app_end ] --END-- [ RunTime:0.001160s ]

[ 2016-01-12T15:58:29+08:00 ] 192.168.191.9 /meixue/index.php/home/follow/following_and_cancel
INFO: [ app_init ] --START--
INFO: Run Behavior\BuildLiteBehavior [ RunTime:0.000030s ]
INFO: [ app_init ] --END-- [ RunTime:0.000466s ]
INFO: [ app_begin ] --START--
INFO: Run Behavior\ReadHtmlCacheBehavior [ RunTime:0.000665s ]
INFO: [ app_begin ] --END-- [ RunTime:0.000807s ]
SQL: SHOW COLUMNS FROM `follow` [ RunTime:0.4426s ]
SQL: select id from follow where user_id = '1' and followed_user_id = ''  [ RunTime:0.0009s ]
SQL: SHOW COLUMNS FROM `follow` [ RunTime:0.5858s ]
ERR: 1452:Cannot add or update a child row: a foreign key constraint fails (`meixue`.`follow`, CONSTRAINT `follow_ibfk_2` FOREIGN KEY (`followed_user_id`) REFERENCES `user` (`id`))
 [ SQL语句 ] : INSERT INTO `follow` (`user_id`,`followed_user_id`,`created_at`,`updated_at`) VALUES ('1','0','2016-01-12 15:58:28','2016-01-12 15:58:28')
ERR: 1452:Cannot add or update a child row: a foreign key constraint fails (`meixue`.`follow`, CONSTRAINT `follow_ibfk_2` FOREIGN KEY (`followed_user_id`) REFERENCES `user` (`id`))
 [ SQL语句 ] : INSERT INTO `follow` (`user_id`,`followed_user_id`,`created_at`,`updated_at`) VALUES ('1','0','2016-01-12 15:58:28','2016-01-12 15:58:28')

[ 2016-01-12T15:58:45+08:00 ] 192.168.191.9 /meixue/index.php/home/question/selectQuestionList?page=1
INFO: [ app_init ] --START--
INFO: Run Behavior\BuildLiteBehavior [ RunTime:0.000039s ]
INFO: [ app_init ] --END-- [ RunTime:0.000535s ]
INFO: [ app_begin ] --START--
INFO: Run Behavior\ReadHtmlCacheBehavior [ RunTime:0.000674s ]
INFO: [ app_begin ] --END-- [ RunTime:0.000834s ]
SQL: SHOW COLUMNS FROM `question` [ RunTime:0.0126s ]
SQL: select * from question order by created_at desc limit 0,20 [ RunTime:0.0005s ]
INFO: [ app_end ] --START--
INFO: Run Behavior\ShowPageTraceBehavior [ RunTime:0.000879s ]
INFO: [ app_end ] --END-- [ RunTime:0.001010s ]

[ 2016-01-12T15:58:58+08:00 ] 192.168.191.9 /meixue/index.php/home/follow/following?user_id=1
INFO: [ app_init ] --START--
INFO: Run Behavior\BuildLiteBehavior [ RunTime:0.000045s ]
INFO: [ app_init ] --END-- [ RunTime:0.000731s ]
INFO: [ app_begin ] --START--
INFO: Run Behavior\ReadHtmlCacheBehavior [ RunTime:0.001454s ]
INFO: [ app_begin ] --END-- [ RunTime:0.001670s ]
SQL: SHOW COLUMNS FROM `follow` [ RunTime:0.0124s ]
SQL: select * from follow where user_id = '1' order by created_at desc  [ RunTime:0.0005s ]
SQL: select * from user where id = '2' [ RunTime:0.0004s ]
INFO: [ app_end ] --START--
INFO: Run Behavior\ShowPageTraceBehavior [ RunTime:0.000843s ]
INFO: [ app_end ] --END-- [ RunTime:0.000982s ]

[ 2016-01-12T15:59:00+08:00 ] 192.168.191.9 /meixue/index.php/home/follow/followers?user_id=1
INFO: [ app_init ] --START--
INFO: Run Behavior\BuildLiteBehavior [ RunTime:0.000046s ]
INFO: [ app_init ] --END-- [ RunTime:0.000752s ]
INFO: [ app_begin ] --START--
INFO: Run Behavior\ReadHtmlCacheBehavior [ RunTime:0.001096s ]
INFO: [ app_begin ] --END-- [ RunTime:0.001337s ]
SQL: SHOW COLUMNS FROM `follow` [ RunTime:0.0093s ]
SQL: select * from follow where followed_user_id = '1' order by created_at desc  [ RunTime:0.0004s ]
SQL: select * from user where id = '2' [ RunTime:0.0003s ]
INFO: [ app_end ] --START--
INFO: Run Behavior\ShowPageTraceBehavior [ RunTime:0.000881s ]
INFO: [ app_end ] --END-- [ RunTime:0.001037s ]

[ 2016-01-12T15:59:01+08:00 ] 192.168.191.9 /meixue/index.php/home/follow/followers?user_id=1
INFO: [ app_init ] --START--
INFO: Run Behavior\BuildLiteBehavior [ RunTime:0.000033s ]
INFO: [ app_init ] --END-- [ RunTime:0.000528s ]
INFO: [ app_begin ] --START--
INFO: Run Behavior\ReadHtmlCacheBehavior [ RunTime:0.000671s ]
INFO: [ app_begin ] --END-- [ RunTime:0.000828s ]
SQL: SHOW COLUMNS FROM `follow` [ RunTime:0.0097s ]
SQL: select * from follow where followed_user_id = '1' order by created_at desc  [ RunTime:0.0004s ]
SQL: select * from user where id = '2' [ RunTime:0.0003s ]
INFO: [ app_end ] --START--
INFO: Run Behavior\ShowPageTraceBehavior [ RunTime:0.000848s ]
INFO: [ app_end ] --END-- [ RunTime:0.000986s ]

[ 2016-01-12T15:59:10+08:00 ] 192.168.191.9 /meixue/index.php/home/user/personalPage?user_id=1&followed_user_id=2
INFO: [ app_init ] --START--
INFO: Run Behavior\BuildLiteBehavior [ RunTime:0.000071s ]
INFO: [ app_init ] --END-- [ RunTime:0.001354s ]
INFO: [ app_begin ] --START--
INFO: Run Behavior\ReadHtmlCacheBehavior [ RunTime:0.001757s ]
INFO: [ app_begin ] --END-- [ RunTime:0.002093s ]
SQL: SHOW COLUMNS FROM `user` [ RunTime:0.0090s ]
SQL: select * from user where id = '2' [ RunTime:0.0004s ]
SQL: select * from follow where user_id = '1' and followed_user_id = '2' [ RunTime:0.0004s ]
INFO: [ app_end ] --START--
INFO: Run Behavior\ShowPageTraceBehavior [ RunTime:0.000813s ]
INFO: [ app_end ] --END-- [ RunTime:0.000960s ]

[ 2016-01-12T15:59:10+08:00 ] 192.168.191.9 /meixue/index.php/home/question/selectQuestionList?page=1
INFO: [ app_init ] --START--
INFO: Run Behavior\BuildLiteBehavior [ RunTime:0.000035s ]
INFO: [ app_init ] --END-- [ RunTime:0.000552s ]
INFO: [ app_begin ] --START--
INFO: Run Behavior\ReadHtmlCacheBehavior [ RunTime:0.001086s ]
INFO: [ app_begin ] --END-- [ RunTime:0.001285s ]
SQL: SHOW COLUMNS FROM `question` [ RunTime:0.0095s ]
SQL: select * from question order by created_at desc limit 0,20 [ RunTime:0.0005s ]
INFO: [ app_end ] --START--
INFO: Run Behavior\ShowPageTraceBehavior [ RunTime:0.001035s ]
INFO: [ app_end ] --END-- [ RunTime:0.001231s ]

[ 2016-01-12T15:59:23+08:00 ] 192.168.191.9 /meixue/index.php/home/follow/following_and_cancel
INFO: [ app_init ] --START--
INFO: Run Behavior\BuildLiteBehavior [ RunTime:0.000073s ]
INFO: [ app_init ] --END-- [ RunTime:0.001254s ]
INFO: [ app_begin ] --START--
INFO: Run Behavior\ReadHtmlCacheBehavior [ RunTime:0.000656s ]
INFO: [ app_begin ] --END-- [ RunTime:0.000790s ]
SQL: SHOW COLUMNS FROM `follow` [ RunTime:0.0086s ]
SQL: select id from follow where user_id = '1' and followed_user_id = ''  [ RunTime:0.0004s ]
SQL: SHOW COLUMNS FROM `follow` [ RunTime:0.0043s ]
ERR: 1452:Cannot add or update a child row: a foreign key constraint fails (`meixue`.`follow`, CONSTRAINT `follow_ibfk_2` FOREIGN KEY (`followed_user_id`) REFERENCES `user` (`id`))
 [ SQL语句 ] : INSERT INTO `follow` (`user_id`,`followed_user_id`,`created_at`,`updated_at`) VALUES ('1','0','2016-01-12 15:59:23','2016-01-12 15:59:23')
ERR: 1452:Cannot add or update a child row: a foreign key constraint fails (`meixue`.`follow`, CONSTRAINT `follow_ibfk_2` FOREIGN KEY (`followed_user_id`) REFERENCES `user` (`id`))
 [ SQL语句 ] : INSERT INTO `follow` (`user_id`,`followed_user_id`,`created_at`,`updated_at`) VALUES ('1','0','2016-01-12 15:59:23','2016-01-12 15:59:23')

[ 2016-01-12T16:00:18+08:00 ] ::1 /meixue/index.php/home/follow/following_and_cancel
INFO: [ app_init ] --START--
INFO: Run Behavior\BuildLiteBehavior [ RunTime:0.000036s ]
INFO: [ app_init ] --END-- [ RunTime:0.000745s ]
INFO: [ app_begin ] --START--
INFO: Run Behavior\ReadHtmlCacheBehavior [ RunTime:0.000735s ]
INFO: [ app_begin ] --END-- [ RunTime:0.000936s ]
SQL: SHOW COLUMNS FROM `follow` [ RunTime:0.0106s ]
SQL: select id from follow where user_id = '1' and followed_user_id = '2'  [ RunTime:0.0003s ]
SQL: SHOW COLUMNS FROM `follow` [ RunTime:0.0042s ]
SQL: DELETE FROM `follow` WHERE `id` = 5 [ RunTime:0.1924s ]
SQL: SHOW COLUMNS FROM `user` [ RunTime:0.0176s ]
SQL: UPDATE `user` SET `following_count`=following_count-1 WHERE ( id='1' ) [ RunTime:0.2290s ]
SQL: UPDATE `user` SET `followers_count`=followers_count-1 WHERE ( id='2' ) [ RunTime:0.0499s ]
INFO: [ app_end ] --START--
INFO: Run Behavior\ShowPageTraceBehavior [ RunTime:0.001328s ]
INFO: [ app_end ] --END-- [ RunTime:0.001681s ]

[ 2016-01-12T16:01:25+08:00 ] 192.168.191.9 /meixue/index.php/home/follow/followers?user_id=1
INFO: [ app_init ] --START--
INFO: Run Behavior\BuildLiteBehavior [ RunTime:0.000038s ]
INFO: [ app_init ] --END-- [ RunTime:0.000616s ]
INFO: [ app_begin ] --START--
INFO: Run Behavior\ReadHtmlCacheBehavior [ RunTime:0.000840s ]
INFO: [ app_begin ] --END-- [ RunTime:0.001022s ]
SQL: SHOW COLUMNS FROM `follow` [ RunTime:0.0094s ]
SQL: select * from follow where followed_user_id = '1' order by created_at desc  [ RunTime:0.0004s ]
SQL: select * from user where id = '2' [ RunTime:0.0003s ]
INFO: [ app_end ] --START--
INFO: Run Behavior\ShowPageTraceBehavior [ RunTime:0.000856s ]
INFO: [ app_end ] --END-- [ RunTime:0.000995s ]

[ 2016-01-12T16:01:27+08:00 ] 192.168.191.9 /meixue/index.php/home/follow/following?user_id=1
INFO: [ app_init ] --START--
INFO: Run Behavior\BuildLiteBehavior [ RunTime:0.000032s ]
INFO: [ app_init ] --END-- [ RunTime:0.000795s ]
INFO: [ app_begin ] --START--
INFO: Run Behavior\ReadHtmlCacheBehavior [ RunTime:0.000693s ]
INFO: [ app_begin ] --END-- [ RunTime:0.000835s ]
SQL: SHOW COLUMNS FROM `follow` [ RunTime:0.0754s ]
SQL: select * from follow where user_id = '1' order by created_at desc  [ RunTime:0.0004s ]
NOTIC: [8] Undefined variable: allRet F:\wamp\www\meixue\Application\Home\Model\FollowModel.class.php 第 48 行.
INFO: [ app_end ] --START--
INFO: Run Behavior\ShowPageTraceBehavior [ RunTime:0.000884s ]
INFO: [ app_end ] --END-- [ RunTime:0.001030s ]

[ 2016-01-12T16:02:20+08:00 ] ::1 /meixue/index.php/home/follow/following?user_id=1
INFO: [ app_init ] --START--
INFO: Run Behavior\BuildLiteBehavior [ RunTime:0.000075s ]
INFO: [ app_init ] --END-- [ RunTime:0.001196s ]
INFO: [ app_begin ] --START--
INFO: Run Behavior\ReadHtmlCacheBehavior [ RunTime:0.001112s ]
INFO: [ app_begin ] --END-- [ RunTime:0.001589s ]
SQL: SHOW COLUMNS FROM `follow` [ RunTime:0.0120s ]
SQL: select * from follow where user_id = '1' order by created_at desc  [ RunTime:0.0004s ]
NOTIC: [8] Undefined variable: allRet F:\wamp\www\meixue\Application\Home\Model\FollowModel.class.php 第 48 行.
INFO: [ app_end ] --START--
INFO: Run Behavior\ShowPageTraceBehavior [ RunTime:0.001693s ]
INFO: [ app_end ] --END-- [ RunTime:0.002255s ]

[ 2016-01-12T16:05:14+08:00 ] 192.168.191.9 /meixue/index.php/home/user/login
INFO: [ app_init ] --START--
INFO: Run Behavior\BuildLiteBehavior [ RunTime:0.000041s ]
INFO: [ app_init ] --END-- [ RunTime:0.000868s ]
INFO: [ app_begin ] --START--
INFO: Run Behavior\ReadHtmlCacheBehavior [ RunTime:0.001020s ]
INFO: [ app_begin ] --END-- [ RunTime:0.001281s ]
SQL: SHOW COLUMNS FROM `user` [ RunTime:0.0111s ]
SQL: select * from user where email = 'ben@chamobile.com' and password = 'MTIzNDU2' [ RunTime:0.0005s ]
INFO: [ app_end ] --START--
INFO: Run Behavior\ShowPageTraceBehavior [ RunTime:0.000942s ]
INFO: [ app_end ] --END-- [ RunTime:0.001085s ]

[ 2016-01-12T16:05:16+08:00 ] 192.168.191.9 /meixue/index.php/home/question/selectQuestionList?page=1
INFO: [ app_init ] --START--
INFO: Run Behavior\BuildLiteBehavior [ RunTime:0.000067s ]
INFO: [ app_init ] --END-- [ RunTime:0.000830s ]
INFO: [ app_begin ] --START--
INFO: Run Behavior\ReadHtmlCacheBehavior [ RunTime:0.000936s ]
INFO: [ app_begin ] --END-- [ RunTime:0.001197s ]
SQL: SHOW COLUMNS FROM `question` [ RunTime:0.0135s ]
SQL: select * from question order by created_at desc limit 0,20 [ RunTime:0.0005s ]
INFO: [ app_end ] --START--
INFO: Run Behavior\ShowPageTraceBehavior [ RunTime:0.001132s ]
INFO: [ app_end ] --END-- [ RunTime:0.001348s ]

[ 2016-01-12T16:05:28+08:00 ] 192.168.191.9 /meixue/index.php/home/follow/following?user_id=1
INFO: [ app_init ] --START--
INFO: Run Behavior\BuildLiteBehavior [ RunTime:0.000069s ]
INFO: [ app_init ] --END-- [ RunTime:0.001227s ]
INFO: [ app_begin ] --START--
INFO: Run Behavior\ReadHtmlCacheBehavior [ RunTime:0.001630s ]
INFO: [ app_begin ] --END-- [ RunTime:0.002097s ]
SQL: SHOW COLUMNS FROM `follow` [ RunTime:0.0118s ]
SQL: select * from follow where user_id = '1' order by created_at desc  [ RunTime:0.0004s ]
INFO: [ app_end ] --START--
INFO: Run Behavior\ShowPageTraceBehavior [ RunTime:0.000793s ]
INFO: [ app_end ] --END-- [ RunTime:0.000933s ]

[ 2016-01-12T16:05:30+08:00 ] 192.168.191.9 /meixue/index.php/home/follow/following?user_id=1
INFO: [ app_init ] --START--
INFO: Run Behavior\BuildLiteBehavior [ RunTime:0.000028s ]
INFO: [ app_init ] --END-- [ RunTime:0.000470s ]
INFO: [ app_begin ] --START--
INFO: Run Behavior\ReadHtmlCacheBehavior [ RunTime:0.000641s ]
INFO: [ app_begin ] --END-- [ RunTime:0.000777s ]
SQL: SHOW COLUMNS FROM `follow` [ RunTime:0.0088s ]
SQL: select * from follow where user_id = '1' order by created_at desc  [ RunTime:0.0003s ]
INFO: [ app_end ] --START--
INFO: Run Behavior\ShowPageTraceBehavior [ RunTime:0.000769s ]
INFO: [ app_end ] --END-- [ RunTime:0.000898s ]

[ 2016-01-12T16:05:32+08:00 ] 192.168.191.9 /meixue/index.php/home/follow/followers?user_id=1
INFO: [ app_init ] --START--
INFO: Run Behavior\BuildLiteBehavior [ RunTime:0.000070s ]
INFO: [ app_init ] --END-- [ RunTime:0.001186s ]
INFO: [ app_begin ] --START--
INFO: Run Behavior\ReadHtmlCacheBehavior [ RunTime:0.000908s ]
INFO: [ app_begin ] --END-- [ RunTime:0.001111s ]
SQL: SHOW COLUMNS FROM `follow` [ RunTime:0.0118s ]
SQL: select * from follow where followed_user_id = '1' order by created_at desc  [ RunTime:0.0006s ]
SQL: select * from user where id = '2' [ RunTime:0.0004s ]
INFO: [ app_end ] --START--
INFO: Run Behavior\ShowPageTraceBehavior [ RunTime:0.001049s ]
INFO: [ app_end ] --END-- [ RunTime:0.001232s ]

[ 2016-01-12T16:05:42+08:00 ] 192.168.191.9 /meixue/index.php/home/user/personalPage?user_id=1&followed_user_id=2
INFO: [ app_init ] --START--
INFO: Run Behavior\BuildLiteBehavior [ RunTime:0.000048s ]
INFO: [ app_init ] --END-- [ RunTime:0.000823s ]
INFO: [ app_begin ] --START--
INFO: Run Behavior\ReadHtmlCacheBehavior [ RunTime:0.001320s ]
INFO: [ app_begin ] --END-- [ RunTime:0.001637s ]
SQL: SHOW COLUMNS FROM `user` [ RunTime:0.0137s ]
SQL: select * from user where id = '2' [ RunTime:0.0005s ]
SQL: select * from follow where user_id = '1' and followed_user_id = '2' [ RunTime:0.0004s ]
INFO: [ app_end ] --START--
INFO: Run Behavior\ShowPageTraceBehavior [ RunTime:0.001344s ]
INFO: [ app_end ] --END-- [ RunTime:0.001651s ]

[ 2016-01-12T16:05:42+08:00 ] 192.168.191.9 /meixue/index.php/home/question/selectQuestionList?page=1
INFO: [ app_init ] --START--
INFO: Run Behavior\BuildLiteBehavior [ RunTime:0.000030s ]
INFO: [ app_init ] --END-- [ RunTime:0.000540s ]
INFO: [ app_begin ] --START--
INFO: Run Behavior\ReadHtmlCacheBehavior [ RunTime:0.000639s ]
INFO: [ app_begin ] --END-- [ RunTime:0.000784s ]
SQL: SHOW COLUMNS FROM `question` [ RunTime:0.0074s ]
SQL: select * from question order by created_at desc limit 0,20 [ RunTime:0.0005s ]
INFO: [ app_end ] --START--
INFO: Run Behavior\ShowPageTraceBehavior [ RunTime:0.001107s ]
INFO: [ app_end ] --END-- [ RunTime:0.001565s ]

[ 2016-01-12T16:05:51+08:00 ] 192.168.191.9 /meixue/index.php/home/follow/following_and_cancel
INFO: [ app_init ] --START--
INFO: Run Behavior\BuildLiteBehavior [ RunTime:0.000071s ]
INFO: [ app_init ] --END-- [ RunTime:0.001257s ]
INFO: [ app_begin ] --START--
INFO: Run Behavior\ReadHtmlCacheBehavior [ RunTime:0.000937s ]
INFO: [ app_begin ] --END-- [ RunTime:0.001149s ]
SQL: SHOW COLUMNS FROM `follow` [ RunTime:0.0186s ]
SQL: select id from follow where user_id = '1' and followed_user_id = ''  [ RunTime:0.0006s ]
SQL: SHOW COLUMNS FROM `follow` [ RunTime:0.0089s ]
ERR: 1452:Cannot add or update a child row: a foreign key constraint fails (`meixue`.`follow`, CONSTRAINT `follow_ibfk_2` FOREIGN KEY (`followed_user_id`) REFERENCES `user` (`id`))
 [ SQL语句 ] : INSERT INTO `follow` (`user_id`,`followed_user_id`,`created_at`,`updated_at`) VALUES ('1','0','2016-01-12 16:05:51','2016-01-12 16:05:51')
ERR: 1452:Cannot add or update a child row: a foreign key constraint fails (`meixue`.`follow`, CONSTRAINT `follow_ibfk_2` FOREIGN KEY (`followed_user_id`) REFERENCES `user` (`id`))
 [ SQL语句 ] : INSERT INTO `follow` (`user_id`,`followed_user_id`,`created_at`,`updated_at`) VALUES ('1','0','2016-01-12 16:05:51','2016-01-12 16:05:51')

[ 2016-01-12T16:07:24+08:00 ] 192.168.191.9 /meixue/index.php/home/follow/following?user_id=1
INFO: [ app_init ] --START--
INFO: Run Behavior\BuildLiteBehavior [ RunTime:0.000029s ]
INFO: [ app_init ] --END-- [ RunTime:0.000488s ]
INFO: [ app_begin ] --START--
INFO: Run Behavior\ReadHtmlCacheBehavior [ RunTime:0.000705s ]
INFO: [ app_begin ] --END-- [ RunTime:0.000834s ]
SQL: SHOW COLUMNS FROM `follow` [ RunTime:0.0091s ]
SQL: select * from follow where user_id = '1' order by created_at desc  [ RunTime:0.0004s ]
INFO: [ app_end ] --START--
INFO: Run Behavior\ShowPageTraceBehavior [ RunTime:0.000863s ]
INFO: [ app_end ] --END-- [ RunTime:0.000996s ]

[ 2016-01-12T16:35:10+08:00 ] 192.168.191.9 /meixue/index.php/home/my_collects?page=1
INFO: [ app_init ] --START--
INFO: Run Behavior\BuildLiteBehavior [ RunTime:0.000064s ]
INFO: [ app_init ] --END-- [ RunTime:0.000964s ]
INFO: [ app_begin ] --START--
INFO: Run Behavior\ReadHtmlCacheBehavior [ RunTime:0.000854s ]
INFO: [ app_begin ] --END-- [ RunTime:0.001030s ]
ERR: 无法加载控制器:My_collects

[ 2016-01-12T16:35:44+08:00 ] 192.168.191.9 /meixue/index.php/home/answer/answerList?question_id=6&page=1
INFO: [ app_init ] --START--
INFO: Run Behavior\BuildLiteBehavior [ RunTime:0.000091s ]
INFO: [ app_init ] --END-- [ RunTime:0.001300s ]
INFO: [ app_begin ] --START--
INFO: Run Behavior\ReadHtmlCacheBehavior [ RunTime:0.000780s ]
INFO: [ app_begin ] --END-- [ RunTime:0.000958s ]
SQL: SHOW COLUMNS FROM `answer` [ RunTime:0.0310s ]
SQL: SHOW COLUMNS FROM `user` [ RunTime:0.0199s ]
SQL: select * from answer where question_id = 6 order by created_at desc limit 0,20 [ RunTime:0.0167s ]
SQL: SELECT * FROM `user` WHERE `id` = 1  [ RunTime:0.0004s ]
SQL: SELECT * FROM `user` WHERE `id` = 2  [ RunTime:0.0003s ]
INFO: [ app_end ] --START--
INFO: Run Behavior\ShowPageTraceBehavior [ RunTime:0.001143s ]
INFO: [ app_end ] --END-- [ RunTime:0.001362s ]

[ 2016-01-12T16:35:44+08:00 ] 192.168.191.9 /meixue/index.php/home/question/questionsDetails?question_id=6
INFO: [ app_init ] --START--
INFO: Run Behavior\BuildLiteBehavior [ RunTime:0.000036s ]
INFO: [ app_init ] --END-- [ RunTime:0.000702s ]
INFO: [ app_begin ] --START--
INFO: Run Behavior\ReadHtmlCacheBehavior [ RunTime:0.000697s ]
INFO: [ app_begin ] --END-- [ RunTime:0.000857s ]
SQL: SHOW COLUMNS FROM `question` [ RunTime:0.0094s ]
SQL: SHOW COLUMNS FROM `question` [ RunTime:0.0054s ]
SQL: SELECT * FROM `question` WHERE `id` = 6  [ RunTime:0.0004s ]
SQL: SHOW COLUMNS FROM `user` [ RunTime:0.0055s ]
SQL: SELECT * FROM `user` WHERE `id` = 2  [ RunTime:0.0004s ]
INFO: [ app_end ] --START--
INFO: Run Behavior\ShowPageTraceBehavior [ RunTime:0.000963s ]
INFO: [ app_end ] --END-- [ RunTime:0.001140s ]

[ 2016-01-12T17:07:08+08:00 ] ::1 /meixue/index.php/home/collection/myCollects?user_id=1&page=1
INFO: [ app_init ] --START--
INFO: Run Behavior\BuildLiteBehavior [ RunTime:0.000031s ]
INFO: [ app_init ] --END-- [ RunTime:0.000516s ]
INFO: [ app_begin ] --START--
INFO: Run Behavior\ReadHtmlCacheBehavior [ RunTime:0.000685s ]
INFO: [ app_begin ] --END-- [ RunTime:0.000830s ]
SQL: SHOW COLUMNS FROM `collection` [ RunTime:0.1462s ]
SQL: select * from collection where user_id = 1 order by created_at desc limit 0,20 [ RunTime:0.1185s ]
INFO: [ app_end ] --START--
INFO: Run Behavior\ShowPageTraceBehavior [ RunTime:0.002524s ]
INFO: [ app_end ] --END-- [ RunTime:0.003034s ]

[ 2016-01-12T17:07:48+08:00 ] ::1 /meixue/index.php/home/collection/myCollects?user_id=1&page=1
INFO: [ app_init ] --START--
INFO: Run Behavior\BuildLiteBehavior [ RunTime:0.000123s ]
INFO: [ app_init ] --END-- [ RunTime:0.002166s ]
INFO: [ app_begin ] --START--
INFO: Run Behavior\ReadHtmlCacheBehavior [ RunTime:0.001567s ]
INFO: [ app_begin ] --END-- [ RunTime:0.001938s ]
SQL: SHOW COLUMNS FROM `collection` [ RunTime:0.0219s ]
SQL: select * from collection where user_id = 1 order by created_at desc limit 0,20 [ RunTime:0.0004s ]
INFO: [ app_end ] --START--
INFO: Run Behavior\ShowPageTraceBehavior [ RunTime:0.000939s ]
INFO: [ app_end ] --END-- [ RunTime:0.001094s ]

[ 2016-01-12T17:07:57+08:00 ] ::1 /meixue/index.php/home/collection/myCollects?user_id=1&page=1
INFO: [ app_init ] --START--
INFO: Run Behavior\BuildLiteBehavior [ RunTime:0.000032s ]
INFO: [ app_init ] --END-- [ RunTime:0.000572s ]
INFO: [ app_begin ] --START--
INFO: Run Behavior\ReadHtmlCacheBehavior [ RunTime:0.000720s ]
INFO: [ app_begin ] --END-- [ RunTime:0.000879s ]
SQL: SHOW COLUMNS FROM `collection` [ RunTime:0.0094s ]
SQL: select * from collection where user_id = 1 order by created_at desc limit 0,20 [ RunTime:0.0004s ]
INFO: [ app_end ] --START--
INFO: Run Behavior\ShowPageTraceBehavior [ RunTime:0.000955s ]
INFO: [ app_end ] --END-- [ RunTime:0.001120s ]

[ 2016-01-12T17:09:41+08:00 ] ::1 /meixue/index.php/home/collection/myCollects?user_id=1&page=1
INFO: [ app_init ] --START--
INFO: Run Behavior\BuildLiteBehavior [ RunTime:0.000032s ]
INFO: [ app_init ] --END-- [ RunTime:0.000589s ]
INFO: [ app_begin ] --START--
INFO: Run Behavior\ReadHtmlCacheBehavior [ RunTime:0.000761s ]
INFO: [ app_begin ] --END-- [ RunTime:0.000911s ]
SQL: SHOW COLUMNS FROM `collection` [ RunTime:0.0088s ]
SQL: select * from collection where user_id = 1 order by created_at desc limit 0,20 [ RunTime:0.0006s ]
SQL: select * from question where id = 5 [ RunTime:0.0003s ]
SQL: select * from question where id = 1 [ RunTime:0.0002s ]
INFO: [ app_end ] --START--
INFO: Run Behavior\ShowPageTraceBehavior [ RunTime:0.000866s ]
INFO: [ app_end ] --END-- [ RunTime:0.001011s ]

[ 2016-01-12T17:09:58+08:00 ] ::1 /meixue/index.php/home/collection/myCollects?user_id=2&page=1
INFO: [ app_init ] --START--
INFO: Run Behavior\BuildLiteBehavior [ RunTime:0.000041s ]
INFO: [ app_init ] --END-- [ RunTime:0.000683s ]
INFO: [ app_begin ] --START--
INFO: Run Behavior\ReadHtmlCacheBehavior [ RunTime:0.001149s ]
INFO: [ app_begin ] --END-- [ RunTime:0.001334s ]
SQL: SHOW COLUMNS FROM `collection` [ RunTime:0.0091s ]
SQL: select * from collection where user_id = 2 order by created_at desc limit 0,20 [ RunTime:0.0005s ]
INFO: [ app_end ] --START--
INFO: Run Behavior\ShowPageTraceBehavior [ RunTime:0.001020s ]
INFO: [ app_end ] --END-- [ RunTime:0.001227s ]

[ 2016-01-12T17:10:02+08:00 ] ::1 /meixue/index.php/home/collection/myCollects?user_id=1&page=1
INFO: [ app_init ] --START--
INFO: Run Behavior\BuildLiteBehavior [ RunTime:0.000046s ]
INFO: [ app_init ] --END-- [ RunTime:0.001027s ]
INFO: [ app_begin ] --START--
INFO: Run Behavior\ReadHtmlCacheBehavior [ RunTime:0.002486s ]
INFO: [ app_begin ] --END-- [ RunTime:0.002874s ]
SQL: SHOW COLUMNS FROM `collection` [ RunTime:0.0091s ]
SQL: select * from collection where user_id = 1 order by created_at desc limit 0,20 [ RunTime:0.0004s ]
SQL: select * from question where id = 5 [ RunTime:0.0002s ]
SQL: select * from question where id = 1 [ RunTime:0.0002s ]
INFO: [ app_end ] --START--
INFO: Run Behavior\ShowPageTraceBehavior [ RunTime:0.000893s ]
INFO: [ app_end ] --END-- [ RunTime:0.001036s ]

[ 2016-01-12T17:10:05+08:00 ] ::1 /meixue/index.php/home/collection/myCollects?user_id=1&page=0
INFO: [ app_init ] --START--
INFO: Run Behavior\BuildLiteBehavior [ RunTime:0.000036s ]
INFO: [ app_init ] --END-- [ RunTime:0.000655s ]
INFO: [ app_begin ] --START--
INFO: Run Behavior\ReadHtmlCacheBehavior [ RunTime:0.000875s ]
INFO: [ app_begin ] --END-- [ RunTime:0.001051s ]
SQL: SHOW COLUMNS FROM `collection` [ RunTime:0.0091s ]
ERR: 1064:You have an error in your SQL syntax; check the manual that corresponds to your MySQL server version for the right syntax to use near '-20,20' at line 1
 [ SQL语句 ] : select * from collection where user_id = 1 order by created_at desc limit -20,20
ERR: 1064:You have an error in your SQL syntax; check the manual that corresponds to your MySQL server version for the right syntax to use near '-20,20' at line 1
 [ SQL语句 ] : select * from collection where user_id = 1 order by created_at desc limit -20,20

[ 2016-01-12T17:10:10+08:00 ] ::1 /meixue/index.php/home/collection/myCollects?user_id=1
INFO: [ app_init ] --START--
INFO: Run Behavior\BuildLiteBehavior [ RunTime:0.000032s ]
INFO: [ app_init ] --END-- [ RunTime:0.000547s ]
INFO: [ app_begin ] --START--
INFO: Run Behavior\ReadHtmlCacheBehavior [ RunTime:0.000765s ]
INFO: [ app_begin ] --END-- [ RunTime:0.000982s ]
SQL: SHOW COLUMNS FROM `collection` [ RunTime:0.0110s ]
ERR: 1064:You have an error in your SQL syntax; check the manual that corresponds to your MySQL server version for the right syntax to use near '-20,20' at line 1
 [ SQL语句 ] : select * from collection where user_id = 1 order by created_at desc limit -20,20
ERR: 1064:You have an error in your SQL syntax; check the manual that corresponds to your MySQL server version for the right syntax to use near '-20,20' at line 1
 [ SQL语句 ] : select * from collection where user_id = 1 order by created_at desc limit -20,20

[ 2016-01-12T17:10:54+08:00 ] ::1 /meixue/index.php/home/collection/myCollects?user_id=1&page=1
INFO: [ app_init ] --START--
INFO: Run Behavior\BuildLiteBehavior [ RunTime:0.000051s ]
INFO: [ app_init ] --END-- [ RunTime:0.000735s ]
INFO: [ app_begin ] --START--
INFO: Run Behavior\ReadHtmlCacheBehavior [ RunTime:0.000879s ]
INFO: [ app_begin ] --END-- [ RunTime:0.001032s ]
SQL: SHOW COLUMNS FROM `collection` [ RunTime:0.0236s ]
SQL: select * from collection where user_id = 1 order by created_at desc limit 0,20 [ RunTime:0.0010s ]
SQL: select * from question where id = 5 [ RunTime:0.0006s ]
SQL: select * from question where id = 1 [ RunTime:0.0006s ]
INFO: [ app_end ] --START--
INFO: Run Behavior\ShowPageTraceBehavior [ RunTime:0.002033s ]
INFO: [ app_end ] --END-- [ RunTime:0.002389s ]

[ 2016-01-12T17:11:00+08:00 ] ::1 /meixue/index.php/home/collection/myCollects?user_id=1&page=2
INFO: [ app_init ] --START--
INFO: Run Behavior\BuildLiteBehavior [ RunTime:0.000029s ]
INFO: [ app_init ] --END-- [ RunTime:0.000490s ]
INFO: [ app_begin ] --START--
INFO: Run Behavior\ReadHtmlCacheBehavior [ RunTime:0.000683s ]
INFO: [ app_begin ] --END-- [ RunTime:0.000823s ]
SQL: SHOW COLUMNS FROM `collection` [ RunTime:0.0085s ]
SQL: select * from collection where user_id = 1 order by created_at desc limit 20,20 [ RunTime:0.0004s ]
INFO: [ app_end ] --START--
INFO: Run Behavior\ShowPageTraceBehavior [ RunTime:0.000887s ]
INFO: [ app_end ] --END-- [ RunTime:0.001022s ]

[ 2016-01-12T17:15:10+08:00 ] ::1 /meixue/index.php/home/collection/myCollects?user_id=1&page=2
INFO: [ app_init ] --START--
INFO: Run Behavior\BuildLiteBehavior [ RunTime:0.000032s ]
INFO: [ app_init ] --END-- [ RunTime:0.000512s ]
INFO: [ app_begin ] --START--
INFO: Run Behavior\ReadHtmlCacheBehavior [ RunTime:0.000729s ]
INFO: [ app_begin ] --END-- [ RunTime:0.000914s ]
SQL: SHOW COLUMNS FROM `collection` [ RunTime:0.0213s ]
SQL: select * from collection where user_id = 1 order by created_at desc limit 20,20 [ RunTime:0.0011s ]
INFO: [ app_end ] --START--
INFO: Run Behavior\ShowPageTraceBehavior [ RunTime:0.001897s ]
INFO: [ app_end ] --END-- [ RunTime:0.002404s ]

[ 2016-01-12T17:15:16+08:00 ] ::1 /meixue/index.php/home/collection/myCollects?user_id=1&page=1
INFO: [ app_init ] --START--
INFO: Run Behavior\BuildLiteBehavior [ RunTime:0.000066s ]
INFO: [ app_init ] --END-- [ RunTime:0.001179s ]
INFO: [ app_begin ] --START--
INFO: Run Behavior\ReadHtmlCacheBehavior [ RunTime:0.000752s ]
INFO: [ app_begin ] --END-- [ RunTime:0.000968s ]
SQL: SHOW COLUMNS FROM `collection` [ RunTime:0.0100s ]
SQL: select * from collection where user_id = 1 order by created_at desc limit 0,20 [ RunTime:0.0006s ]
SQL: select * from question where id = 5 [ RunTime:0.0007s ]
SQL: select * from question where id = 1 [ RunTime:0.0008s ]
INFO: [ app_end ] --START--
INFO: Run Behavior\ShowPageTraceBehavior [ RunTime:0.001650s ]
INFO: [ app_end ] --END-- [ RunTime:0.001950s ]

[ 2016-01-12T17:15:20+08:00 ] ::1 /meixue/index.php/home/collection/myCollects?user_id=1&page=2
INFO: [ app_init ] --START--
INFO: Run Behavior\BuildLiteBehavior [ RunTime:0.000083s ]
INFO: [ app_init ] --END-- [ RunTime:0.001888s ]
INFO: [ app_begin ] --START--
INFO: Run Behavior\ReadHtmlCacheBehavior [ RunTime:0.000897s ]
INFO: [ app_begin ] --END-- [ RunTime:0.001078s ]
SQL: SHOW COLUMNS FROM `collection` [ RunTime:0.0110s ]
SQL: select * from collection where user_id = 1 order by created_at desc limit 20,20 [ RunTime:0.0004s ]
INFO: [ app_end ] --START--
INFO: Run Behavior\ShowPageTraceBehavior [ RunTime:0.000910s ]
INFO: [ app_end ] --END-- [ RunTime:0.001075s ]

[ 2016-01-12T17:15:27+08:00 ] ::1 /meixue/index.php/home/collection/myCollects?user_id=1&page=1
INFO: [ app_init ] --START--
INFO: Run Behavior\BuildLiteBehavior [ RunTime:0.000034s ]
INFO: [ app_init ] --END-- [ RunTime:0.000611s ]
INFO: [ app_begin ] --START--
INFO: Run Behavior\ReadHtmlCacheBehavior [ RunTime:0.000768s ]
INFO: [ app_begin ] --END-- [ RunTime:0.000955s ]
SQL: SHOW COLUMNS FROM `collection` [ RunTime:0.0950s ]
SQL: select * from collection where user_id = 1 order by created_at desc limit 0,20 [ RunTime:0.0006s ]
SQL: select * from question where id = 5 [ RunTime:0.0003s ]
SQL: select * from question where id = 1 [ RunTime:0.0002s ]
INFO: [ app_end ] --START--
INFO: Run Behavior\ShowPageTraceBehavior [ RunTime:0.001054s ]
INFO: [ app_end ] --END-- [ RunTime:0.001225s ]

[ 2016-01-12T17:49:16+08:00 ] ::1 /meixue/index.php/home/collection/collectAndDelete
INFO: [ app_init ] --START--
INFO: Run Behavior\BuildLiteBehavior [ RunTime:0.000031s ]
INFO: [ app_init ] --END-- [ RunTime:0.000532s ]
INFO: [ app_begin ] --START--
INFO: Run Behavior\ReadHtmlCacheBehavior [ RunTime:0.001063s ]
INFO: [ app_begin ] --END-- [ RunTime:0.001317s ]
SQL: SHOW COLUMNS FROM `collection` [ RunTime:0.1599s ]
SQL: select * from collection where user_id = '1' and question_id = '1'  [ RunTime:0.0006s ]
SQL: SHOW COLUMNS FROM `collection` [ RunTime:0.0080s ]
SQL: DELETE FROM `collection` WHERE `id` = 1 [ RunTime:0.4007s ]
SQL: SHOW COLUMNS FROM `user` [ RunTime:0.0202s ]
SQL: UPDATE `user` SET `collected_count`=collected_count-1 WHERE ( id='1' ) [ RunTime:0.4328s ]
SQL: SHOW COLUMNS FROM `question` [ RunTime:0.1380s ]
SQL: UPDATE `question` SET `collect_count`=collect_count-1 WHERE ( id='1' ) [ RunTime:0.1023s ]
SQL: SELECT * FROM `question` WHERE `id` = 1  [ RunTime:0.0008s ]
SQL: SELECT * FROM `user` WHERE `id` = 1  [ RunTime:0.0006s ]
INFO: [ app_end ] --START--
INFO: Run Behavior\ShowPageTraceBehavior [ RunTime:0.002288s ]
INFO: [ app_end ] --END-- [ RunTime:0.002825s ]

[ 2016-01-12T17:51:00+08:00 ] ::1 /meixue/index.php/home/collection/collectAndDelete
INFO: [ app_init ] --START--
INFO: Run Behavior\BuildLiteBehavior [ RunTime:0.000060s ]
INFO: [ app_init ] --END-- [ RunTime:0.000994s ]
INFO: [ app_begin ] --START--
INFO: Run Behavior\ReadHtmlCacheBehavior [ RunTime:0.000668s ]
INFO: [ app_begin ] --END-- [ RunTime:0.000820s ]
SQL: SHOW COLUMNS FROM `collection` [ RunTime:0.0198s ]
SQL: select * from collection where user_id = '1' and question_id = '1'  [ RunTime:0.0008s ]
SQL: SHOW COLUMNS FROM `collection` [ RunTime:0.0103s ]
SQL: INSERT INTO `collection` (`user_id`,`question_id`,`created_at`,`updated_at`) VALUES ('1','1','2016-01-12 17:50:57','2016-01-12 17:50:57') [ RunTime:1.2112s ]
SQL: SHOW COLUMNS FROM `user` [ RunTime:0.0198s ]
SQL: UPDATE `user` SET `collected_count`=collected_count+1 WHERE ( id='1' ) [ RunTime:1.3812s ]
SQL: SHOW COLUMNS FROM `question` [ RunTime:0.0217s ]
SQL: UPDATE `question` SET `collect_count`=collect_count+1 WHERE ( id='1' ) [ RunTime:0.6317s ]
SQL: SELECT * FROM `question` WHERE `id` = 1  [ RunTime:0.0008s ]
SQL: SELECT * FROM `user` WHERE `id` = 1  [ RunTime:0.0006s ]
INFO: [ app_end ] --START--
INFO: Run Behavior\ShowPageTraceBehavior [ RunTime:0.002034s ]
INFO: [ app_end ] --END-- [ RunTime:0.002406s ]

[ 2016-01-12T17:57:04+08:00 ] 192.168.191.9 /meixue/index.php/home/user/login
INFO: [ app_init ] --START--
INFO: Run Behavior\BuildLiteBehavior [ RunTime:0.000069s ]
INFO: [ app_init ] --END-- [ RunTime:0.001156s ]
INFO: [ app_begin ] --START--
INFO: Run Behavior\ReadHtmlCacheBehavior [ RunTime:0.001855s ]
INFO: [ app_begin ] --END-- [ RunTime:0.002364s ]
SQL: SHOW COLUMNS FROM `user` [ RunTime:0.0799s ]
SQL: select * from user where email = 'ben@chamobile.com' and password = 'MTIzNDU2' [ RunTime:0.0009s ]
INFO: [ app_end ] --START--
INFO: Run Behavior\ShowPageTraceBehavior [ RunTime:0.001833s ]
INFO: [ app_end ] --END-- [ RunTime:0.002221s ]

[ 2016-01-12T17:57:07+08:00 ] 192.168.191.9 /meixue/index.php/home/question/selectQuestionList?page=1
INFO: [ app_init ] --START--
INFO: Run Behavior\BuildLiteBehavior [ RunTime:0.000032s ]
INFO: [ app_init ] --END-- [ RunTime:0.000478s ]
INFO: [ app_begin ] --START--
INFO: Run Behavior\ReadHtmlCacheBehavior [ RunTime:0.037180s ]
INFO: [ app_begin ] --END-- [ RunTime:0.037383s ]
SQL: SHOW COLUMNS FROM `question` [ RunTime:0.2606s ]
SQL: select * from question order by created_at desc limit 0,20 [ RunTime:0.0009s ]
INFO: [ app_end ] --START--
INFO: Run Behavior\ShowPageTraceBehavior [ RunTime:0.001778s ]
INFO: [ app_end ] --END-- [ RunTime:0.002124s ]

[ 2016-01-12T17:57:16+08:00 ] 192.168.191.9 /meixue/index.php/home/answer/answerList?question_id=4&page=1
INFO: [ app_init ] --START--
INFO: Run Behavior\BuildLiteBehavior [ RunTime:0.000078s ]
INFO: [ app_init ] --END-- [ RunTime:0.001425s ]
INFO: [ app_begin ] --START--
INFO: Run Behavior\ReadHtmlCacheBehavior [ RunTime:0.000946s ]
INFO: [ app_begin ] --END-- [ RunTime:0.001212s ]
SQL: SHOW COLUMNS FROM `answer` [ RunTime:0.0795s ]
SQL: SHOW COLUMNS FROM `user` [ RunTime:0.0314s ]
SQL: select * from answer where question_id = 4 order by created_at desc limit 0,20 [ RunTime:0.0396s ]
NOTIC: [8] Undefined variable: allRet F:\wamp\www\meixue\Application\Home\Model\AnswerModel.class.php 第 32 行.
INFO: [ app_end ] --START--
INFO: Run Behavior\ShowPageTraceBehavior [ RunTime:0.001085s ]
INFO: [ app_end ] --END-- [ RunTime:0.001273s ]

[ 2016-01-12T17:57:16+08:00 ] 192.168.191.9 /meixue/index.php/home/question/questionsDetails?question_id=4
INFO: [ app_init ] --START--
INFO: Run Behavior\BuildLiteBehavior [ RunTime:0.000069s ]
INFO: [ app_init ] --END-- [ RunTime:0.001141s ]
INFO: [ app_begin ] --START--
INFO: Run Behavior\ReadHtmlCacheBehavior [ RunTime:0.001853s ]
INFO: [ app_begin ] --END-- [ RunTime:0.002308s ]
SQL: SHOW COLUMNS FROM `question` [ RunTime:0.0070s ]
SQL: SHOW COLUMNS FROM `question` [ RunTime:0.0052s ]
SQL: SELECT * FROM `question` WHERE `id` = 4  [ RunTime:0.0004s ]
SQL: SHOW COLUMNS FROM `user` [ RunTime:0.0045s ]
SQL: SELECT * FROM `user` WHERE `id` = 1  [ RunTime:0.0004s ]
INFO: [ app_end ] --START--
INFO: Run Behavior\ShowPageTraceBehavior [ RunTime:0.000829s ]
INFO: [ app_end ] --END-- [ RunTime:0.000975s ]

[ 2016-01-12T17:57:22+08:00 ] 192.168.191.9 /meixue/index.php/home/collection/collectAndDelete
INFO: [ app_init ] --START--
INFO: Run Behavior\BuildLiteBehavior [ RunTime:0.000042s ]
INFO: [ app_init ] --END-- [ RunTime:0.000633s ]
INFO: [ app_begin ] --START--
INFO: Run Behavior\ReadHtmlCacheBehavior [ RunTime:0.000844s ]
INFO: [ app_begin ] --END-- [ RunTime:0.001033s ]
SQL: SHOW COLUMNS FROM `collection` [ RunTime:0.0177s ]
SQL: select * from collection where user_id = '1' and question_id = '4'  [ RunTime:0.0004s ]
SQL: SHOW COLUMNS FROM `collection` [ RunTime:0.0058s ]
SQL: INSERT INTO `collection` (`user_id`,`question_id`,`created_at`,`updated_at`) VALUES ('1','4','2016-01-12 17:57:22','2016-01-12 17:57:22') [ RunTime:0.1513s ]
SQL: SHOW COLUMNS FROM `user` [ RunTime:0.0550s ]
SQL: UPDATE `user` SET `collected_count`=collected_count+1 WHERE ( id='1' ) [ RunTime:0.1608s ]
SQL: SHOW COLUMNS FROM `question` [ RunTime:0.1843s ]
SQL: UPDATE `question` SET `collect_count`=collect_count+1 WHERE ( id='4' ) [ RunTime:0.2333s ]
SQL: SELECT * FROM `question` WHERE `id` = 4  [ RunTime:0.0008s ]
SQL: SELECT * FROM `user` WHERE `id` = 1  [ RunTime:0.0007s ]
INFO: [ app_end ] --START--
INFO: Run Behavior\ShowPageTraceBehavior [ RunTime:0.001972s ]
INFO: [ app_end ] --END-- [ RunTime:0.002330s ]

[ 2016-01-12T18:00:22+08:00 ] 192.168.191.9 /meixue/index.php/home/answer/answerList?question_id=4&page=1
INFO: [ app_init ] --START--
INFO: Run Behavior\BuildLiteBehavior [ RunTime:0.000069s ]
INFO: [ app_init ] --END-- [ RunTime:0.001165s ]
INFO: [ app_begin ] --START--
INFO: Run Behavior\ReadHtmlCacheBehavior [ RunTime:0.000784s ]
INFO: [ app_begin ] --END-- [ RunTime:0.000938s ]
SQL: SHOW COLUMNS FROM `answer` [ RunTime:0.0185s ]
SQL: SHOW COLUMNS FROM `user` [ RunTime:1.9483s ]
SQL: select * from answer where question_id = 4 order by created_at desc limit 0,20 [ RunTime:0.0007s ]
NOTIC: [8] Undefined variable: allRet F:\wamp\www\meixue\Application\Home\Model\AnswerModel.class.php 第 32 行.
INFO: [ app_end ] --START--
INFO: Run Behavior\ShowPageTraceBehavior [ RunTime:0.001809s ]
INFO: [ app_end ] --END-- [ RunTime:0.002178s ]

[ 2016-01-12T18:00:23+08:00 ] 192.168.191.9 /meixue/index.php/home/question/questionsDetails?question_id=4
INFO: [ app_init ] --START--
INFO: Run Behavior\BuildLiteBehavior [ RunTime:0.000029s ]
INFO: [ app_init ] --END-- [ RunTime:0.000475s ]
INFO: [ app_begin ] --START--
INFO: Run Behavior\ReadHtmlCacheBehavior [ RunTime:0.001027s ]
INFO: [ app_begin ] --END-- [ RunTime:0.001267s ]
SQL: SHOW COLUMNS FROM `question` [ RunTime:0.4103s ]
SQL: SHOW COLUMNS FROM `question` [ RunTime:0.0093s ]
SQL: SELECT * FROM `question` WHERE `id` = 4  [ RunTime:0.0007s ]
SQL: SHOW COLUMNS FROM `user` [ RunTime:0.0137s ]
SQL: SELECT * FROM `user` WHERE `id` = 1  [ RunTime:0.0007s ]
INFO: [ app_end ] --START--
INFO: Run Behavior\ShowPageTraceBehavior [ RunTime:0.001857s ]
INFO: [ app_end ] --END-- [ RunTime:0.002387s ]

[ 2016-01-12T18:00:50+08:00 ] 192.168.191.9 /meixue/index.php/home/question/selectQuestionList?page=1
INFO: [ app_init ] --START--
INFO: Run Behavior\BuildLiteBehavior [ RunTime:0.000117s ]
INFO: [ app_init ] --END-- [ RunTime:0.001954s ]
INFO: [ app_begin ] --START--
INFO: Run Behavior\ReadHtmlCacheBehavior [ RunTime:0.001468s ]
INFO: [ app_begin ] --END-- [ RunTime:0.001900s ]
SQL: SHOW COLUMNS FROM `question` [ RunTime:0.0192s ]
SQL: select * from question order by created_at desc limit 0,20 [ RunTime:0.0008s ]
INFO: [ app_end ] --START--
INFO: Run Behavior\ShowPageTraceBehavior [ RunTime:0.002167s ]
INFO: [ app_end ] --END-- [ RunTime:0.002652s ]

[ 2016-01-12T18:02:25+08:00 ] 192.168.191.9 /meixue/index.php/home/answer/answerList?question_id=4&page=1
INFO: [ app_init ] --START--
INFO: Run Behavior\BuildLiteBehavior [ RunTime:0.000031s ]
INFO: [ app_init ] --END-- [ RunTime:0.000491s ]
INFO: [ app_begin ] --START--
INFO: Run Behavior\ReadHtmlCacheBehavior [ RunTime:0.000720s ]
INFO: [ app_begin ] --END-- [ RunTime:0.000868s ]
SQL: SHOW COLUMNS FROM `answer` [ RunTime:1.7298s ]
SQL: SHOW COLUMNS FROM `user` [ RunTime:0.0200s ]
SQL: select * from answer where question_id = 4 order by created_at desc limit 0,20 [ RunTime:0.0009s ]
NOTIC: [8] Undefined variable: allRet F:\wamp\www\meixue\Application\Home\Model\AnswerModel.class.php 第 32 行.
INFO: [ app_end ] --START--
INFO: Run Behavior\ShowPageTraceBehavior [ RunTime:0.002709s ]
INFO: [ app_end ] --END-- [ RunTime:0.003392s ]

[ 2016-01-12T18:02:28+08:00 ] 192.168.191.9 /meixue/index.php/home/question/questionsDetails?question_id=4
INFO: [ app_init ] --START--
INFO: Run Behavior\BuildLiteBehavior [ RunTime:0.000032s ]
INFO: [ app_init ] --END-- [ RunTime:0.000485s ]
INFO: [ app_begin ] --START--
INFO: Run Behavior\ReadHtmlCacheBehavior [ RunTime:0.000885s ]
INFO: [ app_begin ] --END-- [ RunTime:0.001062s ]
SQL: SHOW COLUMNS FROM `question` [ RunTime:0.5255s ]
SQL: SHOW COLUMNS FROM `question` [ RunTime:0.0091s ]
SQL: SELECT * FROM `question` WHERE `id` = 4  [ RunTime:0.0007s ]
SQL: SHOW COLUMNS FROM `user` [ RunTime:1.5290s ]
SQL: SELECT * FROM `user` WHERE `id` = 1  [ RunTime:0.0005s ]
INFO: [ app_end ] --START--
INFO: Run Behavior\ShowPageTraceBehavior [ RunTime:0.001096s ]
INFO: [ app_end ] --END-- [ RunTime:0.001289s ]

[ 2016-01-12T18:02:35+08:00 ] 192.168.191.9 /meixue/index.php/home/collection/collectAndDelete
INFO: [ app_init ] --START--
INFO: Run Behavior\BuildLiteBehavior [ RunTime:0.000029s ]
INFO: [ app_init ] --END-- [ RunTime:0.000489s ]
INFO: [ app_begin ] --START--
INFO: Run Behavior\ReadHtmlCacheBehavior [ RunTime:0.000591s ]
INFO: [ app_begin ] --END-- [ RunTime:0.000733s ]
SQL: SHOW COLUMNS FROM `collection` [ RunTime:0.0196s ]
SQL: select * from collection where user_id = '1' and question_id = '4'  [ RunTime:0.0007s ]
SQL: SHOW COLUMNS FROM `collection` [ RunTime:0.0068s ]
SQL: DELETE FROM `collection` WHERE `id` = 4 [ RunTime:1.2632s ]
SQL: SHOW COLUMNS FROM `user` [ RunTime:0.3762s ]
SQL: UPDATE `user` SET `collected_count`=collected_count-1 WHERE ( id='1' ) [ RunTime:1.2104s ]
SQL: SHOW COLUMNS FROM `question` [ RunTime:0.0184s ]
SQL: UPDATE `question` SET `collect_count`=collect_count-1 WHERE ( id='4' ) [ RunTime:0.7633s ]
SQL: SELECT * FROM `question` WHERE `id` = 4  [ RunTime:0.0009s ]
SQL: SELECT * FROM `user` WHERE `id` = 1  [ RunTime:0.0007s ]
INFO: [ app_end ] --START--
INFO: Run Behavior\ShowPageTraceBehavior [ RunTime:0.001845s ]
INFO: [ app_end ] --END-- [ RunTime:0.002178s ]

[ 2016-01-12T18:03:39+08:00 ] 192.168.191.9 /meixue/index.php/home/collection/collectAndDelete
INFO: [ app_init ] --START--
INFO: Run Behavior\BuildLiteBehavior [ RunTime:0.000030s ]
INFO: [ app_init ] --END-- [ RunTime:0.000930s ]
INFO: [ app_begin ] --START--
INFO: Run Behavior\ReadHtmlCacheBehavior [ RunTime:0.000596s ]
INFO: [ app_begin ] --END-- [ RunTime:0.000731s ]
SQL: SHOW COLUMNS FROM `collection` [ RunTime:0.0213s ]
SQL: select * from collection where user_id = '1' and question_id = '4'  [ RunTime:0.0007s ]
SQL: SHOW COLUMNS FROM `collection` [ RunTime:0.0103s ]
SQL: INSERT INTO `collection` (`user_id`,`question_id`,`created_at`,`updated_at`) VALUES ('1','4','2016-01-12 18:03:36','2016-01-12 18:03:36') [ RunTime:1.5971s ]
SQL: SHOW COLUMNS FROM `user` [ RunTime:0.0188s ]
SQL: UPDATE `user` SET `collected_count`=collected_count+1 WHERE ( id='1' ) [ RunTime:0.4243s ]
SQL: SHOW COLUMNS FROM `question` [ RunTime:0.3434s ]
SQL: UPDATE `question` SET `collect_count`=collect_count+1 WHERE ( id='4' ) [ RunTime:0.7332s ]
SQL: SELECT * FROM `question` WHERE `id` = 4  [ RunTime:0.0008s ]
SQL: SELECT * FROM `user` WHERE `id` = 1  [ RunTime:0.0006s ]
INFO: [ app_end ] --START--
INFO: Run Behavior\ShowPageTraceBehavior [ RunTime:0.002337s ]
INFO: [ app_end ] --END-- [ RunTime:0.002771s ]

