[ 2016-01-07T15:32:15+08:00 ] ::1 /meixue/index.php/uploads/2016-01-07/568e12b609f02.png
INFO: [ app_init ] --START--
INFO: Run Behavior\BuildLiteBehavior [ RunTime:0.000046s ]
INFO: [ app_init ] --END-- [ RunTime:0.000987s ]
ERR: 无法加载模块:Uploads

[ 2016-01-07T15:38:02+08:00 ] ::1 /meixue/index.php/2016-01-07/568e15a0f226a.png
INFO: [ app_init ] --START--
INFO: Run Behavior\BuildLiteBehavior [ RunTime:0.000125s ]
INFO: [ app_init ] --END-- [ RunTime:0.001623s ]
ERR: 无法加载模块:2016-01-07

[ 2016-01-07T15:45:25+08:00 ] ::1 /meixue/index.php/2016-01-07/568e1678a8207.jpg
INFO: [ app_init ] --START--
INFO: Run Behavior\BuildLiteBehavior [ RunTime:0.000030s ]
INFO: [ app_init ] --END-- [ RunTime:0.000574s ]
ERR: 无法加载模块:2016-01-07

[ 2016-01-07T15:45:37+08:00 ] ::1 /meixue/index.php/2016-01-07/568e1678a8207.jpg
INFO: [ app_init ] --START--
INFO: Run Behavior\BuildLiteBehavior [ RunTime:0.000032s ]
INFO: [ app_init ] --END-- [ RunTime:0.000532s ]
ERR: 无法加载模块:2016-01-07

[ 2016-01-07T16:24:22+08:00 ] ::1 /meixue/index.php/2016-01-07/568e1678a8207.jpg
INFO: [ app_init ] --START--
INFO: Run Behavior\BuildLiteBehavior [ RunTime:0.000031s ]
INFO: [ app_init ] --END-- [ RunTime:0.000556s ]
ERR: 无法加载模块:2016-01-07

[ 2016-01-07T16:34:52+08:00 ] ::1 /meixue/index.php/Public/Upload/2016-01-07/568e21ae607b9.jpg
INFO: [ app_init ] --START--
INFO: Run Behavior\BuildLiteBehavior [ RunTime:0.000044s ]
INFO: [ app_init ] --END-- [ RunTime:0.000639s ]
ERR: 无法加载模块:Public

[ 2016-01-07T16:39:10+08:00 ] ::1 /meixue/index.php/Public/Upload/2016-01-07/568e21ae607b9.jpg
INFO: [ app_init ] --START--
INFO: Run Behavior\BuildLiteBehavior [ RunTime:0.000037s ]
INFO: [ app_init ] --END-- [ RunTime:0.000593s ]
ERR: 无法加载模块:Public

[ 2016-01-07T16:43:26+08:00 ] ::1 /meixue/index.php/Public/Upload/2016-01-07/568e21ae607b9.jpg
INFO: [ app_init ] --START--
INFO: Run Behavior\BuildLiteBehavior [ RunTime:0.000042s ]
INFO: [ app_init ] --END-- [ RunTime:0.000536s ]
ERR: 无法加载模块:Public

[ 2016-01-07T16:43:54+08:00 ] ::1 /meixue/index.php/Public/Upload/2016-01-07/568e21ae607b9.jpg
INFO: [ app_init ] --START--
INFO: Run Behavior\BuildLiteBehavior [ RunTime:0.000030s ]
INFO: [ app_init ] --END-- [ RunTime:0.000464s ]
ERR: 无法加载模块:Public

